<?xml version="1.0" encoding="UTF-8"?>
<coverage generated="1674993083316" clover="3.2.0">
  <project timestamp="1674993083317" name="All files">
    <metrics statements="880" coveredstatements="806" conditionals="258" coveredconditionals="178" methods="84" coveredmethods="84" elements="1222" coveredelements="1068" complexity="0" loc="880" ncloc="880" packages="8" files="20" classes="20"/>
    <package name="src">
      <metrics statements="15" coveredstatements="15" conditionals="0" coveredconditionals="0" methods="0" coveredmethods="0"/>
      <file name="app.js" path="/home/naveen/assignment/src/app.js">
        <metrics statements="15" coveredstatements="15" conditionals="0" coveredconditionals="0" methods="0" coveredmethods="0"/>
        <line num="3" count="3" type="stmt"/>
        <line num="5" count="3" type="stmt"/>
        <line num="7" count="3" type="stmt"/>
        <line num="9" count="3" type="stmt"/>
        <line num="10" count="3" type="stmt"/>
        <line num="11" count="3" type="stmt"/>
        <line num="12" count="3" type="stmt"/>
        <line num="14" count="3" type="stmt"/>
        <line num="19" count="3" type="stmt"/>
        <line num="20" count="3" type="stmt"/>
        <line num="23" count="3" type="stmt"/>
        <line num="26" count="3" type="stmt"/>
        <line num="27" count="3" type="stmt"/>
        <line num="30" count="3" type="stmt"/>
        <line num="32" count="3" type="stmt"/>
      </file>
    </package>
    <package name="src.controller">
      <metrics statements="56" coveredstatements="50" conditionals="4" coveredconditionals="2" methods="6" coveredmethods="6"/>
      <file name="accountController.js" path="/home/naveen/assignment/src/controller/accountController.js">
        <metrics statements="10" coveredstatements="9" conditionals="0" coveredconditionals="0" methods="1" coveredmethods="1"/>
        <line num="1" count="3" type="stmt"/>
        <line num="3" count="3" type="stmt"/>
        <line num="4" count="17" type="stmt"/>
        <line num="5" count="17" type="stmt"/>
        <line num="6" count="17" type="stmt"/>
        <line num="7" count="17" type="stmt"/>
        <line num="8" count="17" type="stmt"/>
        <line num="11" count="17" type="stmt"/>
        <line num="13" count="0" type="stmt"/>
        <line num="19" count="3" type="stmt"/>
      </file>
      <file name="detailsController.js" path="/home/naveen/assignment/src/controller/detailsController.js">
        <metrics statements="19" coveredstatements="17" conditionals="4" coveredconditionals="2" methods="2" coveredmethods="2"/>
        <line num="1" count="3" type="stmt"/>
        <line num="3" count="3" type="stmt"/>
        <line num="4" count="1" type="stmt"/>
        <line num="5" count="1" type="stmt"/>
        <line num="6" count="1" type="stmt"/>
        <line num="7" count="1" type="stmt"/>
        <line num="9" count="0" type="stmt"/>
        <line num="13" count="3" type="stmt"/>
        <line num="14" count="1" type="stmt"/>
        <line num="15" count="1" type="cond" truecount="1" falsecount="1"/>
        <line num="16" count="1" type="stmt"/>
        <line num="18" count="1" type="cond" truecount="1" falsecount="1"/>
        <line num="19" count="1" type="stmt"/>
        <line num="23" count="1" type="stmt"/>
        <line num="24" count="1" type="stmt"/>
        <line num="25" count="1" type="stmt"/>
        <line num="26" count="1" type="stmt"/>
        <line num="28" count="0" type="stmt"/>
        <line num="32" count="3" type="stmt"/>
      </file>
      <file name="transactionController.js" path="/home/naveen/assignment/src/controller/transactionController.js">
        <metrics statements="12" coveredstatements="11" conditionals="0" coveredconditionals="0" methods="1" coveredmethods="1"/>
        <line num="2" count="3" type="stmt"/>
        <line num="4" count="3" type="stmt"/>
        <line num="5" count="16" type="stmt"/>
        <line num="6" count="16" type="stmt"/>
        <line num="7" count="16" type="stmt"/>
        <line num="8" count="16" type="stmt"/>
        <line num="9" count="16" type="stmt"/>
        <line num="10" count="16" type="stmt"/>
        <line num="11" count="16" type="stmt"/>
        <line num="14" count="16" type="stmt"/>
        <line num="16" count="0" type="stmt"/>
        <line num="20" count="3" type="stmt"/>
      </file>
      <file name="userProfileController.js" path="/home/naveen/assignment/src/controller/userProfileController.js">
        <metrics statements="15" coveredstatements="13" conditionals="0" coveredconditionals="0" methods="2" coveredmethods="2"/>
        <line num="3" count="3" type="stmt"/>
        <line num="5" count="3" type="stmt"/>
        <line num="6" count="10" type="stmt"/>
        <line num="9" count="10" type="stmt"/>
        <line num="10" count="10" type="stmt"/>
        <line num="11" count="10" type="stmt"/>
        <line num="14" count="10" type="stmt"/>
        <line num="16" count="0" type="stmt"/>
        <line num="20" count="3" type="stmt"/>
        <line num="21" count="5" type="stmt"/>
        <line num="22" count="5" type="stmt"/>
        <line num="23" count="5" type="stmt"/>
        <line num="24" count="5" type="stmt"/>
        <line num="26" count="0" type="stmt"/>
        <line num="30" count="3" type="stmt"/>
      </file>
    </package>
    <package name="src.db">
      <metrics statements="6" coveredstatements="6" conditionals="0" coveredconditionals="0" methods="0" coveredmethods="0"/>
      <file name="connection.js" path="/home/naveen/assignment/src/db/connection.js">
        <metrics statements="6" coveredstatements="6" conditionals="0" coveredconditionals="0" methods="0" coveredmethods="0"/>
        <line num="1" count="8" type="stmt"/>
        <line num="2" count="8" type="stmt"/>
        <line num="5" count="8" type="stmt"/>
        <line num="6" count="8" type="stmt"/>
        <line num="7" count="8" type="stmt"/>
        <line num="16" count="8" type="stmt"/>
      </file>
    </package>
    <package name="src.middleware">
      <metrics statements="16" coveredstatements="15" conditionals="2" coveredconditionals="1" methods="1" coveredmethods="1"/>
      <file name="auth.js" path="/home/naveen/assignment/src/middleware/auth.js">
        <metrics statements="16" coveredstatements="15" conditionals="2" coveredconditionals="1" methods="1" coveredmethods="1"/>
        <line num="1" count="3" type="stmt"/>
        <line num="2" count="3" type="stmt"/>
        <line num="3" count="3" type="stmt"/>
        <line num="5" count="3" type="stmt"/>
        <line num="6" count="3" type="stmt"/>
        <line num="8" count="3" type="stmt"/>
        <line num="9" count="36" type="stmt"/>
        <line num="10" count="36" type="stmt"/>
        <line num="11" count="36" type="stmt"/>
        <line num="13" count="35" type="stmt"/>
        <line num="15" count="35" type="cond" truecount="1" falsecount="1"/>
        <line num="16" count="35" type="stmt"/>
        <line num="18" count="35" type="stmt"/>
        <line num="20" count="0" type="stmt"/>
        <line num="23" count="1" type="stmt"/>
        <line num="29" count="3" type="stmt"/>
      </file>
    </package>
    <package name="src.models">
      <metrics statements="217" coveredstatements="199" conditionals="57" coveredconditionals="31" methods="31" coveredmethods="31"/>
      <file name="accountsModel.js" path="/home/naveen/assignment/src/models/accountsModel.js">
        <metrics statements="45" coveredstatements="39" conditionals="8" coveredconditionals="4" methods="7" coveredmethods="7"/>
        <line num="2" count="6" type="stmt"/>
        <line num="4" count="6" type="stmt"/>
        <line num="5" count="46" type="stmt"/>
        <line num="9" count="46" type="stmt"/>
        <line num="12" count="6" type="stmt"/>
        <line num="13" count="50" type="stmt"/>
        <line num="17" count="50" type="stmt"/>
        <line num="20" count="6" type="stmt"/>
        <line num="21" count="1" type="stmt"/>
        <line num="25" count="1" type="stmt"/>
        <line num="28" count="6" type="stmt"/>
        <line num="29" count="234" type="stmt"/>
        <line num="34" count="234" type="stmt"/>
        <line num="37" count="6" type="stmt"/>
        <line num="38" count="1" type="stmt"/>
        <line num="44" count="1" type="stmt"/>
        <line num="47" count="6" type="stmt"/>
        <line num="53" count="45" type="stmt"/>
        <line num="54" count="45" type="stmt"/>
        <line num="55" count="45" type="stmt"/>
        <line num="56" count="45" type="stmt"/>
        <line num="60" count="45" type="cond" truecount="1" falsecount="1"/>
        <line num="61" count="0" type="stmt"/>
        <line num="64" count="45" type="stmt"/>
        <line num="68" count="45" type="cond" truecount="1" falsecount="1"/>
        <line num="69" count="0" type="stmt"/>
        <line num="72" count="45" type="stmt"/>
        <line num="73" count="45" type="stmt"/>
        <line num="75" count="0" type="stmt"/>
        <line num="76" count="0" type="stmt"/>
        <line num="78" count="45" type="stmt"/>
        <line num="82" count="6" type="stmt"/>
        <line num="88" count="47" type="stmt"/>
        <line num="89" count="47" type="stmt"/>
        <line num="90" count="47" type="stmt"/>
        <line num="91" count="47" type="stmt"/>
        <line num="95" count="47" type="cond" truecount="1" falsecount="1"/>
        <line num="97" count="47" type="stmt"/>
        <line num="101" count="47" type="cond" truecount="1" falsecount="1"/>
        <line num="103" count="47" type="stmt"/>
        <line num="104" count="47" type="stmt"/>
        <line num="106" count="0" type="stmt"/>
        <line num="107" count="0" type="stmt"/>
        <line num="109" count="47" type="stmt"/>
        <line num="113" count="6" type="stmt"/>
      </file>
      <file name="atmModel.js" path="/home/naveen/assignment/src/models/atmModel.js">
        <metrics statements="8" coveredstatements="8" conditionals="0" coveredconditionals="0" methods="2" coveredmethods="2"/>
        <line num="1" count="6" type="stmt"/>
        <line num="3" count="6" type="stmt"/>
        <line num="4" count="17" type="stmt"/>
        <line num="9" count="17" type="stmt"/>
        <line num="12" count="6" type="stmt"/>
        <line num="13" count="22" type="stmt"/>
        <line num="18" count="22" type="stmt"/>
        <line num="21" count="6" type="stmt"/>
      </file>
      <file name="loanAccountModel.js" path="/home/naveen/assignment/src/models/loanAccountModel.js">
        <metrics statements="18" coveredstatements="18" conditionals="0" coveredconditionals="0" methods="5" coveredmethods="5"/>
        <line num="2" count="6" type="stmt"/>
        <line num="3" count="6" type="stmt"/>
        <line num="5" count="6" type="stmt"/>
        <line num="6" count="1" type="stmt"/>
        <line num="14" count="1" type="stmt"/>
        <line num="17" count="6" type="stmt"/>
        <line num="18" count="3" type="stmt"/>
        <line num="28" count="3" type="stmt"/>
        <line num="31" count="6" type="stmt"/>
        <line num="32" count="1" type="stmt"/>
        <line num="38" count="1" type="stmt"/>
        <line num="41" count="6" type="stmt"/>
        <line num="42" count="1" type="stmt"/>
        <line num="50" count="1" type="stmt"/>
        <line num="53" count="6" type="stmt"/>
        <line num="54" count="33" type="stmt"/>
        <line num="62" count="33" type="stmt"/>
        <line num="65" count="6" type="stmt"/>
      </file>
      <file name="transactionModel.js" path="/home/naveen/assignment/src/models/transactionModel.js">
        <metrics statements="135" coveredstatements="123" conditionals="49" coveredconditionals="27" methods="14" coveredmethods="14"/>
        <line num="3" count="6" type="stmt"/>
        <line num="4" count="6" type="stmt"/>
        <line num="5" count="6" type="stmt"/>
        <line num="7" count="6" type="cond" truecount="0" falsecount="2"/>
        <line num="8" count="1" type="stmt"/>
        <line num="16" count="1" type="stmt"/>
        <line num="19" count="6" type="stmt"/>
        <line num="20" count="12" type="stmt"/>
        <line num="25" count="12" type="stmt"/>
        <line num="28" count="6" type="stmt"/>
        <line num="29" count="1" type="stmt"/>
        <line num="37" count="1" type="stmt"/>
        <line num="40" count="6" type="stmt"/>
        <line num="41" count="20" type="stmt"/>
        <line num="49" count="20" type="stmt"/>
        <line num="52" count="6" type="stmt"/>
        <line num="53" count="16" type="stmt"/>
        <line num="61" count="16" type="stmt"/>
        <line num="64" count="6" type="stmt"/>
        <line num="65" count="3" type="stmt"/>
        <line num="73" count="3" type="stmt"/>
        <line num="76" count="6" type="stmt"/>
        <line num="77" count="1" type="stmt"/>
        <line num="78" count="1" type="stmt"/>
        <line num="79" count="1" type="stmt"/>
        <line num="87" count="1" type="stmt"/>
        <line num="90" count="6" type="stmt"/>
        <line num="98" count="2" type="stmt"/>
        <line num="99" count="2" type="stmt"/>
        <line num="100" count="2" type="stmt"/>
        <line num="101" count="2" type="stmt"/>
        <line num="108" count="2" type="stmt"/>
        <line num="115" count="2" type="stmt"/>
        <line num="122" count="2" type="cond" truecount="4" falsecount="1"/>
        <line num="124" count="2" type="cond" truecount="1" falsecount="1"/>
        <line num="126" count="2" type="stmt"/>
        <line num="130" count="2" type="cond" truecount="1" falsecount="1"/>
        <line num="132" count="2" type="cond" truecount="1" falsecount="1"/>
        <line num="134" count="2" type="stmt"/>
        <line num="138" count="2" type="cond" truecount="1" falsecount="1"/>
        <line num="140" count="2" type="stmt"/>
        <line num="141" count="2" type="stmt"/>
        <line num="143" count="0" type="stmt"/>
        <line num="144" count="0" type="stmt"/>
        <line num="146" count="2" type="stmt"/>
        <line num="150" count="6" type="stmt"/>
        <line num="160" count="15" type="stmt"/>
        <line num="161" count="15" type="stmt"/>
        <line num="162" count="15" type="stmt"/>
        <line num="164" count="15" type="cond" truecount="2" falsecount="0"/>
        <line num="166" count="1" type="stmt"/>
        <line num="172" count="1" type="cond" truecount="1" falsecount="1"/>
        <line num="173" count="1" type="stmt"/>
        <line num="176" count="15" type="stmt"/>
        <line num="182" count="15" type="cond" truecount="1" falsecount="1"/>
        <line num="184" count="15" type="stmt"/>
        <line num="188" count="15" type="cond" truecount="1" falsecount="1"/>
        <line num="190" count="15" type="stmt"/>
        <line num="191" count="15" type="stmt"/>
        <line num="193" count="0" type="stmt"/>
        <line num="194" count="0" type="stmt"/>
        <line num="196" count="15" type="stmt"/>
        <line num="200" count="6" type="stmt"/>
        <line num="209" count="3" type="stmt"/>
        <line num="210" count="3" type="stmt"/>
        <line num="211" count="3" type="stmt"/>
        <line num="212" count="3" type="stmt"/>
        <line num="214" count="3" type="stmt"/>
        <line num="220" count="3" type="cond" truecount="1" falsecount="1"/>
        <line num="222" count="3" type="stmt"/>
        <line num="226" count="3" type="cond" truecount="1" falsecount="1"/>
        <line num="228" count="3" type="stmt"/>
        <line num="229" count="3" type="stmt"/>
        <line num="231" count="0" type="stmt"/>
        <line num="232" count="0" type="stmt"/>
        <line num="234" count="3" type="stmt"/>
        <line num="238" count="6" type="stmt"/>
        <line num="247" count="12" type="stmt"/>
        <line num="248" count="12" type="stmt"/>
        <line num="249" count="12" type="stmt"/>
        <line num="250" count="12" type="stmt"/>
        <line num="252" count="12" type="stmt"/>
        <line num="258" count="12" type="cond" truecount="1" falsecount="1"/>
        <line num="260" count="12" type="stmt"/>
        <line num="264" count="12" type="cond" truecount="1" falsecount="1"/>
        <line num="266" count="12" type="cond" truecount="2" falsecount="0"/>
        <line num="267" count="1" type="stmt"/>
        <line num="273" count="1" type="cond" truecount="1" falsecount="1"/>
        <line num="276" count="12" type="stmt"/>
        <line num="277" count="12" type="stmt"/>
        <line num="279" count="0" type="stmt"/>
        <line num="280" count="0" type="stmt"/>
        <line num="282" count="12" type="stmt"/>
        <line num="286" count="6" type="stmt"/>
        <line num="297" count="2" type="stmt"/>
        <line num="298" count="2" type="stmt"/>
        <line num="299" count="2" type="stmt"/>
        <line num="301" count="2" type="stmt"/>
        <line num="307" count="2" type="cond" truecount="1" falsecount="1"/>
        <line num="309" count="2" type="stmt"/>
        <line num="315" count="2" type="cond" truecount="1" falsecount="1"/>
        <line num="317" count="2" type="stmt"/>
        <line num="321" count="2" type="cond" truecount="1" falsecount="1"/>
        <line num="323" count="2" type="stmt"/>
        <line num="324" count="2" type="stmt"/>
        <line num="326" count="0" type="stmt"/>
        <line num="327" count="0" type="stmt"/>
        <line num="329" count="2" type="stmt"/>
        <line num="333" count="6" type="stmt"/>
        <line num="342" count="3" type="stmt"/>
        <line num="343" count="3" type="stmt"/>
        <line num="344" count="3" type="stmt"/>
        <line num="346" count="3" type="stmt"/>
        <line num="352" count="1" type="cond" truecount="1" falsecount="1"/>
        <line num="354" count="1" type="stmt"/>
        <line num="358" count="1" type="cond" truecount="1" falsecount="1"/>
        <line num="360" count="1" type="stmt"/>
        <line num="361" count="1" type="stmt"/>
        <line num="363" count="2" type="stmt"/>
        <line num="364" count="2" type="stmt"/>
        <line num="366" count="3" type="stmt"/>
        <line num="370" count="6" type="stmt"/>
        <line num="379" count="1" type="stmt"/>
        <line num="380" count="1" type="stmt"/>
        <line num="381" count="1" type="stmt"/>
        <line num="383" count="1" type="stmt"/>
        <line num="389" count="1" type="cond" truecount="1" falsecount="1"/>
        <line num="391" count="1" type="stmt"/>
        <line num="395" count="1" type="cond" truecount="1" falsecount="1"/>
        <line num="397" count="1" type="stmt"/>
        <line num="398" count="1" type="stmt"/>
        <line num="400" count="0" type="stmt"/>
        <line num="401" count="0" type="stmt"/>
        <line num="403" count="1" type="stmt"/>
        <line num="407" count="6" type="stmt"/>
      </file>
      <file name="userModel.js" path="/home/naveen/assignment/src/models/userModel.js">
        <metrics statements="11" coveredstatements="11" conditionals="0" coveredconditionals="0" methods="3" coveredmethods="3"/>
        <line num="2" count="8" type="stmt"/>
        <line num="4" count="8" type="stmt"/>
        <line num="5" count="207" type="stmt"/>
        <line num="9" count="207" type="stmt"/>
        <line num="12" count="8" type="stmt"/>
        <line num="13" count="56" type="stmt"/>
        <line num="17" count="56" type="stmt"/>
        <line num="20" count="8" type="stmt"/>
        <line num="21" count="53" type="stmt"/>
        <line num="25" count="53" type="stmt"/>
        <line num="28" count="8" type="stmt"/>
      </file>
    </package>
    <package name="src.services">
      <metrics statements="468" coveredstatements="422" conditionals="173" coveredconditionals="128" methods="35" coveredmethods="35"/>
      <file name="accountServices.js" path="/home/naveen/assignment/src/services/accountServices.js">
        <metrics statements="182" coveredstatements="170" conditionals="76" coveredconditionals="63" methods="11" coveredmethods="11"/>
        <line num="5" count="6" type="stmt"/>
        <line num="6" count="6" type="stmt"/>
        <line num="7" count="6" type="stmt"/>
        <line num="10" count="6" type="stmt"/>
        <line num="13" count="6" type="stmt"/>
        <line num="14" count="6" type="stmt"/>
        <line num="17" count="6" type="stmt"/>
        <line num="18" count="6" type="stmt"/>
        <line num="20" count="6" type="stmt"/>
        <line num="21" count="150" type="cond" truecount="4" falsecount="0"/>
        <line num="22" count="1" type="stmt"/>
        <line num="23" count="149" type="cond" truecount="4" falsecount="0"/>
        <line num="24" count="2" type="stmt"/>
        <line num="26" count="147" type="stmt"/>
        <line num="29" count="6" type="stmt"/>
        <line num="30" count="49" type="cond" truecount="2" falsecount="0"/>
        <line num="31" count="47" type="stmt"/>
        <line num="33" count="2" type="stmt"/>
        <line num="36" count="6" type="stmt"/>
        <line num="37" count="48" type="cond" truecount="2" falsecount="0"/>
        <line num="38" count="1" type="stmt"/>
        <line num="41" count="47" type="stmt"/>
        <line num="42" count="47" type="stmt"/>
        <line num="43" count="47" type="stmt"/>
        <line num="46" count="47" type="stmt"/>
        <line num="49" count="6" type="stmt"/>
        <line num="50" count="47" type="cond" truecount="2" falsecount="0"/>
        <line num="51" count="1" type="stmt"/>
        <line num="54" count="46" type="stmt"/>
        <line num="55" count="46" type="cond" truecount="1" falsecount="1"/>
        <line num="56" count="0" type="stmt"/>
        <line num="58" count="46" type="stmt"/>
        <line num="61" count="6" type="stmt"/>
        <line num="63" count="49" type="stmt"/>
        <line num="66" count="49" type="cond" truecount="2" falsecount="0"/>
        <line num="67" count="1" type="stmt"/>
        <line num="69" count="48" type="cond" truecount="2" falsecount="0"/>
        <line num="70" count="1" type="stmt"/>
        <line num="74" count="47" type="stmt"/>
        <line num="75" count="47" type="cond" truecount="2" falsecount="0"/>
        <line num="76" count="1" type="stmt"/>
        <line num="79" count="46" type="stmt"/>
        <line num="80" count="46" type="cond" truecount="2" falsecount="0"/>
        <line num="81" count="1" type="stmt"/>
        <line num="83" count="45" type="stmt"/>
        <line num="85" count="45" type="stmt"/>
        <line num="86" count="45" type="stmt"/>
        <line num="87" count="45" type="stmt"/>
        <line num="90" count="45" type="stmt"/>
        <line num="93" count="6" type="stmt"/>
        <line num="94" count="150" type="stmt"/>
        <line num="95" count="150" type="stmt"/>
        <line num="96" count="150" type="stmt"/>
        <line num="99" count="150" type="stmt"/>
        <line num="100" count="150" type="cond" truecount="2" falsecount="0"/>
        <line num="101" count="2" type="stmt"/>
        <line num="104" count="148" type="stmt"/>
        <line num="105" count="148" type="stmt"/>
        <line num="107" count="148" type="cond" truecount="2" falsecount="0"/>
        <line num="108" count="2" type="stmt"/>
        <line num="111" count="146" type="stmt"/>
        <line num="112" count="146" type="cond" truecount="2" falsecount="0"/>
        <line num="114" count="144" type="stmt"/>
        <line num="115" count="144" type="stmt"/>
        <line num="118" count="144" type="cond" truecount="2" falsecount="0"/>
        <line num="119" count="48" type="stmt"/>
        <line num="120" count="48" type="stmt"/>
        <line num="122" count="96" type="cond" truecount="2" falsecount="0"/>
        <line num="123" count="47" type="stmt"/>
        <line num="124" count="47" type="stmt"/>
        <line num="126" count="49" type="cond" truecount="1" falsecount="1"/>
        <line num="127" count="49" type="stmt"/>
        <line num="128" count="49" type="stmt"/>
        <line num="129" count="49" type="stmt"/>
        <line num="133" count="6" type="stmt"/>
        <line num="134" count="19" type="stmt"/>
        <line num="135" count="19" type="stmt"/>
        <line num="136" count="19" type="stmt"/>
        <line num="138" count="19" type="stmt"/>
        <line num="143" count="19" type="stmt"/>
        <line num="146" count="6" type="stmt"/>
        <line num="147" count="1" type="stmt"/>
        <line num="148" count="1" type="cond" truecount="1" falsecount="1"/>
        <line num="149" count="0" type="stmt"/>
        <line num="151" count="1" type="stmt"/>
        <line num="152" count="1" type="stmt"/>
        <line num="153" count="1" type="stmt"/>
        <line num="156" count="6" type="stmt"/>
        <line num="157" count="2" type="stmt"/>
        <line num="158" count="2" type="stmt"/>
        <line num="159" count="2" type="stmt"/>
        <line num="160" count="2" type="stmt"/>
        <line num="161" count="2" type="stmt"/>
        <line num="162" count="2" type="stmt"/>
        <line num="164" count="2" type="stmt"/>
        <line num="166" count="2" type="stmt"/>
        <line num="168" count="2" type="stmt"/>
        <line num="169" count="2" type="stmt"/>
        <line num="170" count="57" type="stmt"/>
        <line num="172" count="2" type="stmt"/>
        <line num="174" count="2" type="stmt"/>
        <line num="175" count="2" type="stmt"/>
        <line num="176" count="2" type="stmt"/>
        <line num="184" count="2" type="stmt"/>
        <line num="187" count="2" type="cond" truecount="2" falsecount="0"/>
        <line num="188" count="1" type="stmt"/>
        <line num="189" count="1" type="stmt"/>
        <line num="197" count="1" type="stmt"/>
        <line num="199" count="1" type="stmt"/>
        <line num="202" count="6" type="stmt"/>
        <line num="203" count="3" type="stmt"/>
        <line num="204" count="3" type="stmt"/>
        <line num="205" count="3" type="stmt"/>
        <line num="207" count="3" type="stmt"/>
        <line num="208" count="3" type="stmt"/>
        <line num="209" count="3" type="stmt"/>
        <line num="210" count="3" type="stmt"/>
        <line num="213" count="3" type="stmt"/>
        <line num="214" count="3" type="stmt"/>
        <line num="216" count="3" type="cond" truecount="7" falsecount="0"/>
        <line num="218" count="1" type="stmt"/>
        <line num="219" count="1" type="stmt"/>
        <line num="222" count="2" type="cond" truecount="5" falsecount="0"/>
        <line num="224" count="1" type="stmt"/>
        <line num="226" count="1" type="cond" truecount="1" falsecount="1"/>
        <line num="228" count="0" type="stmt"/>
        <line num="231" count="1" type="cond" truecount="1" falsecount="1"/>
        <line num="233" count="0" type="stmt"/>
        <line num="236" count="1" type="cond" truecount="3" falsecount="1"/>
        <line num="238" count="0" type="stmt"/>
        <line num="241" count="1" type="stmt"/>
        <line num="242" count="1" type="stmt"/>
        <line num="243" count="1" type="cond" truecount="1" falsecount="1"/>
        <line num="244" count="1" type="stmt"/>
        <line num="246" count="0" type="stmt"/>
        <line num="248" count="1" type="stmt"/>
        <line num="249" count="1" type="stmt"/>
        <line num="250" count="1" type="stmt"/>
        <line num="251" count="182" type="stmt"/>
        <line num="252" count="182" type="stmt"/>
        <line num="255" count="1" type="stmt"/>
        <line num="256" count="1" type="stmt"/>
        <line num="257" count="1" type="stmt"/>
        <line num="258" count="1" type="stmt"/>
        <line num="259" count="1" type="stmt"/>
        <line num="260" count="182" type="cond" truecount="2" falsecount="2"/>
        <line num="261" count="0" type="stmt"/>
        <line num="262" count="0" type="stmt"/>
        <line num="265" count="1" type="stmt"/>
        <line num="266" count="1" type="stmt"/>
        <line num="267" count="1" type="stmt"/>
        <line num="268" count="1" type="stmt"/>
        <line num="276" count="1" type="stmt"/>
        <line num="279" count="6" type="stmt"/>
        <line num="280" count="1" type="stmt"/>
        <line num="281" count="1" type="stmt"/>
        <line num="282" count="1" type="stmt"/>
        <line num="283" count="1" type="stmt"/>
        <line num="284" count="1" type="stmt"/>
        <line num="285" count="1" type="stmt"/>
        <line num="286" count="1" type="stmt"/>
        <line num="288" count="1" type="stmt"/>
        <line num="289" count="1" type="stmt"/>
        <line num="291" count="1" type="stmt"/>
        <line num="293" count="1" type="stmt"/>
        <line num="294" count="1" type="cond" truecount="1" falsecount="1"/>
        <line num="296" count="1" type="stmt"/>
        <line num="297" count="1" type="cond" truecount="1" falsecount="1"/>
        <line num="298" count="0" type="stmt"/>
        <line num="300" count="1" type="stmt"/>
        <line num="303" count="1" type="stmt"/>
        <line num="305" count="1" type="stmt"/>
        <line num="306" count="1" type="stmt"/>
        <line num="307" count="1" type="stmt"/>
        <line num="308" count="28" type="cond" truecount="3" falsecount="1"/>
        <line num="309" count="28" type="stmt"/>
        <line num="314" count="1" type="cond" truecount="1" falsecount="1"/>
        <line num="315" count="0" type="stmt"/>
        <line num="316" count="0" type="stmt"/>
        <line num="324" count="0" type="stmt"/>
        <line num="326" count="1" type="stmt"/>
        <line num="329" count="6" type="stmt"/>
      </file>
      <file name="atmServices.js" path="/home/naveen/assignment/src/services/atmServices.js">
        <metrics statements="23" coveredstatements="21" conditionals="6" coveredconditionals="4" methods="3" coveredmethods="3"/>
        <line num="1" count="6" type="stmt"/>
        <line num="2" count="6" type="stmt"/>
        <line num="4" count="6" type="stmt"/>
        <line num="5" count="47" type="stmt"/>
        <line num="6" count="47" type="stmt"/>
        <line num="8" count="47" type="stmt"/>
        <line num="9" count="47" type="stmt"/>
        <line num="10" count="47" type="stmt"/>
        <line num="11" count="47" type="stmt"/>
        <line num="12" count="47" type="stmt"/>
        <line num="13" count="47" type="stmt"/>
        <line num="15" count="47" type="stmt"/>
        <line num="20" count="6" type="stmt"/>
        <line num="21" count="22" type="stmt"/>
        <line num="22" count="22" type="stmt"/>
        <line num="25" count="6" type="stmt"/>
        <line num="26" count="17" type="stmt"/>
        <line num="27" count="17" type="cond" truecount="1" falsecount="1"/>
        <line num="28" count="0" type="stmt"/>
        <line num="30" count="17" type="cond" truecount="3" falsecount="1"/>
        <line num="31" count="17" type="stmt"/>
        <line num="33" count="0" type="stmt"/>
        <line num="36" count="6" type="stmt"/>
      </file>
      <file name="transactionServices.js" path="/home/naveen/assignment/src/services/transactionServices.js">
        <metrics statements="202" coveredstatements="173" conditionals="77" coveredconditionals="49" methods="14" coveredmethods="14"/>
        <line num="5" count="6" type="stmt"/>
        <line num="6" count="6" type="stmt"/>
        <line num="9" count="6" type="stmt"/>
        <line num="12" count="6" type="stmt"/>
        <line num="15" count="6" type="stmt"/>
        <line num="16" count="6" type="stmt"/>
        <line num="18" count="6" type="stmt"/>
        <line num="19" count="1" type="stmt"/>
        <line num="20" count="1" type="stmt"/>
        <line num="21" count="1" type="stmt"/>
        <line num="22" count="1" type="stmt"/>
        <line num="23" count="1" type="stmt"/>
        <line num="26" count="6" type="stmt"/>
        <line num="27" count="80" type="stmt"/>
        <line num="28" count="80" type="stmt"/>
        <line num="31" count="6" type="stmt"/>
        <line num="32" count="48" type="stmt"/>
        <line num="33" count="48" type="stmt"/>
        <line num="34" count="48" type="stmt"/>
        <line num="35" count="96" type="stmt"/>
        <line num="37" count="48" type="stmt"/>
        <line num="40" count="6" type="stmt"/>
        <line num="41" count="1" type="stmt"/>
        <line num="42" count="1" type="stmt"/>
        <line num="45" count="6" type="stmt"/>
        <line num="46" count="20" type="stmt"/>
        <line num="47" count="20" type="stmt"/>
        <line num="48" count="20" type="stmt"/>
        <line num="49" count="20" type="stmt"/>
        <line num="50" count="20" type="stmt"/>
        <line num="51" count="20" type="stmt"/>
        <line num="54" count="6" type="stmt"/>
        <line num="55" count="16" type="stmt"/>
        <line num="56" count="16" type="stmt"/>
        <line num="57" count="16" type="stmt"/>
        <line num="58" count="16" type="stmt"/>
        <line num="59" count="16" type="stmt"/>
        <line num="62" count="6" type="stmt"/>
        <line num="63" count="3" type="stmt"/>
        <line num="65" count="3" type="stmt"/>
        <line num="66" count="3" type="stmt"/>
        <line num="68" count="3" type="stmt"/>
        <line num="69" count="3" type="stmt"/>
        <line num="72" count="3" type="cond" truecount="2" falsecount="0"/>
        <line num="75" count="2" type="stmt"/>
        <line num="76" count="56" type="stmt"/>
        <line num="78" count="2" type="stmt"/>
        <line num="81" count="1" type="stmt"/>
        <line num="82" count="2" type="stmt"/>
        <line num="83" count="2" type="stmt"/>
        <line num="84" count="2" type="stmt"/>
        <line num="86" count="2" type="cond" truecount="2" falsecount="0"/>
        <line num="87" count="1" type="stmt"/>
        <line num="89" count="2" type="stmt"/>
        <line num="90" count="2" type="stmt"/>
        <line num="93" count="1" type="stmt"/>
        <line num="94" count="28" type="cond" truecount="1" falsecount="1"/>
        <line num="96" count="0" type="stmt"/>
        <line num="97" count="0" type="cond" truecount="0" falsecount="3"/>
        <line num="98" count="0" type="stmt"/>
        <line num="99" count="0" type="stmt"/>
        <line num="103" count="0" type="stmt"/>
        <line num="104" count="0" type="cond" truecount="0" falsecount="3"/>
        <line num="105" count="0" type="stmt"/>
        <line num="106" count="0" type="stmt"/>
        <line num="110" count="1" type="stmt"/>
        <line num="113" count="6" type="stmt"/>
        <line num="114" count="1" type="stmt"/>
        <line num="115" count="1" type="stmt"/>
        <line num="116" count="1" type="stmt"/>
        <line num="118" count="1" type="stmt"/>
        <line num="119" count="1" type="stmt"/>
        <line num="120" count="1" type="stmt"/>
        <line num="123" count="1" type="cond" truecount="1" falsecount="1"/>
        <line num="126" count="0" type="stmt"/>
        <line num="127" count="0" type="stmt"/>
        <line num="129" count="0" type="stmt"/>
        <line num="132" count="1" type="stmt"/>
        <line num="133" count="1" type="stmt"/>
        <line num="135" count="1" type="stmt"/>
        <line num="138" count="1" type="stmt"/>
        <line num="140" count="1" type="cond" truecount="1" falsecount="1"/>
        <line num="141" count="1" type="stmt"/>
        <line num="143" count="1" type="stmt"/>
        <line num="144" count="1" type="stmt"/>
        <line num="147" count="1" type="stmt"/>
        <line num="148" count="182" type="cond" truecount="1" falsecount="1"/>
        <line num="150" count="0" type="stmt"/>
        <line num="151" count="0" type="cond" truecount="0" falsecount="3"/>
        <line num="152" count="0" type="stmt"/>
        <line num="153" count="0" type="stmt"/>
        <line num="157" count="0" type="stmt"/>
        <line num="158" count="0" type="cond" truecount="0" falsecount="3"/>
        <line num="159" count="0" type="stmt"/>
        <line num="160" count="0" type="stmt"/>
        <line num="164" count="1" type="stmt"/>
        <line num="167" count="6" type="stmt"/>
        <line num="169" count="14" type="stmt"/>
        <line num="170" count="14" type="cond" truecount="1" falsecount="1"/>
        <line num="171" count="0" type="stmt"/>
        <line num="175" count="14" type="stmt"/>
        <line num="176" count="14" type="cond" truecount="2" falsecount="0"/>
        <line num="177" count="2" type="stmt"/>
        <line num="181" count="12" type="stmt"/>
        <line num="182" count="12" type="cond" truecount="2" falsecount="0"/>
        <line num="183" count="12" type="stmt"/>
        <line num="184" count="12" type="cond" truecount="1" falsecount="1"/>
        <line num="185" count="0" type="stmt"/>
        <line num="188" count="12" type="stmt"/>
        <line num="189" count="12" type="stmt"/>
        <line num="190" count="12" type="stmt"/>
        <line num="191" count="12" type="stmt"/>
        <line num="199" count="12" type="stmt"/>
        <line num="202" count="6" type="stmt"/>
        <line num="203" count="2" type="stmt"/>
        <line num="206" count="2" type="cond" truecount="1" falsecount="1"/>
        <line num="207" count="0" type="stmt"/>
        <line num="209" count="2" type="stmt"/>
        <line num="210" count="2" type="stmt"/>
        <line num="211" count="2" type="stmt"/>
        <line num="214" count="2" type="stmt"/>
        <line num="216" count="2" type="stmt"/>
        <line num="226" count="2" type="stmt"/>
        <line num="229" count="6" type="stmt"/>
        <line num="230" count="4" type="stmt"/>
        <line num="231" count="4" type="stmt"/>
        <line num="233" count="4" type="cond" truecount="1" falsecount="1"/>
        <line num="234" count="0" type="stmt"/>
        <line num="236" count="4" type="cond" truecount="5" falsecount="0"/>
        <line num="237" count="1" type="stmt"/>
        <line num="240" count="3" type="stmt"/>
        <line num="241" count="3" type="stmt"/>
        <line num="242" count="3" type="stmt"/>
        <line num="243" count="3" type="cond" truecount="1" falsecount="1"/>
        <line num="244" count="0" type="stmt"/>
        <line num="247" count="3" type="stmt"/>
        <line num="248" count="3" type="stmt"/>
        <line num="249" count="3" type="stmt"/>
        <line num="250" count="3" type="stmt"/>
        <line num="258" count="3" type="stmt"/>
        <line num="261" count="6" type="stmt"/>
        <line num="264" count="16" type="stmt"/>
        <line num="266" count="16" type="stmt"/>
        <line num="267" count="16" type="cond" truecount="1" falsecount="1"/>
        <line num="268" count="0" type="stmt"/>
        <line num="271" count="16" type="stmt"/>
        <line num="272" count="16" type="cond" truecount="1" falsecount="1"/>
        <line num="273" count="0" type="stmt"/>
        <line num="276" count="16" type="cond" truecount="4" falsecount="0"/>
        <line num="277" count="1" type="stmt"/>
        <line num="280" count="15" type="stmt"/>
        <line num="281" count="15" type="stmt"/>
        <line num="283" count="15" type="stmt"/>
        <line num="284" count="15" type="cond" truecount="1" falsecount="1"/>
        <line num="285" count="0" type="stmt"/>
        <line num="289" count="15" type="stmt"/>
        <line num="290" count="15" type="stmt"/>
        <line num="292" count="15" type="stmt"/>
        <line num="293" count="15" type="stmt"/>
        <line num="294" count="15" type="stmt"/>
        <line num="303" count="15" type="stmt"/>
        <line num="306" count="6" type="stmt"/>
        <line num="307" count="4" type="stmt"/>
        <line num="309" count="4" type="stmt"/>
        <line num="310" count="4" type="stmt"/>
        <line num="312" count="4" type="stmt"/>
        <line num="313" count="4" type="stmt"/>
        <line num="315" count="4" type="cond" truecount="2" falsecount="0"/>
        <line num="316" count="1" type="stmt"/>
        <line num="318" count="3" type="cond" truecount="2" falsecount="0"/>
        <line num="319" count="1" type="stmt"/>
        <line num="323" count="2" type="stmt"/>
        <line num="324" count="2" type="cond" truecount="1" falsecount="1"/>
        <line num="325" count="0" type="stmt"/>
        <line num="328" count="2" type="stmt"/>
        <line num="329" count="2" type="stmt"/>
        <line num="331" count="2" type="stmt"/>
        <line num="332" count="2" type="stmt"/>
        <line num="333" count="2" type="stmt"/>
        <line num="345" count="2" type="stmt"/>
        <line num="348" count="6" type="stmt"/>
        <line num="351" count="40" type="cond" truecount="2" falsecount="0"/>
        <line num="352" count="24" type="stmt"/>
        <line num="354" count="24" type="cond" truecount="2" falsecount="0"/>
        <line num="356" count="4" type="stmt"/>
        <line num="357" count="4" type="stmt"/>
        <line num="359" count="20" type="cond" truecount="4" falsecount="0"/>
        <line num="361" count="16" type="stmt"/>
        <line num="362" count="16" type="stmt"/>
        <line num="365" count="16" type="stmt"/>
        <line num="367" count="4" type="cond" truecount="1" falsecount="1"/>
        <line num="369" count="4" type="stmt"/>
        <line num="370" count="4" type="stmt"/>
        <line num="373" count="16" type="cond" truecount="1" falsecount="1"/>
        <line num="375" count="16" type="cond" truecount="2" falsecount="0"/>
        <line num="377" count="14" type="stmt"/>
        <line num="378" count="14" type="stmt"/>
        <line num="380" count="2" type="cond" truecount="3" falsecount="1"/>
        <line num="381" count="2" type="stmt"/>
        <line num="382" count="2" type="stmt"/>
        <line num="385" count="0" type="stmt"/>
        <line num="388" count="6" type="stmt"/>
      </file>
      <file name="userProfleServices.js" path="/home/naveen/assignment/src/services/userProfleServices.js">
        <metrics statements="54" coveredstatements="51" conditionals="12" coveredconditionals="10" methods="6" coveredmethods="6"/>
        <line num="2" count="7" type="stmt"/>
        <line num="3" count="7" type="stmt"/>
        <line num="5" count="7" type="stmt"/>
        <line num="6" count="7" type="stmt"/>
        <line num="7" count="7" type="stmt"/>
        <line num="8" count="7" type="stmt"/>
        <line num="10" count="7" type="stmt"/>
        <line num="11" count="7" type="stmt"/>
        <line num="13" count="7" type="stmt"/>
        <line num="14" count="151" type="stmt"/>
        <line num="15" count="151" type="stmt"/>
        <line num="18" count="7" type="stmt"/>
        <line num="19" count="21" type="stmt"/>
        <line num="20" count="21" type="cond" truecount="2" falsecount="0"/>
        <line num="21" count="20" type="stmt"/>
        <line num="22" count="20" type="cond" truecount="2" falsecount="0"/>
        <line num="23" count="18" type="stmt"/>
        <line num="26" count="3" type="stmt"/>
        <line num="29" count="7" type="stmt"/>
        <line num="32" count="53" type="stmt"/>
        <line num="33" count="53" type="stmt"/>
        <line num="34" count="53" type="stmt"/>
        <line num="35" count="53" type="stmt"/>
        <line num="36" count="53" type="cond" truecount="1" falsecount="1"/>
        <line num="37" count="53" type="stmt"/>
        <line num="39" count="0" type="stmt"/>
        <line num="41" count="0" type="stmt"/>
        <line num="45" count="7" type="stmt"/>
        <line num="46" count="18" type="stmt"/>
        <line num="47" count="18" type="stmt"/>
        <line num="54" count="18" type="stmt"/>
        <line num="57" count="7" type="stmt"/>
        <line num="60" count="58" type="stmt"/>
        <line num="61" count="58" type="stmt"/>
        <line num="62" count="58" type="stmt"/>
        <line num="65" count="58" type="stmt"/>
        <line num="66" count="58" type="cond" truecount="2" falsecount="0"/>
        <line num="69" count="52" type="stmt"/>
        <line num="72" count="52" type="cond" truecount="1" falsecount="1"/>
        <line num="73" count="52" type="stmt"/>
        <line num="78" count="0" type="stmt"/>
        <line num="84" count="7" type="stmt"/>
        <line num="85" count="19" type="stmt"/>
        <line num="86" count="19" type="stmt"/>
        <line num="87" count="19" type="stmt"/>
        <line num="88" count="19" type="stmt"/>
        <line num="89" count="19" type="cond" truecount="2" falsecount="0"/>
        <line num="90" count="2" type="stmt"/>
        <line num="97" count="17" type="stmt"/>
        <line num="98" count="17" type="stmt"/>
        <line num="99" count="17" type="stmt"/>
        <line num="100" count="17" type="stmt"/>
        <line num="101" count="17" type="stmt"/>
        <line num="104" count="7" type="stmt"/>
      </file>
      <file name="userServices.js" path="/home/naveen/assignment/src/services/userServices.js">
        <metrics statements="7" coveredstatements="7" conditionals="2" coveredconditionals="2" methods="1" coveredmethods="1"/>
        <line num="1" count="8" type="stmt"/>
        <line num="3" count="8" type="stmt"/>
        <line num="4" count="56" type="stmt"/>
        <line num="5" count="56" type="cond" truecount="2" falsecount="0"/>
        <line num="6" count="2" type="stmt"/>
        <line num="8" count="54" type="stmt"/>
        <line num="11" count="8" type="stmt"/>
      </file>
    </package>
    <package name="src.utils">
      <metrics statements="89" coveredstatements="86" conditionals="18" coveredconditionals="12" methods="9" coveredmethods="9"/>
      <file name="constants.js" path="/home/naveen/assignment/src/utils/constants.js">
        <metrics statements="27" coveredstatements="27" conditionals="0" coveredconditionals="0" methods="0" coveredmethods="0"/>
        <line num="1" count="6" type="stmt"/>
        <line num="2" count="6" type="stmt"/>
        <line num="3" count="6" type="stmt"/>
        <line num="4" count="6" type="stmt"/>
        <line num="5" count="6" type="stmt"/>
        <line num="7" count="6" type="stmt"/>
        <line num="13" count="6" type="stmt"/>
        <line num="24" count="6" type="stmt"/>
        <line num="30" count="6" type="stmt"/>
        <line num="31" count="6" type="stmt"/>
        <line num="32" count="6" type="stmt"/>
        <line num="33" count="6" type="stmt"/>
        <line num="34" count="6" type="stmt"/>
        <line num="35" count="6" type="stmt"/>
        <line num="36" count="6" type="stmt"/>
        <line num="37" count="6" type="stmt"/>
        <line num="38" count="6" type="stmt"/>
        <line num="39" count="6" type="stmt"/>
        <line num="40" count="6" type="stmt"/>
        <line num="41" count="6" type="stmt"/>
        <line num="42" count="6" type="stmt"/>
        <line num="43" count="6" type="stmt"/>
        <line num="44" count="6" type="stmt"/>
        <line num="45" count="6" type="stmt"/>
        <line num="46" count="6" type="stmt"/>
        <line num="47" count="6" type="stmt"/>
        <line num="49" count="6" type="stmt"/>
      </file>
      <file name="utils.js" path="/home/naveen/assignment/src/utils/utils.js">
        <metrics statements="62" coveredstatements="59" conditionals="18" coveredconditionals="12" methods="9" coveredmethods="9"/>
        <line num="1" count="8" type="stmt"/>
        <line num="2" count="220" type="stmt"/>
        <line num="3" count="220" type="stmt"/>
        <line num="5" count="220" type="stmt"/>
        <line num="6" count="220" type="stmt"/>
        <line num="7" count="5500" type="stmt"/>
        <line num="9" count="220" type="stmt"/>
        <line num="12" count="8" type="stmt"/>
        <line num="13" count="193" type="stmt"/>
        <line num="14" count="193" type="stmt"/>
        <line num="15" count="193" type="stmt"/>
        <line num="16" count="193" type="stmt"/>
        <line num="18" count="193" type="cond" truecount="1" falsecount="1"/>
        <line num="19" count="193" type="cond" truecount="1" falsecount="1"/>
        <line num="21" count="193" type="stmt"/>
        <line num="24" count="8" type="stmt"/>
        <line num="25" count="1" type="stmt"/>
        <line num="26" count="1" type="stmt"/>
        <line num="27" count="1" type="stmt"/>
        <line num="30" count="8" type="stmt"/>
        <line num="31" count="218" type="stmt"/>
        <line num="32" count="218" type="stmt"/>
        <line num="33" count="218" type="stmt"/>
        <line num="34" count="1667" type="stmt"/>
        <line num="35" count="1667" type="cond" truecount="3" falsecount="1"/>
        <line num="36" count="0" type="stmt"/>
        <line num="37" count="1667" type="cond" truecount="4" falsecount="0"/>
        <line num="38" count="1660" type="stmt"/>
        <line num="41" count="218" type="stmt"/>
        <line num="44" count="8" type="stmt"/>
        <line num="45" count="149" type="stmt"/>
        <line num="46" count="149" type="stmt"/>
        <line num="47" count="149" type="stmt"/>
        <line num="49" count="149" type="stmt"/>
        <line num="50" count="149" type="stmt"/>
        <line num="51" count="149" type="stmt"/>
        <line num="52" count="149" type="stmt"/>
        <line num="54" count="149" type="stmt"/>
        <line num="55" count="149" type="cond" truecount="1" falsecount="1"/>
        <line num="56" count="0" type="stmt"/>
        <line num="58" count="149" type="cond" truecount="2" falsecount="2"/>
        <line num="59" count="0" type="stmt"/>
        <line num="61" count="149" type="stmt"/>
        <line num="64" count="8" type="stmt"/>
        <line num="66" count="8" type="stmt"/>
        <line num="67" count="474" type="stmt"/>
        <line num="68" count="474" type="stmt"/>
        <line num="69" count="474" type="stmt"/>
        <line num="70" count="474" type="stmt"/>
        <line num="71" count="3738" type="stmt"/>
        <line num="73" count="474" type="stmt"/>
        <line num="76" count="8" type="stmt"/>
        <line num="77" count="190" type="stmt"/>
        <line num="78" count="190" type="stmt"/>
        <line num="80" count="190" type="stmt"/>
        <line num="81" count="190" type="stmt"/>
        <line num="83" count="190" type="stmt"/>
        <line num="84" count="190" type="stmt"/>
        <line num="87" count="8" type="stmt"/>
        <line num="88" count="41" type="stmt"/>
        <line num="89" count="41" type="stmt"/>
        <line num="92" count="8" type="stmt"/>
      </file>
    </package>
    <package name="src.validation">
      <metrics statements="13" coveredstatements="13" conditionals="4" coveredconditionals="4" methods="2" coveredmethods="2"/>
      <file name="users.js" path="/home/naveen/assignment/src/validation/users.js">
        <metrics statements="13" coveredstatements="13" conditionals="4" coveredconditionals="4" methods="2" coveredmethods="2"/>
        <line num="3" count="8" type="stmt"/>
        <line num="4" count="8" type="stmt"/>
        <line num="6" count="8" type="stmt"/>
        <line num="7" count="60" type="stmt"/>
        <line num="17" count="60" type="stmt"/>
        <line num="20" count="8" type="stmt"/>
        <line num="21" count="60" type="cond" truecount="2" falsecount="0"/>
        <line num="22" count="6" type="stmt"/>
        <line num="24" count="54" type="stmt"/>
        <line num="25" count="54" type="cond" truecount="2" falsecount="0"/>
        <line num="26" count="1" type="stmt"/>
        <line num="28" count="53" type="stmt"/>
        <line num="31" count="8" type="stmt"/>
      </file>
    </package>
  </project>
</coverage>
