{"/home/naveen/assignment/src/app.js": {"path":"/home/naveen/assignment/src/app.js","statementMap":{"0":{"start":{"line":3,"column":16},"end":{"line":3,"column":34}},"1":{"start":{"line":5,"column":12},"end":{"line":5,"column":21}},"2":{"start":{"line":7,"column":0},"end":{"line":7,"column":24}},"3":{"start":{"line":9,"column":26},"end":{"line":9,"column":67}},"4":{"start":{"line":10,"column":27},"end":{"line":10,"column":72}},"5":{"start":{"line":11,"column":43},"end":{"line":11,"column":84}},"6":{"start":{"line":12,"column":33},"end":{"line":12,"column":78}},"7":{"start":{"line":14,"column":23},"end":{"line":14,"column":51}},"8":{"start":{"line":19,"column":0},"end":{"line":19,"column":32}},"9":{"start":{"line":20,"column":0},"end":{"line":20,"column":32}},"10":{"start":{"line":23,"column":0},"end":{"line":23,"column":56}},"11":{"start":{"line":26,"column":0},"end":{"line":26,"column":59}},"12":{"start":{"line":27,"column":0},"end":{"line":27,"column":54}},"13":{"start":{"line":30,"column":0},"end":{"line":30,"column":62}},"14":{"start":{"line":32,"column":0},"end":{"line":32,"column":21}}},"fnMap":{},"branchMap":{},"s":{"0":3,"1":3,"2":3,"3":3,"4":3,"5":3,"6":3,"7":3,"8":3,"9":3,"10":3,"11":3,"12":3,"13":3,"14":3},"f":{},"b":{},"_coverageSchema":"1a1c01bbd47fc00a2c39e90264f33305004495a9","hash":"6ddaba3eabef5d13e628ef93230bd8205941f8ad"}
,"/home/naveen/assignment/src/controller/accountController.js": {"path":"/home/naveen/assignment/src/controller/accountController.js","statementMap":{"0":{"start":{"line":1,"column":30},"end":{"line":1,"column":68}},"1":{"start":{"line":3,"column":22},"end":{"line":17,"column":1}},"2":{"start":{"line":4,"column":2},"end":{"line":16,"column":3}},"3":{"start":{"line":5,"column":37},"end":{"line":5,"column":45}},"4":{"start":{"line":6,"column":24},"end":{"line":6,"column":45}},"5":{"start":{"line":7,"column":21},"end":{"line":7,"column":39}},"6":{"start":{"line":8,"column":38},"end":{"line":10,"column":6}},"7":{"start":{"line":11,"column":4},"end":{"line":11,"column":47}},"8":{"start":{"line":13,"column":4},"end":{"line":15,"column":7}},"9":{"start":{"line":19,"column":0},"end":{"line":21,"column":2}}},"fnMap":{"0":{"name":"(anonymous_0)","decl":{"start":{"line":3,"column":22},"end":{"line":3,"column":23}},"loc":{"start":{"line":3,"column":42},"end":{"line":17,"column":1}},"line":3}},"branchMap":{},"s":{"0":3,"1":3,"2":13,"3":13,"4":13,"5":13,"6":13,"7":13,"8":0,"9":3},"f":{"0":13},"b":{},"_coverageSchema":"1a1c01bbd47fc00a2c39e90264f33305004495a9","hash":"bc484c82424f456bfcf55d89d7ef329e0a9342b8"}
,"/home/naveen/assignment/src/controller/detailsController.js": {"path":"/home/naveen/assignment/src/controller/detailsController.js","statementMap":{"0":{"start":{"line":1,"column":50},"end":{"line":1,"column":88}},"1":{"start":{"line":3,"column":26},"end":{"line":13,"column":1}},"2":{"start":{"line":4,"column":2},"end":{"line":12,"column":3}},"3":{"start":{"line":5,"column":19},"end":{"line":5,"column":27}},"4":{"start":{"line":6,"column":41},"end":{"line":6,"column":71}},"5":{"start":{"line":7,"column":4},"end":{"line":7,"column":50}},"6":{"start":{"line":9,"column":4},"end":{"line":11,"column":7}},"7":{"start":{"line":15,"column":20},"end":{"line":33,"column":1}},"8":{"start":{"line":16,"column":2},"end":{"line":32,"column":3}},"9":{"start":{"line":17,"column":4},"end":{"line":19,"column":5}},"10":{"start":{"line":18,"column":6},"end":{"line":18,"column":24}},"11":{"start":{"line":20,"column":4},"end":{"line":22,"column":5}},"12":{"start":{"line":21,"column":6},"end":{"line":21,"column":25}},"13":{"start":{"line":25,"column":8},"end":{"line":25,"column":16}},"14":{"start":{"line":26,"column":33},"end":{"line":26,"column":83}},"15":{"start":{"line":27,"column":4},"end":{"line":27,"column":42}},"16":{"start":{"line":29,"column":4},"end":{"line":31,"column":7}},"17":{"start":{"line":35,"column":0},"end":{"line":38,"column":2}}},"fnMap":{"0":{"name":"(anonymous_0)","decl":{"start":{"line":3,"column":26},"end":{"line":3,"column":27}},"loc":{"start":{"line":3,"column":46},"end":{"line":13,"column":1}},"line":3},"1":{"name":"(anonymous_1)","decl":{"start":{"line":15,"column":20},"end":{"line":15,"column":21}},"loc":{"start":{"line":15,"column":40},"end":{"line":33,"column":1}},"line":15}},"branchMap":{"0":{"loc":{"start":{"line":17,"column":4},"end":{"line":19,"column":5}},"type":"if","locations":[{"start":{"line":17,"column":4},"end":{"line":19,"column":5}},{"start":{},"end":{}}],"line":17},"1":{"loc":{"start":{"line":20,"column":4},"end":{"line":22,"column":5}},"type":"if","locations":[{"start":{"line":20,"column":4},"end":{"line":22,"column":5}},{"start":{},"end":{}}],"line":20}},"s":{"0":3,"1":3,"2":1,"3":1,"4":1,"5":1,"6":0,"7":3,"8":2,"9":2,"10":1,"11":2,"12":1,"13":2,"14":2,"15":2,"16":0,"17":3},"f":{"0":1,"1":2},"b":{"0":[1,1],"1":[1,1]},"_coverageSchema":"1a1c01bbd47fc00a2c39e90264f33305004495a9","hash":"3953e53ad972f07b46b22cfa2f477fb1e85f597d"}
,"/home/naveen/assignment/src/controller/transactionController.js": {"path":"/home/naveen/assignment/src/controller/transactionController.js","statementMap":{"0":{"start":{"line":2,"column":31},"end":{"line":2,"column":73}},"1":{"start":{"line":4,"column":29},"end":{"line":19,"column":1}},"2":{"start":{"line":5,"column":2},"end":{"line":18,"column":3}},"3":{"start":{"line":6,"column":27},"end":{"line":6,"column":35}},"4":{"start":{"line":7,"column":24},"end":{"line":7,"column":45}},"5":{"start":{"line":8,"column":23},"end":{"line":8,"column":43}},"6":{"start":{"line":9,"column":20},"end":{"line":9,"column":28}},"7":{"start":{"line":10,"column":29},"end":{"line":10,"column":55}},"8":{"start":{"line":11,"column":39},"end":{"line":13,"column":6}},"9":{"start":{"line":14,"column":4},"end":{"line":14,"column":48}},"10":{"start":{"line":16,"column":4},"end":{"line":16,"column":23}},"11":{"start":{"line":17,"column":4},"end":{"line":17,"column":78}},"12":{"start":{"line":21,"column":0},"end":{"line":23,"column":2}}},"fnMap":{"0":{"name":"(anonymous_0)","decl":{"start":{"line":4,"column":29},"end":{"line":4,"column":30}},"loc":{"start":{"line":4,"column":49},"end":{"line":19,"column":1}},"line":4}},"branchMap":{},"s":{"0":3,"1":3,"2":4,"3":4,"4":4,"5":4,"6":4,"7":4,"8":4,"9":4,"10":0,"11":0,"12":3},"f":{"0":4},"b":{},"_coverageSchema":"1a1c01bbd47fc00a2c39e90264f33305004495a9","hash":"3e4d4ae0a1de116e552290323fb1a5e679fce1be"}
,"/home/naveen/assignment/src/controller/userProfileController.js": {"path":"/home/naveen/assignment/src/controller/userProfileController.js","statementMap":{"0":{"start":{"line":3,"column":4},"end":{"line":3,"column":45}},"1":{"start":{"line":5,"column":15},"end":{"line":21,"column":1}},"2":{"start":{"line":6,"column":2},"end":{"line":20,"column":3}},"3":{"start":{"line":9,"column":8},"end":{"line":9,"column":16}},"4":{"start":{"line":10,"column":20},"end":{"line":10,"column":37}},"5":{"start":{"line":11,"column":27},"end":{"line":13,"column":6}},"6":{"start":{"line":14,"column":4},"end":{"line":14,"column":36}},"7":{"start":{"line":16,"column":4},"end":{"line":16,"column":23}},"8":{"start":{"line":17,"column":4},"end":{"line":19,"column":7}},"9":{"start":{"line":23,"column":15},"end":{"line":33,"column":1}},"10":{"start":{"line":24,"column":2},"end":{"line":32,"column":3}},"11":{"start":{"line":25,"column":35},"end":{"line":25,"column":43}},"12":{"start":{"line":26,"column":27},"end":{"line":26,"column":67}},"13":{"start":{"line":27,"column":4},"end":{"line":27,"column":36}},"14":{"start":{"line":29,"column":4},"end":{"line":31,"column":7}},"15":{"start":{"line":35,"column":0},"end":{"line":37,"column":2}}},"fnMap":{"0":{"name":"(anonymous_0)","decl":{"start":{"line":5,"column":15},"end":{"line":5,"column":16}},"loc":{"start":{"line":5,"column":35},"end":{"line":21,"column":1}},"line":5},"1":{"name":"(anonymous_1)","decl":{"start":{"line":23,"column":15},"end":{"line":23,"column":16}},"loc":{"start":{"line":23,"column":35},"end":{"line":33,"column":1}},"line":23}},"branchMap":{},"s":{"0":3,"1":3,"2":10,"3":10,"4":10,"5":10,"6":10,"7":0,"8":0,"9":3,"10":5,"11":5,"12":5,"13":5,"14":0,"15":3},"f":{"0":10,"1":5},"b":{},"_coverageSchema":"1a1c01bbd47fc00a2c39e90264f33305004495a9","hash":"fd96e355f684bf6c2352c2620d5c51531b337e56"}
,"/home/naveen/assignment/src/db/connection.js": {"path":"/home/naveen/assignment/src/db/connection.js","statementMap":{"0":{"start":{"line":1,"column":17},"end":{"line":1,"column":30}},"1":{"start":{"line":2,"column":0},"end":{"line":2,"column":27}},"2":{"start":{"line":5,"column":21},"end":{"line":5,"column":51}},"3":{"start":{"line":6,"column":13},"end":{"line":13,"column":2}},"4":{"start":{"line":15,"column":0},"end":{"line":15,"column":26}}},"fnMap":{},"branchMap":{},"s":{"0":8,"1":8,"2":8,"3":8,"4":8},"f":{},"b":{},"_coverageSchema":"1a1c01bbd47fc00a2c39e90264f33305004495a9","hash":"ad06402791447cb34fe856a48459d4d1029ec749"}
,"/home/naveen/assignment/src/middleware/auth.js": {"path":"/home/naveen/assignment/src/middleware/auth.js","statementMap":{"0":{"start":{"line":1,"column":12},"end":{"line":1,"column":35}},"1":{"start":{"line":2,"column":15},"end":{"line":2,"column":32}},"2":{"start":{"line":3,"column":37},"end":{"line":3,"column":67}},"3":{"start":{"line":5,"column":0},"end":{"line":5,"column":16}},"4":{"start":{"line":6,"column":15},"end":{"line":6,"column":33}},"5":{"start":{"line":8,"column":23},"end":{"line":27,"column":1}},"6":{"start":{"line":9,"column":2},"end":{"line":26,"column":3}},"7":{"start":{"line":10,"column":18},"end":{"line":10,"column":59}},"8":{"start":{"line":11,"column":20},"end":{"line":11,"column":45}},"9":{"start":{"line":13,"column":17},"end":{"line":13,"column":53}},"10":{"start":{"line":15,"column":4},"end":{"line":21,"column":5}},"11":{"start":{"line":16,"column":6},"end":{"line":16,"column":31}},"12":{"start":{"line":18,"column":6},"end":{"line":18,"column":13}},"13":{"start":{"line":20,"column":6},"end":{"line":20,"column":52}},"14":{"start":{"line":23,"column":4},"end":{"line":25,"column":7}},"15":{"start":{"line":29,"column":0},"end":{"line":29,"column":32}}},"fnMap":{"0":{"name":"(anonymous_0)","decl":{"start":{"line":8,"column":23},"end":{"line":8,"column":24}},"loc":{"start":{"line":8,"column":49},"end":{"line":27,"column":1}},"line":8}},"branchMap":{"0":{"loc":{"start":{"line":15,"column":4},"end":{"line":21,"column":5}},"type":"if","locations":[{"start":{"line":15,"column":4},"end":{"line":21,"column":5}},{"start":{"line":19,"column":11},"end":{"line":21,"column":5}}],"line":15}},"s":{"0":3,"1":3,"2":3,"3":3,"4":3,"5":3,"6":21,"7":21,"8":21,"9":20,"10":20,"11":20,"12":20,"13":0,"14":1,"15":3},"f":{"0":21},"b":{"0":[20,0]},"_coverageSchema":"1a1c01bbd47fc00a2c39e90264f33305004495a9","hash":"de6e5b05d9bbe889c4dd5889687767ccc3889a36"}
,"/home/naveen/assignment/src/models/accountsModel.js": {"path":"/home/naveen/assignment/src/models/accountsModel.js","statementMap":{"0":{"start":{"line":2,"column":17},"end":{"line":2,"column":44}},"1":{"start":{"line":4,"column":27},"end":{"line":10,"column":1}},"2":{"start":{"line":5,"column":17},"end":{"line":8,"column":3}},"3":{"start":{"line":9,"column":2},"end":{"line":9,"column":16}},"4":{"start":{"line":12,"column":26},"end":{"line":18,"column":1}},"5":{"start":{"line":13,"column":17},"end":{"line":16,"column":3}},"6":{"start":{"line":17,"column":2},"end":{"line":17,"column":21}},"7":{"start":{"line":20,"column":30},"end":{"line":26,"column":1}},"8":{"start":{"line":21,"column":17},"end":{"line":24,"column":3}},"9":{"start":{"line":25,"column":2},"end":{"line":25,"column":16}},"10":{"start":{"line":28,"column":41},"end":{"line":35,"column":1}},"11":{"start":{"line":29,"column":17},"end":{"line":33,"column":3}},"12":{"start":{"line":34,"column":2},"end":{"line":34,"column":24}},"13":{"start":{"line":37,"column":26},"end":{"line":45,"column":1}},"14":{"start":{"line":38,"column":17},"end":{"line":43,"column":3}},"15":{"start":{"line":44,"column":2},"end":{"line":44,"column":16}},"16":{"start":{"line":47,"column":21},"end":{"line":55,"column":1}},"17":{"start":{"line":48,"column":17},"end":{"line":53,"column":3}},"18":{"start":{"line":54,"column":2},"end":{"line":54,"column":16}},"19":{"start":{"line":57,"column":25},"end":{"line":91,"column":1}},"20":{"start":{"line":63,"column":2},"end":{"line":90,"column":3}},"21":{"start":{"line":64,"column":4},"end":{"line":64,"column":34}},"22":{"start":{"line":65,"column":4},"end":{"line":65,"column":32}},"23":{"start":{"line":66,"column":20},"end":{"line":69,"column":5}},"24":{"start":{"line":70,"column":4},"end":{"line":72,"column":5}},"25":{"start":{"line":71,"column":6},"end":{"line":71,"column":24}},"26":{"start":{"line":74,"column":20},"end":{"line":77,"column":5}},"27":{"start":{"line":78,"column":4},"end":{"line":80,"column":5}},"28":{"start":{"line":79,"column":6},"end":{"line":79,"column":24}},"29":{"start":{"line":82,"column":4},"end":{"line":82,"column":33}},"30":{"start":{"line":83,"column":4},"end":{"line":83,"column":56}},"31":{"start":{"line":85,"column":4},"end":{"line":85,"column":35}},"32":{"start":{"line":87,"column":4},"end":{"line":87,"column":64}},"33":{"start":{"line":89,"column":4},"end":{"line":89,"column":21}},"34":{"start":{"line":93,"column":28},"end":{"line":127,"column":1}},"35":{"start":{"line":99,"column":2},"end":{"line":126,"column":3}},"36":{"start":{"line":100,"column":4},"end":{"line":100,"column":34}},"37":{"start":{"line":101,"column":4},"end":{"line":101,"column":32}},"38":{"start":{"line":102,"column":20},"end":{"line":105,"column":5}},"39":{"start":{"line":106,"column":4},"end":{"line":108,"column":5}},"40":{"start":{"line":107,"column":6},"end":{"line":107,"column":24}},"41":{"start":{"line":110,"column":20},"end":{"line":113,"column":5}},"42":{"start":{"line":114,"column":4},"end":{"line":116,"column":5}},"43":{"start":{"line":115,"column":6},"end":{"line":115,"column":24}},"44":{"start":{"line":118,"column":4},"end":{"line":118,"column":33}},"45":{"start":{"line":119,"column":4},"end":{"line":119,"column":56}},"46":{"start":{"line":121,"column":4},"end":{"line":121,"column":35}},"47":{"start":{"line":123,"column":4},"end":{"line":123,"column":64}},"48":{"start":{"line":125,"column":4},"end":{"line":125,"column":21}},"49":{"start":{"line":129,"column":0},"end":{"line":138,"column":2}}},"fnMap":{"0":{"name":"(anonymous_0)","decl":{"start":{"line":4,"column":27},"end":{"line":4,"column":28}},"loc":{"start":{"line":4,"column":96},"end":{"line":10,"column":1}},"line":4},"1":{"name":"(anonymous_1)","decl":{"start":{"line":12,"column":26},"end":{"line":12,"column":27}},"loc":{"start":{"line":12,"column":44},"end":{"line":18,"column":1}},"line":12},"2":{"name":"(anonymous_2)","decl":{"start":{"line":20,"column":30},"end":{"line":20,"column":31}},"loc":{"start":{"line":20,"column":53},"end":{"line":26,"column":1}},"line":20},"3":{"name":"(anonymous_3)","decl":{"start":{"line":28,"column":41},"end":{"line":28,"column":42}},"loc":{"start":{"line":28,"column":72},"end":{"line":35,"column":1}},"line":28},"4":{"name":"(anonymous_4)","decl":{"start":{"line":37,"column":26},"end":{"line":37,"column":27}},"loc":{"start":{"line":37,"column":72},"end":{"line":45,"column":1}},"line":37},"5":{"name":"(anonymous_5)","decl":{"start":{"line":47,"column":21},"end":{"line":47,"column":22}},"loc":{"start":{"line":47,"column":67},"end":{"line":55,"column":1}},"line":47},"6":{"name":"(anonymous_6)","decl":{"start":{"line":57,"column":25},"end":{"line":57,"column":26}},"loc":{"start":{"line":61,"column":5},"end":{"line":91,"column":1}},"line":61},"7":{"name":"(anonymous_7)","decl":{"start":{"line":93,"column":28},"end":{"line":93,"column":29}},"loc":{"start":{"line":97,"column":5},"end":{"line":127,"column":1}},"line":97}},"branchMap":{"0":{"loc":{"start":{"line":70,"column":4},"end":{"line":72,"column":5}},"type":"if","locations":[{"start":{"line":70,"column":4},"end":{"line":72,"column":5}},{"start":{},"end":{}}],"line":70},"1":{"loc":{"start":{"line":78,"column":4},"end":{"line":80,"column":5}},"type":"if","locations":[{"start":{"line":78,"column":4},"end":{"line":80,"column":5}},{"start":{},"end":{}}],"line":78},"2":{"loc":{"start":{"line":106,"column":4},"end":{"line":108,"column":5}},"type":"if","locations":[{"start":{"line":106,"column":4},"end":{"line":108,"column":5}},{"start":{},"end":{}}],"line":106},"3":{"loc":{"start":{"line":114,"column":4},"end":{"line":116,"column":5}},"type":"if","locations":[{"start":{"line":114,"column":4},"end":{"line":116,"column":5}},{"start":{},"end":{}}],"line":114}},"s":{"0":6,"1":6,"2":7,"3":7,"4":6,"5":7,"6":7,"7":6,"8":0,"9":0,"10":6,"11":52,"12":52,"13":6,"14":2,"15":2,"16":6,"17":2,"18":2,"19":6,"20":4,"21":4,"22":4,"23":4,"24":4,"25":0,"26":4,"27":4,"28":0,"29":4,"30":4,"31":0,"32":0,"33":4,"34":6,"35":8,"36":8,"37":8,"38":8,"39":8,"40":0,"41":8,"42":8,"43":0,"44":8,"45":8,"46":0,"47":0,"48":8,"49":6},"f":{"0":7,"1":7,"2":0,"3":52,"4":2,"5":2,"6":4,"7":8},"b":{"0":[0,4],"1":[0,4],"2":[0,8],"3":[0,8]},"_coverageSchema":"1a1c01bbd47fc00a2c39e90264f33305004495a9","hash":"6b7ac5e184755311ba9b40f62487e472d455bf85"}
,"/home/naveen/assignment/src/models/atmModel.js": {"path":"/home/naveen/assignment/src/models/atmModel.js","statementMap":{"0":{"start":{"line":1,"column":17},"end":{"line":1,"column":44}},"1":{"start":{"line":3,"column":22},"end":{"line":9,"column":1}},"2":{"start":{"line":4,"column":17},"end":{"line":7,"column":3}},"3":{"start":{"line":8,"column":2},"end":{"line":8,"column":16}},"4":{"start":{"line":11,"column":23},"end":{"line":18,"column":1}},"5":{"start":{"line":12,"column":17},"end":{"line":16,"column":3}},"6":{"start":{"line":17,"column":2},"end":{"line":17,"column":24}},"7":{"start":{"line":20,"column":42},"end":{"line":27,"column":1}},"8":{"start":{"line":21,"column":17},"end":{"line":25,"column":3}},"9":{"start":{"line":26,"column":2},"end":{"line":26,"column":24}},"10":{"start":{"line":29,"column":0},"end":{"line":33,"column":2}}},"fnMap":{"0":{"name":"(anonymous_0)","decl":{"start":{"line":3,"column":22},"end":{"line":3,"column":23}},"loc":{"start":{"line":3,"column":76},"end":{"line":9,"column":1}},"line":3},"1":{"name":"(anonymous_1)","decl":{"start":{"line":11,"column":23},"end":{"line":11,"column":24}},"loc":{"start":{"line":11,"column":45},"end":{"line":18,"column":1}},"line":11},"2":{"name":"(anonymous_2)","decl":{"start":{"line":20,"column":42},"end":{"line":20,"column":43}},"loc":{"start":{"line":20,"column":67},"end":{"line":27,"column":1}},"line":20}},"branchMap":{},"s":{"0":6,"1":6,"2":0,"3":0,"4":6,"5":3,"6":3,"7":6,"8":3,"9":3,"10":6},"f":{"0":0,"1":3,"2":3},"b":{},"_coverageSchema":"1a1c01bbd47fc00a2c39e90264f33305004495a9","hash":"4c0e857be681e72d4dbbca4ee036ce13aea0dd69"}
,"/home/naveen/assignment/src/models/loanAccountModel.js": {"path":"/home/naveen/assignment/src/models/loanAccountModel.js","statementMap":{"0":{"start":{"line":2,"column":17},"end":{"line":2,"column":44}},"1":{"start":{"line":3,"column":58},"end":{"line":3,"column":87}},"2":{"start":{"line":5,"column":32},"end":{"line":15,"column":1}},"3":{"start":{"line":6,"column":17},"end":{"line":13,"column":3}},"4":{"start":{"line":14,"column":2},"end":{"line":14,"column":16}},"5":{"start":{"line":17,"column":49},"end":{"line":29,"column":1}},"6":{"start":{"line":18,"column":17},"end":{"line":27,"column":3}},"7":{"start":{"line":28,"column":2},"end":{"line":28,"column":24}},"8":{"start":{"line":31,"column":26},"end":{"line":39,"column":1}},"9":{"start":{"line":32,"column":17},"end":{"line":37,"column":3}},"10":{"start":{"line":38,"column":2},"end":{"line":38,"column":16}},"11":{"start":{"line":41,"column":34},"end":{"line":51,"column":1}},"12":{"start":{"line":42,"column":17},"end":{"line":49,"column":3}},"13":{"start":{"line":50,"column":2},"end":{"line":50,"column":16}},"14":{"start":{"line":53,"column":30},"end":{"line":63,"column":1}},"15":{"start":{"line":54,"column":17},"end":{"line":61,"column":3}},"16":{"start":{"line":62,"column":2},"end":{"line":62,"column":24}},"17":{"start":{"line":65,"column":0},"end":{"line":71,"column":2}}},"fnMap":{"0":{"name":"(anonymous_0)","decl":{"start":{"line":5,"column":32},"end":{"line":5,"column":33}},"loc":{"start":{"line":5,"column":44},"end":{"line":15,"column":1}},"line":5},"1":{"name":"(anonymous_1)","decl":{"start":{"line":17,"column":49},"end":{"line":17,"column":50}},"loc":{"start":{"line":17,"column":74},"end":{"line":29,"column":1}},"line":17},"2":{"name":"(anonymous_2)","decl":{"start":{"line":31,"column":26},"end":{"line":31,"column":27}},"loc":{"start":{"line":31,"column":59},"end":{"line":39,"column":1}},"line":31},"3":{"name":"(anonymous_3)","decl":{"start":{"line":41,"column":34},"end":{"line":41,"column":35}},"loc":{"start":{"line":41,"column":59},"end":{"line":51,"column":1}},"line":41},"4":{"name":"(anonymous_4)","decl":{"start":{"line":53,"column":30},"end":{"line":53,"column":31}},"loc":{"start":{"line":53,"column":48},"end":{"line":63,"column":1}},"line":53}},"branchMap":{},"s":{"0":6,"1":6,"2":6,"3":0,"4":0,"5":6,"6":1,"7":1,"8":6,"9":0,"10":0,"11":6,"12":0,"13":0,"14":6,"15":6,"16":6,"17":6},"f":{"0":0,"1":1,"2":0,"3":0,"4":6},"b":{},"_coverageSchema":"1a1c01bbd47fc00a2c39e90264f33305004495a9","hash":"86aa431bb710f7376f827712a92039ca22dd529c"}
,"/home/naveen/assignment/src/models/transactionModel.js": {"path":"/home/naveen/assignment/src/models/transactionModel.js","statementMap":{"0":{"start":{"line":3,"column":17},"end":{"line":3,"column":44}},"1":{"start":{"line":4,"column":43},"end":{"line":4,"column":72}},"2":{"start":{"line":6,"column":30},"end":{"line":12,"column":1}},"3":{"start":{"line":7,"column":17},"end":{"line":10,"column":3}},"4":{"start":{"line":11,"column":2},"end":{"line":11,"column":16}},"5":{"start":{"line":14,"column":37},"end":{"line":24,"column":1}},"6":{"start":{"line":15,"column":17},"end":{"line":22,"column":3}},"7":{"start":{"line":23,"column":2},"end":{"line":23,"column":16}},"8":{"start":{"line":26,"column":54},"end":{"line":33,"column":1}},"9":{"start":{"line":27,"column":17},"end":{"line":31,"column":3}},"10":{"start":{"line":32,"column":2},"end":{"line":32,"column":28}},"11":{"start":{"line":35,"column":54},"end":{"line":44,"column":1}},"12":{"start":{"line":36,"column":17},"end":{"line":42,"column":3}},"13":{"start":{"line":43,"column":2},"end":{"line":43,"column":16}},"14":{"start":{"line":46,"column":41},"end":{"line":56,"column":1}},"15":{"start":{"line":47,"column":17},"end":{"line":54,"column":3}},"16":{"start":{"line":55,"column":2},"end":{"line":55,"column":16}},"17":{"start":{"line":58,"column":45},"end":{"line":67,"column":1}},"18":{"start":{"line":59,"column":17},"end":{"line":65,"column":3}},"19":{"start":{"line":66,"column":2},"end":{"line":66,"column":25}},"20":{"start":{"line":69,"column":41},"end":{"line":79,"column":1}},"21":{"start":{"line":70,"column":17},"end":{"line":77,"column":3}},"22":{"start":{"line":78,"column":2},"end":{"line":78,"column":16}},"23":{"start":{"line":81,"column":30},"end":{"line":91,"column":1}},"24":{"start":{"line":82,"column":17},"end":{"line":89,"column":3}},"25":{"start":{"line":90,"column":2},"end":{"line":90,"column":16}},"26":{"start":{"line":93,"column":22},"end":{"line":154,"column":1}},"27":{"start":{"line":101,"column":2},"end":{"line":153,"column":3}},"28":{"start":{"line":102,"column":4},"end":{"line":102,"column":34}},"29":{"start":{"line":103,"column":4},"end":{"line":103,"column":32}},"30":{"start":{"line":104,"column":31},"end":{"line":109,"column":5}},"31":{"start":{"line":111,"column":28},"end":{"line":116,"column":5}},"32":{"start":{"line":118,"column":41},"end":{"line":123,"column":5}},"33":{"start":{"line":125,"column":4},"end":{"line":127,"column":5}},"34":{"start":{"line":126,"column":6},"end":{"line":126,"column":24}},"35":{"start":{"line":129,"column":4},"end":{"line":136,"column":5}},"36":{"start":{"line":131,"column":21},"end":{"line":134,"column":7}},"37":{"start":{"line":135,"column":6},"end":{"line":135,"column":55}},"38":{"start":{"line":135,"column":35},"end":{"line":135,"column":53}},"39":{"start":{"line":137,"column":4},"end":{"line":144,"column":5}},"40":{"start":{"line":139,"column":21},"end":{"line":142,"column":7}},"41":{"start":{"line":143,"column":6},"end":{"line":143,"column":55}},"42":{"start":{"line":143,"column":35},"end":{"line":143,"column":53}},"43":{"start":{"line":145,"column":4},"end":{"line":145,"column":33}},"44":{"start":{"line":146,"column":4},"end":{"line":146,"column":58}},"45":{"start":{"line":148,"column":4},"end":{"line":148,"column":35}},"46":{"start":{"line":150,"column":4},"end":{"line":150,"column":72}},"47":{"start":{"line":152,"column":4},"end":{"line":152,"column":21}},"48":{"start":{"line":156,"column":24},"end":{"line":205,"column":1}},"49":{"start":{"line":166,"column":2},"end":{"line":204,"column":3}},"50":{"start":{"line":167,"column":4},"end":{"line":167,"column":34}},"51":{"start":{"line":168,"column":4},"end":{"line":168,"column":32}},"52":{"start":{"line":170,"column":4},"end":{"line":180,"column":5}},"53":{"start":{"line":172,"column":30},"end":{"line":177,"column":7}},"54":{"start":{"line":178,"column":6},"end":{"line":178,"column":64}},"55":{"start":{"line":178,"column":44},"end":{"line":178,"column":62}},"56":{"start":{"line":179,"column":6},"end":{"line":179,"column":37}},"57":{"start":{"line":182,"column":31},"end":{"line":187,"column":5}},"58":{"start":{"line":188,"column":4},"end":{"line":188,"column":65}},"59":{"start":{"line":188,"column":45},"end":{"line":188,"column":63}},"60":{"start":{"line":190,"column":19},"end":{"line":193,"column":5}},"61":{"start":{"line":194,"column":4},"end":{"line":194,"column":53}},"62":{"start":{"line":194,"column":33},"end":{"line":194,"column":51}},"63":{"start":{"line":196,"column":4},"end":{"line":196,"column":33}},"64":{"start":{"line":197,"column":4},"end":{"line":197,"column":65}},"65":{"start":{"line":199,"column":4},"end":{"line":199,"column":35}},"66":{"start":{"line":201,"column":4},"end":{"line":201,"column":79}},"67":{"start":{"line":203,"column":4},"end":{"line":203,"column":21}},"68":{"start":{"line":207,"column":25},"end":{"line":243,"column":1}},"69":{"start":{"line":216,"column":2},"end":{"line":242,"column":3}},"70":{"start":{"line":217,"column":4},"end":{"line":217,"column":34}},"71":{"start":{"line":218,"column":4},"end":{"line":218,"column":32}},"72":{"start":{"line":220,"column":31},"end":{"line":225,"column":5}},"73":{"start":{"line":226,"column":4},"end":{"line":226,"column":65}},"74":{"start":{"line":226,"column":45},"end":{"line":226,"column":63}},"75":{"start":{"line":228,"column":19},"end":{"line":231,"column":5}},"76":{"start":{"line":232,"column":4},"end":{"line":232,"column":53}},"77":{"start":{"line":232,"column":33},"end":{"line":232,"column":51}},"78":{"start":{"line":234,"column":4},"end":{"line":234,"column":33}},"79":{"start":{"line":235,"column":4},"end":{"line":235,"column":66}},"80":{"start":{"line":237,"column":4},"end":{"line":237,"column":35}},"81":{"start":{"line":239,"column":4},"end":{"line":239,"column":80}},"82":{"start":{"line":241,"column":4},"end":{"line":241,"column":21}},"83":{"start":{"line":245,"column":22},"end":{"line":291,"column":1}},"84":{"start":{"line":254,"column":2},"end":{"line":290,"column":3}},"85":{"start":{"line":255,"column":4},"end":{"line":255,"column":34}},"86":{"start":{"line":256,"column":4},"end":{"line":256,"column":32}},"87":{"start":{"line":258,"column":31},"end":{"line":263,"column":5}},"88":{"start":{"line":264,"column":4},"end":{"line":264,"column":65}},"89":{"start":{"line":264,"column":45},"end":{"line":264,"column":63}},"90":{"start":{"line":266,"column":19},"end":{"line":269,"column":5}},"91":{"start":{"line":270,"column":4},"end":{"line":270,"column":53}},"92":{"start":{"line":270,"column":33},"end":{"line":270,"column":51}},"93":{"start":{"line":272,"column":4},"end":{"line":280,"column":5}},"94":{"start":{"line":273,"column":35},"end":{"line":278,"column":7}},"95":{"start":{"line":279,"column":6},"end":{"line":279,"column":69}},"96":{"start":{"line":279,"column":49},"end":{"line":279,"column":67}},"97":{"start":{"line":282,"column":4},"end":{"line":282,"column":33}},"98":{"start":{"line":283,"column":4},"end":{"line":283,"column":70}},"99":{"start":{"line":285,"column":4},"end":{"line":285,"column":35}},"100":{"start":{"line":287,"column":4},"end":{"line":287,"column":72}},"101":{"start":{"line":289,"column":4},"end":{"line":289,"column":21}},"102":{"start":{"line":293,"column":21},"end":{"line":340,"column":1}},"103":{"start":{"line":304,"column":2},"end":{"line":339,"column":3}},"104":{"start":{"line":305,"column":4},"end":{"line":305,"column":34}},"105":{"start":{"line":306,"column":4},"end":{"line":306,"column":32}},"106":{"start":{"line":308,"column":31},"end":{"line":313,"column":5}},"107":{"start":{"line":314,"column":4},"end":{"line":314,"column":65}},"108":{"start":{"line":314,"column":45},"end":{"line":314,"column":63}},"109":{"start":{"line":316,"column":28},"end":{"line":321,"column":5}},"110":{"start":{"line":322,"column":4},"end":{"line":322,"column":62}},"111":{"start":{"line":322,"column":42},"end":{"line":322,"column":60}},"112":{"start":{"line":324,"column":19},"end":{"line":327,"column":5}},"113":{"start":{"line":328,"column":4},"end":{"line":328,"column":53}},"114":{"start":{"line":328,"column":33},"end":{"line":328,"column":51}},"115":{"start":{"line":330,"column":4},"end":{"line":330,"column":33}},"116":{"start":{"line":331,"column":4},"end":{"line":331,"column":52}},"117":{"start":{"line":333,"column":4},"end":{"line":333,"column":35}},"118":{"start":{"line":335,"column":4},"end":{"line":335,"column":19}},"119":{"start":{"line":336,"column":4},"end":{"line":336,"column":66}},"120":{"start":{"line":338,"column":4},"end":{"line":338,"column":21}},"121":{"start":{"line":342,"column":0},"end":{"line":356,"column":2}}},"fnMap":{"0":{"name":"(anonymous_0)","decl":{"start":{"line":6,"column":30},"end":{"line":6,"column":31}},"loc":{"start":{"line":6,"column":124},"end":{"line":12,"column":1}},"line":6},"1":{"name":"(anonymous_1)","decl":{"start":{"line":14,"column":37},"end":{"line":14,"column":38}},"loc":{"start":{"line":14,"column":83},"end":{"line":24,"column":1}},"line":14},"2":{"name":"(anonymous_2)","decl":{"start":{"line":26,"column":54},"end":{"line":26,"column":55}},"loc":{"start":{"line":26,"column":96},"end":{"line":33,"column":1}},"line":26},"3":{"name":"(anonymous_3)","decl":{"start":{"line":35,"column":54},"end":{"line":35,"column":55}},"loc":{"start":{"line":35,"column":92},"end":{"line":44,"column":1}},"line":35},"4":{"name":"(anonymous_4)","decl":{"start":{"line":46,"column":41},"end":{"line":46,"column":42}},"loc":{"start":{"line":46,"column":84},"end":{"line":56,"column":1}},"line":46},"5":{"name":"(anonymous_5)","decl":{"start":{"line":58,"column":45},"end":{"line":58,"column":46}},"loc":{"start":{"line":58,"column":83},"end":{"line":67,"column":1}},"line":58},"6":{"name":"(anonymous_6)","decl":{"start":{"line":69,"column":41},"end":{"line":69,"column":42}},"loc":{"start":{"line":69,"column":79},"end":{"line":79,"column":1}},"line":69},"7":{"name":"(anonymous_7)","decl":{"start":{"line":81,"column":30},"end":{"line":81,"column":31}},"loc":{"start":{"line":81,"column":75},"end":{"line":91,"column":1}},"line":81},"8":{"name":"(anonymous_8)","decl":{"start":{"line":93,"column":22},"end":{"line":93,"column":23}},"loc":{"start":{"line":99,"column":6},"end":{"line":154,"column":1}},"line":99},"9":{"name":"(anonymous_9)","decl":{"start":{"line":156,"column":24},"end":{"line":156,"column":25}},"loc":{"start":{"line":164,"column":6},"end":{"line":205,"column":1}},"line":164},"10":{"name":"(anonymous_10)","decl":{"start":{"line":207,"column":25},"end":{"line":207,"column":26}},"loc":{"start":{"line":214,"column":6},"end":{"line":243,"column":1}},"line":214},"11":{"name":"(anonymous_11)","decl":{"start":{"line":245,"column":22},"end":{"line":245,"column":23}},"loc":{"start":{"line":252,"column":6},"end":{"line":291,"column":1}},"line":252},"12":{"name":"(anonymous_12)","decl":{"start":{"line":293,"column":21},"end":{"line":293,"column":22}},"loc":{"start":{"line":302,"column":6},"end":{"line":340,"column":1}},"line":302}},"branchMap":{"0":{"loc":{"start":{"line":14,"column":59},"end":{"line":14,"column":67}},"type":"default-arg","locations":[{"start":{"line":14,"column":66},"end":{"line":14,"column":67}}],"line":14},"1":{"loc":{"start":{"line":14,"column":69},"end":{"line":14,"column":78}},"type":"default-arg","locations":[{"start":{"line":14,"column":76},"end":{"line":14,"column":78}}],"line":14},"2":{"loc":{"start":{"line":125,"column":4},"end":{"line":127,"column":5}},"type":"if","locations":[{"start":{"line":125,"column":4},"end":{"line":127,"column":5}},{"start":{},"end":{}}],"line":125},"3":{"loc":{"start":{"line":125,"column":8},"end":{"line":125,"column":122}},"type":"binary-expr","locations":[{"start":{"line":125,"column":8},"end":{"line":125,"column":41}},{"start":{"line":125,"column":45},"end":{"line":125,"column":75}},{"start":{"line":125,"column":79},"end":{"line":125,"column":122}}],"line":125},"4":{"loc":{"start":{"line":129,"column":4},"end":{"line":136,"column":5}},"type":"if","locations":[{"start":{"line":129,"column":4},"end":{"line":136,"column":5}},{"start":{},"end":{}}],"line":129},"5":{"loc":{"start":{"line":135,"column":6},"end":{"line":135,"column":55}},"type":"if","locations":[{"start":{"line":135,"column":6},"end":{"line":135,"column":55}},{"start":{},"end":{}}],"line":135},"6":{"loc":{"start":{"line":137,"column":4},"end":{"line":144,"column":5}},"type":"if","locations":[{"start":{"line":137,"column":4},"end":{"line":144,"column":5}},{"start":{},"end":{}}],"line":137},"7":{"loc":{"start":{"line":143,"column":6},"end":{"line":143,"column":55}},"type":"if","locations":[{"start":{"line":143,"column":6},"end":{"line":143,"column":55}},{"start":{},"end":{}}],"line":143},"8":{"loc":{"start":{"line":170,"column":4},"end":{"line":180,"column":5}},"type":"if","locations":[{"start":{"line":170,"column":4},"end":{"line":180,"column":5}},{"start":{},"end":{}}],"line":170},"9":{"loc":{"start":{"line":178,"column":6},"end":{"line":178,"column":64}},"type":"if","locations":[{"start":{"line":178,"column":6},"end":{"line":178,"column":64}},{"start":{},"end":{}}],"line":178},"10":{"loc":{"start":{"line":188,"column":4},"end":{"line":188,"column":65}},"type":"if","locations":[{"start":{"line":188,"column":4},"end":{"line":188,"column":65}},{"start":{},"end":{}}],"line":188},"11":{"loc":{"start":{"line":194,"column":4},"end":{"line":194,"column":53}},"type":"if","locations":[{"start":{"line":194,"column":4},"end":{"line":194,"column":53}},{"start":{},"end":{}}],"line":194},"12":{"loc":{"start":{"line":226,"column":4},"end":{"line":226,"column":65}},"type":"if","locations":[{"start":{"line":226,"column":4},"end":{"line":226,"column":65}},{"start":{},"end":{}}],"line":226},"13":{"loc":{"start":{"line":232,"column":4},"end":{"line":232,"column":53}},"type":"if","locations":[{"start":{"line":232,"column":4},"end":{"line":232,"column":53}},{"start":{},"end":{}}],"line":232},"14":{"loc":{"start":{"line":264,"column":4},"end":{"line":264,"column":65}},"type":"if","locations":[{"start":{"line":264,"column":4},"end":{"line":264,"column":65}},{"start":{},"end":{}}],"line":264},"15":{"loc":{"start":{"line":270,"column":4},"end":{"line":270,"column":53}},"type":"if","locations":[{"start":{"line":270,"column":4},"end":{"line":270,"column":53}},{"start":{},"end":{}}],"line":270},"16":{"loc":{"start":{"line":272,"column":4},"end":{"line":280,"column":5}},"type":"if","locations":[{"start":{"line":272,"column":4},"end":{"line":280,"column":5}},{"start":{},"end":{}}],"line":272},"17":{"loc":{"start":{"line":279,"column":6},"end":{"line":279,"column":69}},"type":"if","locations":[{"start":{"line":279,"column":6},"end":{"line":279,"column":69}},{"start":{},"end":{}}],"line":279},"18":{"loc":{"start":{"line":314,"column":4},"end":{"line":314,"column":65}},"type":"if","locations":[{"start":{"line":314,"column":4},"end":{"line":314,"column":65}},{"start":{},"end":{}}],"line":314},"19":{"loc":{"start":{"line":322,"column":4},"end":{"line":322,"column":62}},"type":"if","locations":[{"start":{"line":322,"column":4},"end":{"line":322,"column":62}},{"start":{},"end":{}}],"line":322},"20":{"loc":{"start":{"line":328,"column":4},"end":{"line":328,"column":53}},"type":"if","locations":[{"start":{"line":328,"column":4},"end":{"line":328,"column":53}},{"start":{},"end":{}}],"line":328}},"s":{"0":6,"1":6,"2":6,"3":1,"4":1,"5":6,"6":0,"7":0,"8":6,"9":1,"10":1,"11":6,"12":1,"13":1,"14":6,"15":5,"16":5,"17":6,"18":4,"19":4,"20":6,"21":3,"22":3,"23":6,"24":1,"25":1,"26":6,"27":2,"28":2,"29":2,"30":2,"31":2,"32":2,"33":2,"34":0,"35":2,"36":2,"37":2,"38":0,"39":2,"40":2,"41":2,"42":0,"43":2,"44":2,"45":0,"46":0,"47":2,"48":6,"49":2,"50":2,"51":2,"52":2,"53":0,"54":0,"55":0,"56":0,"57":2,"58":2,"59":0,"60":2,"61":2,"62":0,"63":2,"64":2,"65":0,"66":0,"67":2,"68":6,"69":2,"70":2,"71":2,"72":2,"73":2,"74":0,"75":2,"76":2,"77":0,"78":2,"79":2,"80":0,"81":0,"82":2,"83":6,"84":1,"85":1,"86":1,"87":1,"88":1,"89":0,"90":1,"91":1,"92":0,"93":1,"94":0,"95":0,"96":0,"97":1,"98":1,"99":0,"100":0,"101":1,"102":6,"103":2,"104":2,"105":2,"106":2,"107":2,"108":0,"109":2,"110":2,"111":0,"112":2,"113":2,"114":0,"115":2,"116":2,"117":0,"118":0,"119":0,"120":2,"121":6},"f":{"0":1,"1":0,"2":1,"3":1,"4":5,"5":4,"6":3,"7":1,"8":2,"9":2,"10":2,"11":1,"12":2},"b":{"0":[0],"1":[0],"2":[0,2],"3":[2,2,2],"4":[2,0],"5":[0,2],"6":[2,0],"7":[0,2],"8":[0,2],"9":[0,0],"10":[0,2],"11":[0,2],"12":[0,2],"13":[0,2],"14":[0,1],"15":[0,1],"16":[0,1],"17":[0,0],"18":[0,2],"19":[0,2],"20":[0,2]},"_coverageSchema":"1a1c01bbd47fc00a2c39e90264f33305004495a9","hash":"f0a2d95c490ee8cdf539f566fa97be0b2744fd64"}
,"/home/naveen/assignment/src/models/userModel.js": {"path":"/home/naveen/assignment/src/models/userModel.js","statementMap":{"0":{"start":{"line":2,"column":17},"end":{"line":2,"column":44}},"1":{"start":{"line":4,"column":25},"end":{"line":10,"column":1}},"2":{"start":{"line":5,"column":17},"end":{"line":8,"column":3}},"3":{"start":{"line":9,"column":2},"end":{"line":9,"column":24}},"4":{"start":{"line":12,"column":33},"end":{"line":18,"column":1}},"5":{"start":{"line":13,"column":17},"end":{"line":16,"column":3}},"6":{"start":{"line":17,"column":2},"end":{"line":17,"column":24}},"7":{"start":{"line":20,"column":24},"end":{"line":26,"column":1}},"8":{"start":{"line":21,"column":17},"end":{"line":24,"column":3}},"9":{"start":{"line":25,"column":2},"end":{"line":25,"column":16}},"10":{"start":{"line":28,"column":0},"end":{"line":30,"column":2}}},"fnMap":{"0":{"name":"(anonymous_0)","decl":{"start":{"line":4,"column":25},"end":{"line":4,"column":26}},"loc":{"start":{"line":4,"column":39},"end":{"line":10,"column":1}},"line":4},"1":{"name":"(anonymous_1)","decl":{"start":{"line":12,"column":33},"end":{"line":12,"column":34}},"loc":{"start":{"line":12,"column":47},"end":{"line":18,"column":1}},"line":12},"2":{"name":"(anonymous_2)","decl":{"start":{"line":20,"column":24},"end":{"line":20,"column":25}},"loc":{"start":{"line":20,"column":104},"end":{"line":26,"column":1}},"line":20}},"branchMap":{},"s":{"0":8,"1":8,"2":46,"3":46,"4":8,"5":31,"6":31,"7":8,"8":15,"9":15,"10":8},"f":{"0":46,"1":31,"2":15},"b":{},"_coverageSchema":"1a1c01bbd47fc00a2c39e90264f33305004495a9","hash":"fbcd205b185fd0bdeb8344b8ab475ab107e05310"}
,"/home/naveen/assignment/src/services/accountServices.js": {"path":"/home/naveen/assignment/src/services/accountServices.js","statementMap":{"0":{"start":{"line":5,"column":4},"end":{"line":5,"column":38}},"1":{"start":{"line":6,"column":57},"end":{"line":6,"column":94}},"2":{"start":{"line":7,"column":41},"end":{"line":7,"column":78}},"3":{"start":{"line":8,"column":253},"end":{"line":8,"column":282}},"4":{"start":{"line":11,"column":4},"end":{"line":11,"column":29}},"5":{"start":{"line":12,"column":25},"end":{"line":12,"column":49}},"6":{"start":{"line":15,"column":4},"end":{"line":15,"column":36}},"7":{"start":{"line":16,"column":27},"end":{"line":16,"column":58}},"8":{"start":{"line":18,"column":23},"end":{"line":22,"column":1}},"9":{"start":{"line":19,"column":17},"end":{"line":19,"column":76}},"10":{"start":{"line":20,"column":21},"end":{"line":20,"column":27}},"11":{"start":{"line":21,"column":2},"end":{"line":21,"column":20}},"12":{"start":{"line":24,"column":31},"end":{"line":31,"column":1}},"13":{"start":{"line":25,"column":2},"end":{"line":27,"column":3}},"14":{"start":{"line":26,"column":4},"end":{"line":26,"column":59}},"15":{"start":{"line":27,"column":4},"end":{"line":29,"column":3}},"16":{"start":{"line":28,"column":4},"end":{"line":28,"column":59}},"17":{"start":{"line":30,"column":2},"end":{"line":30,"column":26}},"18":{"start":{"line":33,"column":24},"end":{"line":38,"column":1}},"19":{"start":{"line":34,"column":2},"end":{"line":36,"column":3}},"20":{"start":{"line":35,"column":4},"end":{"line":35,"column":72}},"21":{"start":{"line":37,"column":2},"end":{"line":37,"column":44}},"22":{"start":{"line":40,"column":29},"end":{"line":51,"column":1}},"23":{"start":{"line":41,"column":2},"end":{"line":43,"column":3}},"24":{"start":{"line":42,"column":4},"end":{"line":42,"column":62}},"25":{"start":{"line":45,"column":42},"end":{"line":45,"column":75}},"26":{"start":{"line":46,"column":22},"end":{"line":46,"column":43}},"27":{"start":{"line":47,"column":33},"end":{"line":49,"column":4}},"28":{"start":{"line":50,"column":2},"end":{"line":50,"column":32}},"29":{"start":{"line":53,"column":29},"end":{"line":63,"column":1}},"30":{"start":{"line":54,"column":2},"end":{"line":56,"column":3}},"31":{"start":{"line":55,"column":4},"end":{"line":55,"column":62}},"32":{"start":{"line":58,"column":31},"end":{"line":58,"column":114}},"33":{"start":{"line":59,"column":2},"end":{"line":61,"column":3}},"34":{"start":{"line":60,"column":4},"end":{"line":60,"column":64}},"35":{"start":{"line":62,"column":2},"end":{"line":62,"column":54}},"36":{"start":{"line":65,"column":26},"end":{"line":95,"column":1}},"37":{"start":{"line":67,"column":22},"end":{"line":67,"column":49}},"38":{"start":{"line":70,"column":2},"end":{"line":72,"column":3}},"39":{"start":{"line":71,"column":4},"end":{"line":71,"column":70}},"40":{"start":{"line":73,"column":2},"end":{"line":75,"column":3}},"41":{"start":{"line":74,"column":4},"end":{"line":74,"column":62}},"42":{"start":{"line":78,"column":19},"end":{"line":78,"column":54}},"43":{"start":{"line":79,"column":2},"end":{"line":81,"column":3}},"44":{"start":{"line":80,"column":4},"end":{"line":80,"column":97}},"45":{"start":{"line":83,"column":31},"end":{"line":83,"column":56}},"46":{"start":{"line":84,"column":2},"end":{"line":86,"column":3}},"47":{"start":{"line":85,"column":4},"end":{"line":85,"column":65}},"48":{"start":{"line":87,"column":27},"end":{"line":87,"column":47}},"49":{"start":{"line":89,"column":22},"end":{"line":89,"column":40}},"50":{"start":{"line":90,"column":21},"end":{"line":90,"column":39}},"51":{"start":{"line":91,"column":35},"end":{"line":93,"column":4}},"52":{"start":{"line":94,"column":2},"end":{"line":94,"column":34}},"53":{"start":{"line":97,"column":26},"end":{"line":136,"column":1}},"54":{"start":{"line":98,"column":38},"end":{"line":98,"column":41}},"55":{"start":{"line":99,"column":22},"end":{"line":99,"column":46}},"56":{"start":{"line":100,"column":18},"end":{"line":100,"column":29}},"57":{"start":{"line":103,"column":26},"end":{"line":103,"column":63}},"58":{"start":{"line":104,"column":2},"end":{"line":106,"column":3}},"59":{"start":{"line":105,"column":4},"end":{"line":105,"column":64}},"60":{"start":{"line":108,"column":24},"end":{"line":108,"column":53}},"61":{"start":{"line":109,"column":21},"end":{"line":109,"column":38}},"62":{"start":{"line":111,"column":2},"end":{"line":113,"column":3}},"63":{"start":{"line":112,"column":4},"end":{"line":112,"column":62}},"64":{"start":{"line":115,"column":29},"end":{"line":115,"column":76}},"65":{"start":{"line":116,"column":2},"end":{"line":116,"column":64}},"66":{"start":{"line":116,"column":36},"end":{"line":116,"column":62}},"67":{"start":{"line":118,"column":22},"end":{"line":118,"column":49}},"68":{"start":{"line":119,"column":24},"end":{"line":119,"column":47}},"69":{"start":{"line":122,"column":2},"end":{"line":126,"column":3}},"70":{"start":{"line":124,"column":41},"end":{"line":124,"column":109}},"71":{"start":{"line":125,"column":4},"end":{"line":125,"column":40}},"72":{"start":{"line":127,"column":2},"end":{"line":130,"column":3}},"73":{"start":{"line":128,"column":41},"end":{"line":128,"column":109}},"74":{"start":{"line":129,"column":4},"end":{"line":129,"column":40}},"75":{"start":{"line":131,"column":2},"end":{"line":135,"column":3}},"76":{"start":{"line":132,"column":35},"end":{"line":132,"column":38}},"77":{"start":{"line":133,"column":38},"end":{"line":133,"column":123}},"78":{"start":{"line":134,"column":4},"end":{"line":134,"column":37}},"79":{"start":{"line":138,"column":29},"end":{"line":149,"column":1}},"80":{"start":{"line":139,"column":31},"end":{"line":139,"column":89}},"81":{"start":{"line":140,"column":32},"end":{"line":140,"column":90}},"82":{"start":{"line":141,"column":29},"end":{"line":141,"column":73}},"83":{"start":{"line":143,"column":25},"end":{"line":147,"column":3}},"84":{"start":{"line":148,"column":2},"end":{"line":148,"column":24}},"85":{"start":{"line":151,"column":24},"end":{"line":159,"column":1}},"86":{"start":{"line":152,"column":36},"end":{"line":152,"column":91}},"87":{"start":{"line":153,"column":2},"end":{"line":155,"column":3}},"88":{"start":{"line":154,"column":4},"end":{"line":154,"column":64}},"89":{"start":{"line":156,"column":28},"end":{"line":156,"column":53}},"90":{"start":{"line":157,"column":17},"end":{"line":157,"column":78}},"91":{"start":{"line":158,"column":2},"end":{"line":158,"column":21}},"92":{"start":{"line":161,"column":49},"end":{"line":194,"column":1}},"93":{"start":{"line":162,"column":22},"end":{"line":162,"column":49}},"94":{"start":{"line":163,"column":24},"end":{"line":163,"column":47}},"95":{"start":{"line":165,"column":12},"end":{"line":165,"column":32}},"96":{"start":{"line":166,"column":19},"end":{"line":166,"column":30}},"97":{"start":{"line":167,"column":2},"end":{"line":167,"column":43}},"98":{"start":{"line":168,"column":16},"end":{"line":168,"column":39}},"99":{"start":{"line":169,"column":14},"end":{"line":169,"column":32}},"100":{"start":{"line":170,"column":15},"end":{"line":170,"column":37}},"101":{"start":{"line":172,"column":21},"end":{"line":172,"column":112}},"102":{"start":{"line":174,"column":23},"end":{"line":174,"column":44}},"103":{"start":{"line":176,"column":29},"end":{"line":176,"column":30}},"104":{"start":{"line":177,"column":2},"end":{"line":179,"column":3}},"105":{"start":{"line":177,"column":25},"end":{"line":177,"column":26}},"106":{"start":{"line":178,"column":4},"end":{"line":178,"column":52}},"107":{"start":{"line":180,"column":36},"end":{"line":180,"column":71}},"108":{"start":{"line":182,"column":28},"end":{"line":182,"column":86}},"109":{"start":{"line":183,"column":2},"end":{"line":183,"column":89}},"110":{"start":{"line":184,"column":2},"end":{"line":184,"column":161}},"111":{"start":{"line":185,"column":21},"end":{"line":185,"column":63}},"112":{"start":{"line":188,"column":2},"end":{"line":192,"column":3}},"113":{"start":{"line":189,"column":4},"end":{"line":189,"column":83}},"114":{"start":{"line":190,"column":4},"end":{"line":190,"column":151}},"115":{"start":{"line":191,"column":4},"end":{"line":191,"column":56}},"116":{"start":{"line":193,"column":2},"end":{"line":193,"column":59}},"117":{"start":{"line":196,"column":33},"end":{"line":265,"column":1}},"118":{"start":{"line":197,"column":36},"end":{"line":197,"column":67}},"119":{"start":{"line":198,"column":37},"end":{"line":198,"column":73}},"120":{"start":{"line":199,"column":36},"end":{"line":199,"column":71}},"121":{"start":{"line":201,"column":22},"end":{"line":201,"column":49}},"122":{"start":{"line":202,"column":24},"end":{"line":202,"column":47}},"123":{"start":{"line":203,"column":20},"end":{"line":203,"column":40}},"124":{"start":{"line":204,"column":23},"end":{"line":204,"column":47}},"125":{"start":{"line":205,"column":21},"end":{"line":205,"column":40}},"126":{"start":{"line":206,"column":22},"end":{"line":206,"column":45}},"127":{"start":{"line":208,"column":26},"end":{"line":208,"column":80}},"128":{"start":{"line":209,"column":28},"end":{"line":209,"column":48}},"129":{"start":{"line":211,"column":2},"end":{"line":215,"column":3}},"130":{"start":{"line":213,"column":41},"end":{"line":213,"column":112}},"131":{"start":{"line":214,"column":4},"end":{"line":214,"column":59}},"132":{"start":{"line":217,"column":2},"end":{"line":220,"column":3}},"133":{"start":{"line":219,"column":4},"end":{"line":219,"column":75}},"134":{"start":{"line":221,"column":2},"end":{"line":224,"column":3}},"135":{"start":{"line":223,"column":4},"end":{"line":223,"column":79}},"136":{"start":{"line":226,"column":2},"end":{"line":229,"column":3}},"137":{"start":{"line":228,"column":4},"end":{"line":228,"column":69}},"138":{"start":{"line":231,"column":2},"end":{"line":234,"column":3}},"139":{"start":{"line":233,"column":4},"end":{"line":233,"column":67}},"140":{"start":{"line":236,"column":37},"end":{"line":236,"column":95}},"141":{"start":{"line":237,"column":30},"end":{"line":237,"column":50}},"142":{"start":{"line":238,"column":2},"end":{"line":242,"column":3}},"143":{"start":{"line":239,"column":4},"end":{"line":239,"column":50}},"144":{"start":{"line":241,"column":4},"end":{"line":241,"column":83}},"145":{"start":{"line":243,"column":21},"end":{"line":243,"column":22}},"146":{"start":{"line":244,"column":22},"end":{"line":244,"column":53}},"147":{"start":{"line":245,"column":2},"end":{"line":248,"column":3}},"148":{"start":{"line":246,"column":4},"end":{"line":246,"column":22}},"149":{"start":{"line":247,"column":4},"end":{"line":247,"column":51}},"150":{"start":{"line":250,"column":21},"end":{"line":250,"column":149}},"151":{"start":{"line":251,"column":2},"end":{"line":251,"column":35}},"152":{"start":{"line":252,"column":14},"end":{"line":252,"column":15}},"153":{"start":{"line":253,"column":14},"end":{"line":253,"column":15}},"154":{"start":{"line":254,"column":2},"end":{"line":259,"column":3}},"155":{"start":{"line":254,"column":25},"end":{"line":254,"column":26}},"156":{"start":{"line":255,"column":4},"end":{"line":258,"column":5}},"157":{"start":{"line":256,"column":6},"end":{"line":256,"column":39}},"158":{"start":{"line":257,"column":6},"end":{"line":257,"column":17}},"159":{"start":{"line":260,"column":18},"end":{"line":260,"column":31}},"160":{"start":{"line":261,"column":24},"end":{"line":261,"column":79}},"161":{"start":{"line":262,"column":2},"end":{"line":262,"column":79}},"162":{"start":{"line":263,"column":2},"end":{"line":263,"column":155}},"163":{"start":{"line":264,"column":2},"end":{"line":264,"column":53}},"164":{"start":{"line":267,"column":37},"end":{"line":309,"column":1}},"165":{"start":{"line":268,"column":22},"end":{"line":268,"column":49}},"166":{"start":{"line":269,"column":24},"end":{"line":269,"column":47}},"167":{"start":{"line":270,"column":12},"end":{"line":270,"column":32}},"168":{"start":{"line":271,"column":19},"end":{"line":271,"column":30}},"169":{"start":{"line":272,"column":2},"end":{"line":272,"column":43}},"170":{"start":{"line":273,"column":16},"end":{"line":273,"column":44}},"171":{"start":{"line":274,"column":14},"end":{"line":274,"column":37}},"172":{"start":{"line":275,"column":15},"end":{"line":275,"column":37}},"173":{"start":{"line":277,"column":35},"end":{"line":277,"column":113}},"174":{"start":{"line":278,"column":34},"end":{"line":278,"column":72}},"175":{"start":{"line":280,"column":17},"end":{"line":280,"column":86}},"176":{"start":{"line":282,"column":19},"end":{"line":282,"column":41}},"177":{"start":{"line":283,"column":2},"end":{"line":290,"column":3}},"178":{"start":{"line":285,"column":34},"end":{"line":285,"column":117}},"179":{"start":{"line":286,"column":4},"end":{"line":288,"column":5}},"180":{"start":{"line":287,"column":6},"end":{"line":287,"column":24}},"181":{"start":{"line":289,"column":4},"end":{"line":289,"column":69}},"182":{"start":{"line":292,"column":21},"end":{"line":292,"column":112}},"183":{"start":{"line":294,"column":23},"end":{"line":294,"column":44}},"184":{"start":{"line":295,"column":29},"end":{"line":295,"column":30}},"185":{"start":{"line":296,"column":2},"end":{"line":300,"column":3}},"186":{"start":{"line":296,"column":25},"end":{"line":296,"column":26}},"187":{"start":{"line":297,"column":4},"end":{"line":299,"column":5}},"188":{"start":{"line":298,"column":6},"end":{"line":298,"column":54}},"189":{"start":{"line":303,"column":2},"end":{"line":307,"column":3}},"190":{"start":{"line":304,"column":4},"end":{"line":304,"column":83}},"191":{"start":{"line":305,"column":4},"end":{"line":305,"column":138}},"192":{"start":{"line":306,"column":4},"end":{"line":306,"column":69}},"193":{"start":{"line":308,"column":2},"end":{"line":308,"column":80}},"194":{"start":{"line":311,"column":0},"end":{"line":324,"column":2}}},"fnMap":{"0":{"name":"(anonymous_0)","decl":{"start":{"line":18,"column":23},"end":{"line":18,"column":24}},"loc":{"start":{"line":18,"column":54},"end":{"line":22,"column":1}},"line":18},"1":{"name":"(anonymous_1)","decl":{"start":{"line":24,"column":31},"end":{"line":24,"column":32}},"loc":{"start":{"line":24,"column":53},"end":{"line":31,"column":1}},"line":24},"2":{"name":"(anonymous_2)","decl":{"start":{"line":33,"column":24},"end":{"line":33,"column":25}},"loc":{"start":{"line":33,"column":38},"end":{"line":38,"column":1}},"line":33},"3":{"name":"(anonymous_3)","decl":{"start":{"line":40,"column":29},"end":{"line":40,"column":30}},"loc":{"start":{"line":40,"column":81},"end":{"line":51,"column":1}},"line":40},"4":{"name":"(anonymous_4)","decl":{"start":{"line":53,"column":29},"end":{"line":53,"column":30}},"loc":{"start":{"line":53,"column":81},"end":{"line":63,"column":1}},"line":53},"5":{"name":"(anonymous_5)","decl":{"start":{"line":65,"column":26},"end":{"line":65,"column":27}},"loc":{"start":{"line":65,"column":98},"end":{"line":95,"column":1}},"line":65},"6":{"name":"(anonymous_6)","decl":{"start":{"line":97,"column":26},"end":{"line":97,"column":27}},"loc":{"start":{"line":97,"column":41},"end":{"line":136,"column":1}},"line":97},"7":{"name":"(anonymous_7)","decl":{"start":{"line":138,"column":29},"end":{"line":138,"column":30}},"loc":{"start":{"line":138,"column":43},"end":{"line":149,"column":1}},"line":138},"8":{"name":"(anonymous_8)","decl":{"start":{"line":151,"column":24},"end":{"line":151,"column":25}},"loc":{"start":{"line":151,"column":63},"end":{"line":159,"column":1}},"line":151},"9":{"name":"(anonymous_9)","decl":{"start":{"line":161,"column":49},"end":{"line":161,"column":50}},"loc":{"start":{"line":161,"column":75},"end":{"line":194,"column":1}},"line":161},"10":{"name":"(anonymous_10)","decl":{"start":{"line":196,"column":33},"end":{"line":196,"column":34}},"loc":{"start":{"line":196,"column":56},"end":{"line":265,"column":1}},"line":196},"11":{"name":"(anonymous_11)","decl":{"start":{"line":267,"column":37},"end":{"line":267,"column":38}},"loc":{"start":{"line":267,"column":63},"end":{"line":309,"column":1}},"line":267}},"branchMap":{"0":{"loc":{"start":{"line":25,"column":2},"end":{"line":27,"column":3}},"type":"if","locations":[{"start":{"line":25,"column":2},"end":{"line":27,"column":3}},{"start":{},"end":{}}],"line":25},"1":{"loc":{"start":{"line":25,"column":6},"end":{"line":25,"column":76}},"type":"binary-expr","locations":[{"start":{"line":25,"column":6},"end":{"line":25,"column":43}},{"start":{"line":25,"column":47},"end":{"line":25,"column":76}}],"line":25},"2":{"loc":{"start":{"line":27,"column":4},"end":{"line":29,"column":3}},"type":"if","locations":[{"start":{"line":27,"column":4},"end":{"line":29,"column":3}},{"start":{},"end":{}}],"line":27},"3":{"loc":{"start":{"line":27,"column":8},"end":{"line":27,"column":72}},"type":"binary-expr","locations":[{"start":{"line":27,"column":8},"end":{"line":27,"column":42}},{"start":{"line":27,"column":46},"end":{"line":27,"column":72}}],"line":27},"4":{"loc":{"start":{"line":34,"column":2},"end":{"line":36,"column":3}},"type":"if","locations":[{"start":{"line":34,"column":2},"end":{"line":36,"column":3}},{"start":{},"end":{}}],"line":34},"5":{"loc":{"start":{"line":41,"column":2},"end":{"line":43,"column":3}},"type":"if","locations":[{"start":{"line":41,"column":2},"end":{"line":43,"column":3}},{"start":{},"end":{}}],"line":41},"6":{"loc":{"start":{"line":54,"column":2},"end":{"line":56,"column":3}},"type":"if","locations":[{"start":{"line":54,"column":2},"end":{"line":56,"column":3}},{"start":{},"end":{}}],"line":54},"7":{"loc":{"start":{"line":59,"column":2},"end":{"line":61,"column":3}},"type":"if","locations":[{"start":{"line":59,"column":2},"end":{"line":61,"column":3}},{"start":{},"end":{}}],"line":59},"8":{"loc":{"start":{"line":70,"column":2},"end":{"line":72,"column":3}},"type":"if","locations":[{"start":{"line":70,"column":2},"end":{"line":72,"column":3}},{"start":{},"end":{}}],"line":70},"9":{"loc":{"start":{"line":73,"column":2},"end":{"line":75,"column":3}},"type":"if","locations":[{"start":{"line":73,"column":2},"end":{"line":75,"column":3}},{"start":{},"end":{}}],"line":73},"10":{"loc":{"start":{"line":79,"column":2},"end":{"line":81,"column":3}},"type":"if","locations":[{"start":{"line":79,"column":2},"end":{"line":81,"column":3}},{"start":{},"end":{}}],"line":79},"11":{"loc":{"start":{"line":84,"column":2},"end":{"line":86,"column":3}},"type":"if","locations":[{"start":{"line":84,"column":2},"end":{"line":86,"column":3}},{"start":{},"end":{}}],"line":84},"12":{"loc":{"start":{"line":104,"column":2},"end":{"line":106,"column":3}},"type":"if","locations":[{"start":{"line":104,"column":2},"end":{"line":106,"column":3}},{"start":{},"end":{}}],"line":104},"13":{"loc":{"start":{"line":111,"column":2},"end":{"line":113,"column":3}},"type":"if","locations":[{"start":{"line":111,"column":2},"end":{"line":113,"column":3}},{"start":{},"end":{}}],"line":111},"14":{"loc":{"start":{"line":116,"column":2},"end":{"line":116,"column":64}},"type":"if","locations":[{"start":{"line":116,"column":2},"end":{"line":116,"column":64}},{"start":{},"end":{}}],"line":116},"15":{"loc":{"start":{"line":122,"column":2},"end":{"line":126,"column":3}},"type":"if","locations":[{"start":{"line":122,"column":2},"end":{"line":126,"column":3}},{"start":{},"end":{}}],"line":122},"16":{"loc":{"start":{"line":127,"column":2},"end":{"line":130,"column":3}},"type":"if","locations":[{"start":{"line":127,"column":2},"end":{"line":130,"column":3}},{"start":{},"end":{}}],"line":127},"17":{"loc":{"start":{"line":131,"column":2},"end":{"line":135,"column":3}},"type":"if","locations":[{"start":{"line":131,"column":2},"end":{"line":135,"column":3}},{"start":{},"end":{}}],"line":131},"18":{"loc":{"start":{"line":153,"column":2},"end":{"line":155,"column":3}},"type":"if","locations":[{"start":{"line":153,"column":2},"end":{"line":155,"column":3}},{"start":{},"end":{}}],"line":153},"19":{"loc":{"start":{"line":188,"column":2},"end":{"line":192,"column":3}},"type":"if","locations":[{"start":{"line":188,"column":2},"end":{"line":192,"column":3}},{"start":{},"end":{}}],"line":188},"20":{"loc":{"start":{"line":211,"column":2},"end":{"line":215,"column":3}},"type":"if","locations":[{"start":{"line":211,"column":2},"end":{"line":215,"column":3}},{"start":{},"end":{}}],"line":211},"21":{"loc":{"start":{"line":211,"column":6},"end":{"line":211,"column":209}},"type":"binary-expr","locations":[{"start":{"line":211,"column":8},"end":{"line":211,"column":46}},{"start":{"line":211,"column":50},"end":{"line":211,"column":93}},{"start":{"line":211,"column":99},"end":{"line":211,"column":140}},{"start":{"line":211,"column":146},"end":{"line":211,"column":209}}],"line":211},"22":{"loc":{"start":{"line":217,"column":2},"end":{"line":220,"column":3}},"type":"if","locations":[{"start":{"line":217,"column":2},"end":{"line":220,"column":3}},{"start":{},"end":{}}],"line":217},"23":{"loc":{"start":{"line":217,"column":6},"end":{"line":217,"column":138}},"type":"binary-expr","locations":[{"start":{"line":217,"column":6},"end":{"line":217,"column":46}},{"start":{"line":217,"column":50},"end":{"line":217,"column":93}},{"start":{"line":217,"column":97},"end":{"line":217,"column":138}}],"line":217},"24":{"loc":{"start":{"line":221,"column":2},"end":{"line":224,"column":3}},"type":"if","locations":[{"start":{"line":221,"column":2},"end":{"line":224,"column":3}},{"start":{},"end":{}}],"line":221},"25":{"loc":{"start":{"line":226,"column":2},"end":{"line":229,"column":3}},"type":"if","locations":[{"start":{"line":226,"column":2},"end":{"line":229,"column":3}},{"start":{},"end":{}}],"line":226},"26":{"loc":{"start":{"line":231,"column":2},"end":{"line":234,"column":3}},"type":"if","locations":[{"start":{"line":231,"column":2},"end":{"line":234,"column":3}},{"start":{},"end":{}}],"line":231},"27":{"loc":{"start":{"line":231,"column":6},"end":{"line":231,"column":78}},"type":"binary-expr","locations":[{"start":{"line":231,"column":6},"end":{"line":231,"column":36}},{"start":{"line":231,"column":40},"end":{"line":231,"column":78}}],"line":231},"28":{"loc":{"start":{"line":238,"column":2},"end":{"line":242,"column":3}},"type":"if","locations":[{"start":{"line":238,"column":2},"end":{"line":242,"column":3}},{"start":{"line":240,"column":9},"end":{"line":242,"column":3}}],"line":238},"29":{"loc":{"start":{"line":255,"column":4},"end":{"line":258,"column":5}},"type":"if","locations":[{"start":{"line":255,"column":4},"end":{"line":258,"column":5}},{"start":{},"end":{}}],"line":255},"30":{"loc":{"start":{"line":255,"column":8},"end":{"line":255,"column":81}},"type":"binary-expr","locations":[{"start":{"line":255,"column":8},"end":{"line":255,"column":45}},{"start":{"line":255,"column":49},"end":{"line":255,"column":81}}],"line":255},"31":{"loc":{"start":{"line":283,"column":2},"end":{"line":290,"column":3}},"type":"if","locations":[{"start":{"line":283,"column":2},"end":{"line":290,"column":3}},{"start":{},"end":{}}],"line":283},"32":{"loc":{"start":{"line":286,"column":4},"end":{"line":288,"column":5}},"type":"if","locations":[{"start":{"line":286,"column":4},"end":{"line":288,"column":5}},{"start":{},"end":{}}],"line":286},"33":{"loc":{"start":{"line":297,"column":4},"end":{"line":299,"column":5}},"type":"if","locations":[{"start":{"line":297,"column":4},"end":{"line":299,"column":5}},{"start":{},"end":{}}],"line":297},"34":{"loc":{"start":{"line":297,"column":8},"end":{"line":297,"column":81}},"type":"binary-expr","locations":[{"start":{"line":297,"column":8},"end":{"line":297,"column":45}},{"start":{"line":297,"column":49},"end":{"line":297,"column":81}}],"line":297},"35":{"loc":{"start":{"line":303,"column":2},"end":{"line":307,"column":3}},"type":"if","locations":[{"start":{"line":303,"column":2},"end":{"line":307,"column":3}},{"start":{},"end":{}}],"line":303}},"s":{"0":6,"1":6,"2":6,"3":6,"4":6,"5":6,"6":6,"7":6,"8":6,"9":27,"10":27,"11":27,"12":6,"13":27,"14":0,"15":27,"16":1,"17":26,"18":6,"19":7,"20":6,"21":1,"22":6,"23":9,"24":1,"25":8,"26":8,"27":8,"28":8,"29":6,"30":8,"31":1,"32":7,"33":7,"34":0,"35":7,"36":6,"37":6,"38":6,"39":1,"40":5,"41":0,"42":5,"43":5,"44":1,"45":4,"46":4,"47":0,"48":4,"49":4,"50":4,"51":4,"52":4,"53":6,"54":27,"55":27,"56":27,"57":27,"58":27,"59":2,"60":25,"61":25,"62":25,"63":2,"64":23,"65":23,"66":0,"67":23,"68":23,"69":23,"70":9,"71":9,"72":14,"73":8,"74":8,"75":6,"76":6,"77":6,"78":6,"79":6,"80":4,"81":4,"82":4,"83":4,"84":4,"85":6,"86":2,"87":2,"88":2,"89":0,"90":0,"91":0,"92":6,"93":1,"94":1,"95":1,"96":1,"97":1,"98":1,"99":1,"100":1,"101":1,"102":1,"103":1,"104":1,"105":1,"106":22,"107":1,"108":1,"109":1,"110":1,"111":1,"112":1,"113":0,"114":0,"115":0,"116":1,"117":6,"118":1,"119":1,"120":1,"121":1,"122":1,"123":1,"124":1,"125":1,"126":1,"127":1,"128":1,"129":1,"130":0,"131":0,"132":1,"133":1,"134":0,"135":0,"136":0,"137":0,"138":0,"139":0,"140":0,"141":0,"142":0,"143":0,"144":0,"145":0,"146":0,"147":0,"148":0,"149":0,"150":0,"151":0,"152":0,"153":0,"154":0,"155":0,"156":0,"157":0,"158":0,"159":0,"160":0,"161":0,"162":0,"163":0,"164":6,"165":1,"166":1,"167":1,"168":1,"169":1,"170":1,"171":1,"172":1,"173":1,"174":1,"175":1,"176":1,"177":1,"178":1,"179":1,"180":0,"181":1,"182":1,"183":1,"184":1,"185":1,"186":1,"187":22,"188":22,"189":1,"190":0,"191":0,"192":0,"193":1,"194":6},"f":{"0":27,"1":27,"2":7,"3":9,"4":8,"5":6,"6":27,"7":4,"8":2,"9":1,"10":1,"11":1},"b":{"0":[0,27],"1":[27,9],"2":[1,26],"3":[27,8],"4":[6,1],"5":[1,8],"6":[1,7],"7":[0,7],"8":[1,5],"9":[0,5],"10":[1,4],"11":[0,4],"12":[2,25],"13":[2,23],"14":[0,23],"15":[9,14],"16":[8,6],"17":[6,0],"18":[2,0],"19":[0,1],"20":[0,1],"21":[1,0,1,0],"22":[1,0],"23":[1,1,1],"24":[0,0],"25":[0,0],"26":[0,0],"27":[0,0],"28":[0,0],"29":[0,0],"30":[0,0],"31":[1,0],"32":[0,1],"33":[22,0],"34":[22,22],"35":[0,1]},"_coverageSchema":"1a1c01bbd47fc00a2c39e90264f33305004495a9","hash":"9af629db37e49d41b31900d5bfa367603ce95ffe"}
,"/home/naveen/assignment/src/services/atmServices.js": {"path":"/home/naveen/assignment/src/services/atmServices.js","statementMap":{"0":{"start":{"line":1,"column":31},"end":{"line":1,"column":56}},"1":{"start":{"line":2,"column":77},"end":{"line":2,"column":106}},"2":{"start":{"line":4,"column":21},"end":{"line":18,"column":1}},"3":{"start":{"line":5,"column":21},"end":{"line":5,"column":45}},"4":{"start":{"line":6,"column":14},"end":{"line":6,"column":37}},"5":{"start":{"line":8,"column":12},"end":{"line":8,"column":22}},"6":{"start":{"line":9,"column":15},"end":{"line":9,"column":30}},"7":{"start":{"line":10,"column":16},"end":{"line":10,"column":28}},"8":{"start":{"line":11,"column":14},"end":{"line":11,"column":25}},"9":{"start":{"line":12,"column":25},"end":{"line":12,"column":55}},"10":{"start":{"line":13,"column":21},"end":{"line":13,"column":47}},"11":{"start":{"line":15,"column":2},"end":{"line":17,"column":4}},"12":{"start":{"line":20,"column":40},"end":{"line":23,"column":1}},"13":{"start":{"line":21,"column":17},"end":{"line":21,"column":71}},"14":{"start":{"line":22,"column":2},"end":{"line":22,"column":16}},"15":{"start":{"line":25,"column":26},"end":{"line":34,"column":1}},"16":{"start":{"line":26,"column":17},"end":{"line":26,"column":49}},"17":{"start":{"line":27,"column":2},"end":{"line":29,"column":3}},"18":{"start":{"line":28,"column":4},"end":{"line":28,"column":17}},"19":{"start":{"line":30,"column":2},"end":{"line":32,"column":3}},"20":{"start":{"line":31,"column":4},"end":{"line":31,"column":16}},"21":{"start":{"line":33,"column":2},"end":{"line":33,"column":15}},"22":{"start":{"line":36,"column":0},"end":{"line":38,"column":2}}},"fnMap":{"0":{"name":"(anonymous_0)","decl":{"start":{"line":4,"column":21},"end":{"line":4,"column":22}},"loc":{"start":{"line":4,"column":46},"end":{"line":18,"column":1}},"line":4},"1":{"name":"(anonymous_1)","decl":{"start":{"line":20,"column":40},"end":{"line":20,"column":41}},"loc":{"start":{"line":20,"column":65},"end":{"line":23,"column":1}},"line":20},"2":{"name":"(anonymous_2)","decl":{"start":{"line":25,"column":26},"end":{"line":25,"column":27}},"loc":{"start":{"line":25,"column":68},"end":{"line":34,"column":1}},"line":25}},"branchMap":{"0":{"loc":{"start":{"line":27,"column":2},"end":{"line":29,"column":3}},"type":"if","locations":[{"start":{"line":27,"column":2},"end":{"line":29,"column":3}},{"start":{},"end":{}}],"line":27},"1":{"loc":{"start":{"line":30,"column":2},"end":{"line":32,"column":3}},"type":"if","locations":[{"start":{"line":30,"column":2},"end":{"line":32,"column":3}},{"start":{},"end":{}}],"line":30},"2":{"loc":{"start":{"line":30,"column":6},"end":{"line":30,"column":84}},"type":"binary-expr","locations":[{"start":{"line":30,"column":7},"end":{"line":30,"column":45}},{"start":{"line":30,"column":51},"end":{"line":30,"column":83}}],"line":30}},"s":{"0":6,"1":6,"2":6,"3":8,"4":8,"5":8,"6":8,"7":8,"8":8,"9":8,"10":8,"11":8,"12":6,"13":3,"14":3,"15":6,"16":3,"17":3,"18":0,"19":3,"20":3,"21":0,"22":6},"f":{"0":8,"1":3,"2":3},"b":{"0":[0,3],"1":[3,0],"2":[3,3]},"_coverageSchema":"1a1c01bbd47fc00a2c39e90264f33305004495a9","hash":"36b9f36f78d2c0f6185e538b1dd368f888627f4a"}
,"/home/naveen/assignment/src/services/transactionServices.js": {"path":"/home/naveen/assignment/src/services/transactionServices.js","statementMap":{"0":{"start":{"line":5,"column":78},"end":{"line":5,"column":112}},"1":{"start":{"line":6,"column":33},"end":{"line":6,"column":70}},"2":{"start":{"line":9,"column":4},"end":{"line":9,"column":41}},"3":{"start":{"line":10,"column":45},"end":{"line":10,"column":74}},"4":{"start":{"line":13,"column":4},"end":{"line":13,"column":29}},"5":{"start":{"line":14,"column":30},"end":{"line":14,"column":54}},"6":{"start":{"line":16,"column":43},"end":{"line":19,"column":1}},"7":{"start":{"line":17,"column":17},"end":{"line":17,"column":52}},"8":{"start":{"line":18,"column":2},"end":{"line":18,"column":16}},"9":{"start":{"line":21,"column":38},"end":{"line":27,"column":1}},"10":{"start":{"line":22,"column":12},"end":{"line":22,"column":35}},"11":{"start":{"line":23,"column":16},"end":{"line":23,"column":37}},"12":{"start":{"line":24,"column":15},"end":{"line":24,"column":30}},"13":{"start":{"line":25,"column":17},"end":{"line":25,"column":96}},"14":{"start":{"line":26,"column":2},"end":{"line":26,"column":16}},"15":{"start":{"line":29,"column":46},"end":{"line":32,"column":1}},"16":{"start":{"line":30,"column":17},"end":{"line":30,"column":76}},"17":{"start":{"line":31,"column":2},"end":{"line":31,"column":16}},"18":{"start":{"line":34,"column":31},"end":{"line":41,"column":1}},"19":{"start":{"line":35,"column":14},"end":{"line":35,"column":29}},"20":{"start":{"line":36,"column":17},"end":{"line":36,"column":18}},"21":{"start":{"line":37,"column":2},"end":{"line":39,"column":3}},"22":{"start":{"line":37,"column":25},"end":{"line":37,"column":26}},"23":{"start":{"line":38,"column":4},"end":{"line":38,"column":46}},"24":{"start":{"line":40,"column":2},"end":{"line":40,"column":18}},"25":{"start":{"line":43,"column":22},"end":{"line":46,"column":1}},"26":{"start":{"line":44,"column":17},"end":{"line":44,"column":76}},"27":{"start":{"line":45,"column":2},"end":{"line":45,"column":16}},"28":{"start":{"line":48,"column":17},"end":{"line":51,"column":1}},"29":{"start":{"line":49,"column":17},"end":{"line":49,"column":71}},"30":{"start":{"line":50,"column":2},"end":{"line":50,"column":16}},"31":{"start":{"line":53,"column":38},"end":{"line":60,"column":1}},"32":{"start":{"line":54,"column":12},"end":{"line":54,"column":32}},"33":{"start":{"line":55,"column":16},"end":{"line":55,"column":37}},"34":{"start":{"line":56,"column":14},"end":{"line":56,"column":30}},"35":{"start":{"line":57,"column":15},"end":{"line":57,"column":30}},"36":{"start":{"line":58,"column":17},"end":{"line":58,"column":88}},"37":{"start":{"line":59,"column":2},"end":{"line":59,"column":16}},"38":{"start":{"line":62,"column":40},"end":{"line":68,"column":1}},"39":{"start":{"line":63,"column":12},"end":{"line":63,"column":32}},"40":{"start":{"line":64,"column":16},"end":{"line":64,"column":37}},"41":{"start":{"line":65,"column":15},"end":{"line":65,"column":30}},"42":{"start":{"line":66,"column":17},"end":{"line":66,"column":87}},"43":{"start":{"line":67,"column":2},"end":{"line":67,"column":16}},"44":{"start":{"line":70,"column":23},"end":{"line":84,"column":1}},"45":{"start":{"line":71,"column":34},"end":{"line":71,"column":61}},"46":{"start":{"line":72,"column":36},"end":{"line":72,"column":63}},"47":{"start":{"line":74,"column":2},"end":{"line":78,"column":3}},"48":{"start":{"line":76,"column":19},"end":{"line":76,"column":153}},"49":{"start":{"line":77,"column":4},"end":{"line":77,"column":57}},"50":{"start":{"line":77,"column":41},"end":{"line":77,"column":55}},"51":{"start":{"line":79,"column":2},"end":{"line":83,"column":3}},"52":{"start":{"line":81,"column":19},"end":{"line":81,"column":154}},"53":{"start":{"line":82,"column":4},"end":{"line":82,"column":18}},"54":{"start":{"line":86,"column":22},"end":{"line":135,"column":1}},"55":{"start":{"line":87,"column":17},"end":{"line":87,"column":83}},"56":{"start":{"line":89,"column":26},"end":{"line":89,"column":37}},"57":{"start":{"line":90,"column":27},"end":{"line":90,"column":49}},"58":{"start":{"line":92,"column":19},"end":{"line":92,"column":46}},"59":{"start":{"line":93,"column":27},"end":{"line":93,"column":54}},"60":{"start":{"line":96,"column":2},"end":{"line":103,"column":3}},"61":{"start":{"line":99,"column":4},"end":{"line":101,"column":5}},"62":{"start":{"line":99,"column":27},"end":{"line":99,"column":28}},"63":{"start":{"line":100,"column":6},"end":{"line":100,"column":46}},"64":{"start":{"line":102,"column":4},"end":{"line":102,"column":28}},"65":{"start":{"line":105,"column":2},"end":{"line":115,"column":3}},"66":{"start":{"line":105,"column":33},"end":{"line":105,"column":34}},"67":{"start":{"line":106,"column":31},"end":{"line":106,"column":67}},"68":{"start":{"line":107,"column":24},"end":{"line":107,"column":60}},"69":{"start":{"line":108,"column":16},"end":{"line":108,"column":37}},"70":{"start":{"line":110,"column":4},"end":{"line":112,"column":5}},"71":{"start":{"line":111,"column":6},"end":{"line":111,"column":65}},"72":{"start":{"line":113,"column":35},"end":{"line":113,"column":105}},"73":{"start":{"line":114,"column":4},"end":{"line":114,"column":51}},"74":{"start":{"line":117,"column":2},"end":{"line":133,"column":3}},"75":{"start":{"line":117,"column":25},"end":{"line":117,"column":26}},"76":{"start":{"line":118,"column":4},"end":{"line":132,"column":5}},"77":{"start":{"line":120,"column":33},"end":{"line":120,"column":48}},"78":{"start":{"line":121,"column":6},"end":{"line":124,"column":7}},"79":{"start":{"line":122,"column":8},"end":{"line":122,"column":71}},"80":{"start":{"line":123,"column":8},"end":{"line":123,"column":34}},"81":{"start":{"line":127,"column":6},"end":{"line":127,"column":45}},"82":{"start":{"line":128,"column":6},"end":{"line":131,"column":7}},"83":{"start":{"line":129,"column":8},"end":{"line":129,"column":79}},"84":{"start":{"line":130,"column":8},"end":{"line":130,"column":34}},"85":{"start":{"line":134,"column":2},"end":{"line":134,"column":26}},"86":{"start":{"line":137,"column":35},"end":{"line":190,"column":1}},"87":{"start":{"line":138,"column":17},"end":{"line":138,"column":79}},"88":{"start":{"line":140,"column":26},"end":{"line":140,"column":37}},"89":{"start":{"line":141,"column":27},"end":{"line":141,"column":49}},"90":{"start":{"line":143,"column":19},"end":{"line":143,"column":31}},"91":{"start":{"line":144,"column":19},"end":{"line":144,"column":42}},"92":{"start":{"line":145,"column":27},"end":{"line":145,"column":50}},"93":{"start":{"line":148,"column":2},"end":{"line":155,"column":3}},"94":{"start":{"line":151,"column":4},"end":{"line":153,"column":5}},"95":{"start":{"line":151,"column":27},"end":{"line":151,"column":28}},"96":{"start":{"line":152,"column":6},"end":{"line":152,"column":46}},"97":{"start":{"line":154,"column":4},"end":{"line":154,"column":28}},"98":{"start":{"line":157,"column":2},"end":{"line":170,"column":3}},"99":{"start":{"line":157,"column":33},"end":{"line":157,"column":34}},"100":{"start":{"line":158,"column":31},"end":{"line":158,"column":67}},"101":{"start":{"line":160,"column":24},"end":{"line":160,"column":60}},"102":{"start":{"line":163,"column":16},"end":{"line":163,"column":55}},"103":{"start":{"line":165,"column":4},"end":{"line":167,"column":5}},"104":{"start":{"line":166,"column":6},"end":{"line":166,"column":65}},"105":{"start":{"line":168,"column":35},"end":{"line":168,"column":105}},"106":{"start":{"line":169,"column":4},"end":{"line":169,"column":51}},"107":{"start":{"line":172,"column":2},"end":{"line":188,"column":3}},"108":{"start":{"line":172,"column":25},"end":{"line":172,"column":26}},"109":{"start":{"line":173,"column":4},"end":{"line":187,"column":5}},"110":{"start":{"line":175,"column":33},"end":{"line":175,"column":48}},"111":{"start":{"line":176,"column":6},"end":{"line":179,"column":7}},"112":{"start":{"line":177,"column":8},"end":{"line":177,"column":71}},"113":{"start":{"line":178,"column":8},"end":{"line":178,"column":34}},"114":{"start":{"line":182,"column":6},"end":{"line":182,"column":45}},"115":{"start":{"line":183,"column":6},"end":{"line":186,"column":7}},"116":{"start":{"line":184,"column":8},"end":{"line":184,"column":79}},"117":{"start":{"line":185,"column":8},"end":{"line":185,"column":34}},"118":{"start":{"line":189,"column":2},"end":{"line":189,"column":26}},"119":{"start":{"line":192,"column":29},"end":{"line":225,"column":1}},"120":{"start":{"line":194,"column":18},"end":{"line":194,"column":62}},"121":{"start":{"line":195,"column":2},"end":{"line":197,"column":3}},"122":{"start":{"line":196,"column":4},"end":{"line":196,"column":69}},"123":{"start":{"line":200,"column":26},"end":{"line":200,"column":40}},"124":{"start":{"line":201,"column":2},"end":{"line":203,"column":3}},"125":{"start":{"line":202,"column":4},"end":{"line":202,"column":72}},"126":{"start":{"line":206,"column":26},"end":{"line":206,"column":134}},"127":{"start":{"line":207,"column":2},"end":{"line":207,"column":59}},"128":{"start":{"line":207,"column":35},"end":{"line":207,"column":57}},"129":{"start":{"line":208,"column":31},"end":{"line":208,"column":108}},"130":{"start":{"line":209,"column":2},"end":{"line":211,"column":3}},"131":{"start":{"line":210,"column":4},"end":{"line":210,"column":72}},"132":{"start":{"line":213,"column":26},"end":{"line":213,"column":58}},"133":{"start":{"line":214,"column":22},"end":{"line":214,"column":40}},"134":{"start":{"line":215,"column":34},"end":{"line":215,"column":61}},"135":{"start":{"line":216,"column":32},"end":{"line":223,"column":4}},"136":{"start":{"line":224,"column":2},"end":{"line":224,"column":31}},"137":{"start":{"line":227,"column":28},"end":{"line":252,"column":1}},"138":{"start":{"line":228,"column":18},"end":{"line":228,"column":78}},"139":{"start":{"line":231,"column":2},"end":{"line":233,"column":3}},"140":{"start":{"line":232,"column":4},"end":{"line":232,"column":77}},"141":{"start":{"line":234,"column":36},"end":{"line":234,"column":63}},"142":{"start":{"line":235,"column":34},"end":{"line":235,"column":49}},"143":{"start":{"line":236,"column":26},"end":{"line":236,"column":51}},"144":{"start":{"line":239,"column":28},"end":{"line":239,"column":63}},"145":{"start":{"line":241,"column":31},"end":{"line":250,"column":4}},"146":{"start":{"line":251,"column":2},"end":{"line":251,"column":30}},"147":{"start":{"line":254,"column":32},"end":{"line":285,"column":1}},"148":{"start":{"line":255,"column":38},"end":{"line":255,"column":41}},"149":{"start":{"line":256,"column":18},"end":{"line":256,"column":78}},"150":{"start":{"line":258,"column":2},"end":{"line":260,"column":3}},"151":{"start":{"line":259,"column":4},"end":{"line":259,"column":64}},"152":{"start":{"line":261,"column":2},"end":{"line":263,"column":3}},"153":{"start":{"line":262,"column":4},"end":{"line":262,"column":57}},"154":{"start":{"line":266,"column":43},"end":{"line":266,"column":101}},"155":{"start":{"line":267,"column":37},"end":{"line":267,"column":81}},"156":{"start":{"line":268,"column":22},"end":{"line":268,"column":90}},"157":{"start":{"line":269,"column":2},"end":{"line":271,"column":3}},"158":{"start":{"line":270,"column":4},"end":{"line":270,"column":80}},"159":{"start":{"line":273,"column":34},"end":{"line":273,"column":49}},"160":{"start":{"line":2
[...]
column":72},"end":{"line":8,"column":102}},"6":{"start":{"line":10,"column":0},"end":{"line":10,"column":16}},"7":{"start":{"line":11,"column":15},"end":{"line":11,"column":33}},"8":{"start":{"line":13,"column":23},"end":{"line":16,"column":1}},"9":{"start":{"line":14,"column":15},"end":{"line":14,"column":41}},"10":{"start":{"line":15,"column":2},"end":{"line":15,"column":14}},"11":{"start":{"line":18,"column":21},"end":{"line":27,"column":1}},"12":{"start":{"line":19,"column":15},"end":{"line":19,"column":49}},"13":{"start":{"line":20,"column":2},"end":{"line":25,"column":3}},"14":{"start":{"line":21,"column":20},"end":{"line":21,"column":65}},"15":{"start":{"line":22,"column":4},"end":{"line":24,"column":5}},"16":{"start":{"line":23,"column":6},"end":{"line":23,"column":18}},"17":{"start":{"line":26,"column":2},"end":{"line":26,"column":15}},"18":{"start":{"line":29,"column":21},"end":{"line":43,"column":1}},"19":{"start":{"line":32,"column":2},"end":{"line":42,"column":3}},"20":{"start":{"line":33,"column":19},"end":{"line":33,"column":38}},"21":{"start":{"line":34,"column":27},"end":{"line":34,"column":57}},"22":{"start":{"line":35,"column":19},"end":{"line":35,"column":110}},"23":{"start":{"line":36,"column":4},"end":{"line":38,"column":5}},"24":{"start":{"line":37,"column":6},"end":{"line":37,"column":18}},"25":{"start":{"line":39,"column":4},"end":{"line":39,"column":17}},"26":{"start":{"line":41,"column":4},"end":{"line":41,"column":17}},"27":{"start":{"line":45,"column":26},"end":{"line":55,"column":1}},"28":{"start":{"line":46,"column":17},"end":{"line":46,"column":21}},"29":{"start":{"line":47,"column":16},"end":{"line":53,"column":3}},"30":{"start":{"line":54,"column":2},"end":{"line":54,"column":15}},"31":{"start":{"line":57,"column":19},"end":{"line":82,"column":1}},"32":{"start":{"line":60,"column":6},"end":{"line":60,"column":9}},"33":{"start":{"line":61,"column":2},"end":{"line":61,"column":31}},"34":{"start":{"line":62,"column":15},"end":{"line":64,"column":3}},"35":{"start":{"line":65,"column":33},"end":{"line":65,"column":59}},"36":{"start":{"line":66,"column":2},"end":{"line":66,"column":73}},"37":{"start":{"line":66,"column":41},"end":{"line":66,"column":71}},"38":{"start":{"line":69,"column":29},"end":{"line":71,"column":4}},"39":{"start":{"line":72,"column":2},"end":{"line":77,"column":3}},"40":{"start":{"line":73,"column":4},"end":{"line":76,"column":7}},"41":{"start":{"line":78,"column":2},"end":{"line":81,"column":5}},"42":{"start":{"line":84,"column":19},"end":{"line":102,"column":1}},"43":{"start":{"line":85,"column":33},"end":{"line":85,"column":36}},"44":{"start":{"line":86,"column":2},"end":{"line":86,"column":31}},"45":{"start":{"line":87,"column":17},"end":{"line":87,"column":20}},"46":{"start":{"line":88,"column":15},"end":{"line":88,"column":47}},"47":{"start":{"line":89,"column":2},"end":{"line":94,"column":3}},"48":{"start":{"line":90,"column":4},"end":{"line":93,"column":6}},"49":{"start":{"line":97,"column":16},"end":{"line":97,"column":45}},"50":{"start":{"line":98,"column":2},"end":{"line":98,"column":21}},"51":{"start":{"line":99,"column":2},"end":{"line":99,"column":23}},"52":{"start":{"line":100,"column":2},"end":{"line":100,"column":22}},"53":{"start":{"line":101,"column":2},"end":{"line":101,"column":69}},"54":{"start":{"line":104,"column":0},"end":{"line":111,"column":2}}},"fnMap":{"0":{"name":"(anonymous_0)","decl":{"start":{"line":13,"column":23},"end":{"line":13,"column":24}},"loc":{"start":{"line":13,"column":37},"end":{"line":16,"column":1}},"line":13},"1":{"name":"(anonymous_1)","decl":{"start":{"line":18,"column":21},"end":{"line":18,"column":22}},"loc":{"start":{"line":18,"column":45},"end":{"line":27,"column":1}},"line":18},"2":{"name":"(anonymous_2)","decl":{"start":{"line":29,"column":21},"end":{"line":29,"column":22}},"loc":{"start":{"line":31,"column":6},"end":{"line":43,"column":1}},"line":31},"3":{"name":"(anonymous_3)","decl":{"start":{"line":45,"column":26},"end":{"line":45,"column":27}},"loc":{"start":{"line":45,"column":42},"end":{"line":55,"column":1}},"line":45},"4":{"name":"(anonymous_4)","decl":{"start":{"line":57,"column":19},"end":{"line":57,"column":20}},"loc":{"start":{"line":57,"column":34},"end":{"line":82,"column":1}},"line":57},"5":{"name":"(anonymous_5)","decl":{"start":{"line":84,"column":19},"end":{"line":84,"column":20}},"loc":{"start":{"line":84,"column":34},"end":{"line":102,"column":1}},"line":84}},"branchMap":{"0":{"loc":{"start":{"line":20,"column":2},"end":{"line":25,"column":3}},"type":"if","locations":[{"start":{"line":20,"column":2},"end":{"line":25,"column":3}},{"start":{},"end":{}}],"line":20},"1":{"loc":{"start":{"line":22,"column":4},"end":{"line":24,"column":5}},"type":"if","locations":[{"start":{"line":22,"column":4},"end":{"line":24,"column":5}},{"start":{},"end":{}}],"line":22},"2":{"loc":{"start":{"line":36,"column":4},"end":{"line":38,"column":5}},"type":"if","locations":[{"start":{"line":36,"column":4},"end":{"line":38,"column":5}},{"start":{},"end":{}}],"line":36},"3":{"loc":{"start":{"line":66,"column":2},"end":{"line":66,"column":73}},"type":"if","locations":[{"start":{"line":66,"column":2},"end":{"line":66,"column":73}},{"start":{},"end":{}}],"line":66},"4":{"loc":{"start":{"line":72,"column":2},"end":{"line":77,"column":3}},"type":"if","locations":[{"start":{"line":72,"column":2},"end":{"line":77,"column":3}},{"start":{},"end":{}}],"line":72},"5":{"loc":{"start":{"line":89,"column":2},"end":{"line":94,"column":3}},"type":"if","locations":[{"start":{"line":89,"column":2},"end":{"line":94,"column":3}},{"start":{},"end":{}}],"line":89}},"s":{"0":7,"1":7,"2":7,"3":7,"4":7,"5":7,"6":7,"7":7,"8":7,"9":28,"10":28,"11":7,"12":11,"13":11,"14":10,"15":10,"16":8,"17":3,"18":7,"19":15,"20":15,"21":15,"22":15,"23":15,"24":15,"25":0,"26":0,"27":7,"28":8,"29":8,"30":8,"31":7,"32":20,"33":20,"34":20,"35":20,"36":20,"37":6,"38":14,"39":14,"40":14,"41":0,"42":7,"43":9,"44":9,"45":9,"46":9,"47":9,"48":2,"49":7,"50":7,"51":7,"52":7,"53":7,"54":7},"f":{"0":28,"1":11,"2":15,"3":8,"4":20,"5":9},"b":{"0":[10,1],"1":[8,2],"2":[15,0],"3":[6,14],"4":[14,0],"5":[2,7]},"_coverageSchema":"1a1c01bbd47fc00a2c39e90264f33305004495a9","hash":"fbfb8235acc19cdc948c71af8bcb3ea890b66602"}
,"/home/naveen/assignment/src/services/userServices.js": {"path":"/home/naveen/assignment/src/services/userServices.js","statementMap":{"0":{"start":{"line":1,"column":29},"end":{"line":1,"column":59}},"1":{"start":{"line":3,"column":19},"end":{"line":9,"column":1}},"2":{"start":{"line":4,"column":17},"end":{"line":4,"column":43}},"3":{"start":{"line":5,"column":2},"end":{"line":7,"column":3}},"4":{"start":{"line":6,"column":4},"end":{"line":6,"column":16}},"5":{"start":{"line":8,"column":2},"end":{"line":8,"column":15}},"6":{"start":{"line":11,"column":0},"end":{"line":13,"column":2}}},"fnMap":{"0":{"name":"(anonymous_0)","decl":{"start":{"line":3,"column":19},"end":{"line":3,"column":20}},"loc":{"start":{"line":3,"column":33},"end":{"line":9,"column":1}},"line":3}},"branchMap":{"0":{"loc":{"start":{"line":5,"column":2},"end":{"line":7,"column":3}},"type":"if","locations":[{"start":{"line":5,"column":2},"end":{"line":7,"column":3}},{"start":{},"end":{}}],"line":5}},"s":{"0":8,"1":8,"2":18,"3":18,"4":2,"5":16,"6":8},"f":{"0":18},"b":{"0":[2,16]},"_coverageSchema":"1a1c01bbd47fc00a2c39e90264f33305004495a9","hash":"37ce12e307ce846fd25c8430a308c1f60d9018c3"}
,"/home/naveen/assignment/src/utils/constants.js": {"path":"/home/naveen/assignment/src/utils/constants.js","statementMap":{"0":{"start":{"line":1,"column":23},"end":{"line":1,"column":32}},"1":{"start":{"line":2,"column":0},"end":{"line":2,"column":30}},"2":{"start":{"line":3,"column":0},"end":{"line":3,"column":29}},"3":{"start":{"line":4,"column":0},"end":{"line":4,"column":35}},"4":{"start":{"line":5,"column":0},"end":{"line":5,"column":35}},"5":{"start":{"line":7,"column":20},"end":{"line":11,"column":1}},"6":{"start":{"line":13,"column":26},"end":{"line":22,"column":1}},"7":{"start":{"line":24,"column":22},"end":{"line":28,"column":1}},"8":{"start":{"line":30,"column":36},"end":{"line":30,"column":44}},"9":{"start":{"line":31,"column":28},"end":{"line":31,"column":34}},"10":{"start":{"line":32,"column":39},"end":{"line":32,"column":45}},"11":{"start":{"line":33,"column":39},"end":{"line":33,"column":44}},"12":{"start":{"line":34,"column":32},"end":{"line":34,"column":34}},"13":{"start":{"line":35,"column":29},"end":{"line":35,"column":31}},"14":{"start":{"line":37,"column":0},"end":{"line":49,"column":2}}},"fnMap":{},"branchMap":{},"s":{"0":6,"1":6,"2":6,"3":6,"4":6,"5":6,"6":6,"7":6,"8":6,"9":6,"10":6,"11":6,"12":6,"13":6,"14":6},"f":{},"b":{},"_coverageSchema":"1a1c01bbd47fc00a2c39e90264f33305004495a9","hash":"06acd6eb14902b914f4b6274d556c6f624731fbd"}
,"/home/naveen/assignment/src/utils/utils.js": {"path":"/home/naveen/assignment/src/utils/utils.js","statementMap":{"0":{"start":{"line":1,"column":21},"end":{"line":10,"column":1}},"1":{"start":{"line":2,"column":14},"end":{"line":2,"column":16}},"2":{"start":{"line":3,"column":2},"end":{"line":3,"column":18}},"3":{"start":{"line":5,"column":2},"end":{"line":5,"column":13}},"4":{"start":{"line":6,"column":2},"end":{"line":8,"column":3}},"5":{"start":{"line":6,"column":33},"end":{"line":6,"column":34}},"6":{"start":{"line":7,"column":4},"end":{"line":7,"column":86}},"7":{"start":{"line":9,"column":2},"end":{"line":9,"column":13}},"8":{"start":{"line":12,"column":19},"end":{"line":22,"column":1}},"9":{"start":{"line":13,"column":12},"end":{"line":13,"column":26}},"10":{"start":{"line":14,"column":14},"end":{"line":14,"column":35}},"11":{"start":{"line":15,"column":12},"end":{"line":15,"column":28}},"12":{"start":{"line":16,"column":15},"end":{"line":16,"column":30}},"13":{"start":{"line":18,"column":2},"end":{"line":18,"column":48}},"14":{"start":{"line":18,"column":26},"end":{"line":18,"column":46}},"15":{"start":{"line":19,"column":2},"end":{"line":19,"column":42}},"16":{"start":{"line":19,"column":24},"end":{"line":19,"column":40}},"17":{"start":{"line":21,"column":2},"end":{"line":21,"column":38}},"18":{"start":{"line":24,"column":24},"end":{"line":28,"column":1}},"19":{"start":{"line":25,"column":17},"end":{"line":25,"column":36}},"20":{"start":{"line":26,"column":19},"end":{"line":26,"column":74}},"21":{"start":{"line":27,"column":2},"end":{"line":27,"column":18}},"22":{"start":{"line":30,"column":18},"end":{"line":42,"column":1}},"23":{"start":{"line":31,"column":14},"end":{"line":31,"column":28}},"24":{"start":{"line":32,"column":11},"end":{"line":32,"column":12}},"25":{"start":{"line":33,"column":2},"end":{"line":40,"column":3}},"26":{"start":{"line":33,"column":30},"end":{"line":33,"column":31}},"27":{"start":{"line":34,"column":28},"end":{"line":34,"column":65}},"28":{"start":{"line":35,"column":4},"end":{"line":39,"column":5}},"29":{"start":{"line":36,"column":6},"end":{"line":36,"column":40}},"30":{"start":{"line":37,"column":11},"end":{"line":39,"column":5}},"31":{"start":{"line":38,"column":6},"end":{"line":38,"column":40}},"32":{"start":{"line":41,"column":2},"end":{"line":41,"column":12}},"33":{"start":{"line":44,"column":21},"end":{"line":62,"column":1}},"34":{"start":{"line":45,"column":20},"end":{"line":45,"column":33}},"35":{"start":{"line":46,"column":21},"end":{"line":46,"column":39}},"36":{"start":{"line":47,"column":20},"end":{"line":47,"column":37}},"37":{"start":{"line":49,"column":12},"end":{"line":49,"column":32}},"38":{"start":{"line":50,"column":23},"end":{"line":50,"column":44}},"39":{"start":{"line":51,"column":21},"end":{"line":51,"column":37}},"40":{"start":{"line":52,"column":22},"end":{"line":52,"column":37}},"41":{"start":{"line":54,"column":12},"end":{"line":54,"column":39}},"42":{"start":{"line":55,"column":2},"end":{"line":57,"column":3}},"43":{"start":{"line":56,"column":4},"end":{"line":56,"column":13}},"44":{"start":{"line":58,"column":2},"end":{"line":60,"column":3}},"45":{"start":{"line":59,"column":4},"end":{"line":59,"column":13}},"46":{"start":{"line":61,"column":2},"end":{"line":61,"column":13}},"47":{"start":{"line":64,"column":30},"end":{"line":64,"column":79}},"48":{"start":{"line":64,"column":47},"end":{"line":64,"column":78}},"49":{"start":{"line":66,"column":15},"end":{"line":74,"column":1}},"50":{"start":{"line":67,"column":15},"end":{"line":67,"column":17}},"51":{"start":{"line":68,"column":21},"end":{"line":68,"column":33}},"52":{"start":{"line":69,"column":27},"end":{"line":69,"column":44}},"53":{"start":{"line":70,"column":2},"end":{"line":72,"column":3}},"54":{"start":{"line":70,"column":22},"end":{"line":70,"column":23}},"55":{"start":{"line":71,"column":4},"end":{"line":71,"column":78}},"56":{"start":{"line":73,"column":2},"end":{"line":73,"column":16}},"57":{"start":{"line":76,"column":26},"end":{"line":85,"column":1}},"58":{"start":{"line":77,"column":24},"end":{"line":77,"column":35}},"59":{"start":{"line":78,"column":18},"end":{"line":78,"column":42}},"60":{"start":{"line":80,"column":24},"end":{"line":80,"column":36}},"61":{"start":{"line":81,"column":18},"end":{"line":81,"column":51}},"62":{"start":{"line":83,"column":17},"end":{"line":83,"column":34}},"63":{"start":{"line":84,"column":2},"end":{"line":84,"column":16}},"64":{"start":{"line":87,"column":34},"end":{"line":90,"column":1}},"65":{"start":{"line":88,"column":17},"end":{"line":88,"column":46}},"66":{"start":{"line":89,"column":2},"end":{"line":89,"column":16}},"67":{"start":{"line":92,"column":0},"end":{"line":102,"column":2}}},"fnMap":{"0":{"name":"(anonymous_0)","decl":{"start":{"line":1,"column":21},"end":{"line":1,"column":22}},"loc":{"start":{"line":1,"column":27},"end":{"line":10,"column":1}},"line":1},"1":{"name":"(anonymous_1)","decl":{"start":{"line":12,"column":19},"end":{"line":12,"column":20}},"loc":{"start":{"line":12,"column":29},"end":{"line":22,"column":1}},"line":12},"2":{"name":"(anonymous_2)","decl":{"start":{"line":24,"column":24},"end":{"line":24,"column":25}},"loc":{"start":{"line":24,"column":57},"end":{"line":28,"column":1}},"line":24},"3":{"name":"(anonymous_3)","decl":{"start":{"line":30,"column":18},"end":{"line":30,"column":19}},"loc":{"start":{"line":30,"column":32},"end":{"line":42,"column":1}},"line":30},"4":{"name":"(anonymous_4)","decl":{"start":{"line":44,"column":21},"end":{"line":44,"column":22}},"loc":{"start":{"line":44,"column":30},"end":{"line":62,"column":1}},"line":44},"5":{"name":"(anonymous_5)","decl":{"start":{"line":64,"column":30},"end":{"line":64,"column":31}},"loc":{"start":{"line":64,"column":47},"end":{"line":64,"column":78}},"line":64},"6":{"name":"(anonymous_6)","decl":{"start":{"line":66,"column":15},"end":{"line":66,"column":16}},"loc":{"start":{"line":66,"column":41},"end":{"line":74,"column":1}},"line":66},"7":{"name":"(anonymous_7)","decl":{"start":{"line":76,"column":26},"end":{"line":76,"column":27}},"loc":{"start":{"line":76,"column":38},"end":{"line":85,"column":1}},"line":76},"8":{"name":"(anonymous_8)","decl":{"start":{"line":87,"column":34},"end":{"line":87,"column":35}},"loc":{"start":{"line":87,"column":40},"end":{"line":90,"column":1}},"line":87}},"branchMap":{"0":{"loc":{"start":{"line":18,"column":2},"end":{"line":18,"column":48}},"type":"if","locations":[{"start":{"line":18,"column":2},"end":{"line":18,"column":48}},{"start":{},"end":{}}],"line":18},"1":{"loc":{"start":{"line":19,"column":2},"end":{"line":19,"column":42}},"type":"if","locations":[{"start":{"line":19,"column":2},"end":{"line":19,"column":42}},{"start":{},"end":{}}],"line":19},"2":{"loc":{"start":{"line":35,"column":4},"end":{"line":39,"column":5}},"type":"if","locations":[{"start":{"line":35,"column":4},"end":{"line":39,"column":5}},{"start":{"line":37,"column":11},"end":{"line":39,"column":5}}],"line":35},"3":{"loc":{"start":{"line":35,"column":8},"end":{"line":35,"column":54}},"type":"binary-expr","locations":[{"start":{"line":35,"column":8},"end":{"line":35,"column":29}},{"start":{"line":35,"column":33},"end":{"line":35,"column":54}}],"line":35},"4":{"loc":{"start":{"line":37,"column":11},"end":{"line":39,"column":5}},"type":"if","locations":[{"start":{"line":37,"column":11},"end":{"line":39,"column":5}},{"start":{},"end":{}}],"line":37},"5":{"loc":{"start":{"line":37,"column":15},"end":{"line":37,"column":62}},"type":"binary-expr","locations":[{"start":{"line":37,"column":15},"end":{"line":37,"column":36}},{"start":{"line":37,"column":40},"end":{"line":37,"column":62}}],"line":37},"6":{"loc":{"start":{"line":55,"column":2},"end":{"line":57,"column":3}},"type":"if","locations":[{"start":{"line":55,"column":2},"end":{"line":57,"column":3}},{"start":{},"end":{}}],"line":55},"7":{"loc":{"start":{"line":58,"column":2},"end":{"line":60,"column":3}},"type":"if","locations":[{"start":{"line":58,"column":2},"end":{"line":60,"column":3}},{"start":{},"end":{}}],"line":58},"8":{"loc":{"start":{"line":58,"column":6},"end":{"line":58,"column":60}},"type":"binary-expr","locations":[{"start":{"line":58,"column":6},"end":{"line":58,"column":33}},{"start":{"line":58,"column":37},"end":{"line":58,"column":60}}],"line":58}},"s":{"0":8,"1":61,"2":61,"3":61,"4":61,"5":61,"6":1525,"7":61,"8":8,"9":34,"10":34,"11":34,"12":34,"13":34,"14":34,"15":34,"16":0,"17":34,"18":8,"19":0,"20":0,"21":0,"22":8,"23":59,"24":59,"25":59,"26":59,"27":550,"28":550,"29":0,"30":550,"31":543,"32":59,"33":8,"34":26,"35":26,"36":26,"37":26,"38":26,"39":26,"40":26,"41":26,"42":26,"43":0,"44":26,"45":0,"46":26,"47":8,"48":3,"49":8,"50":96,"51":96,"52":96,"53":96,"54":96,"55":747,"56":96,"57":8,"58":40,"59":40,"60":40,"61":40,"62":40,"63":40,"64":8,"65":14,"66":14,"67":8},"f":{"0":61,"1":34,"2":0,"3":59,"4":26,"5":3,"6":96,"7":40,"8":14},"b":{"0":[34,0],"1":[0,34],"2":[0,550],"3":[550,543],"4":[543,7],"5":[550,543],"6":[0,26],"7":[0,26],"8":[26,0]},"_coverageSchema":"1a1c01bbd47fc00a2c39e90264f33305004495a9","hash":"9df83f1dac377333115263c6df4606a41bcd98fd"}
,"/home/naveen/assignment/src/validation/users.js": {"path":"/home/naveen/assignment/src/validation/users.js","statementMap":{"0":{"start":{"line":3,"column":12},"end":{"line":3,"column":26}},"1":{"start":{"line":4,"column":23},"end":{"line":4,"column":58}},"2":{"start":{"line":6,"column":30},"end":{"line":18,"column":1}},"3":{"start":{"line":7,"column":23},"end":{"line":16,"column":4}},"4":{"start":{"line":17,"column":2},"end":{"line":17,"column":45}},"5":{"start":{"line":20,"column":23},"end":{"line":29,"column":1}},"6":{"start":{"line":21,"column":2},"end":{"line":23,"column":3}},"7":{"start":{"line":22,"column":4},"end":{"line":22,"column":58}},"8":{"start":{"line":24,"column":21},"end":{"line":24,"column":46}},"9":{"start":{"line":25,"column":2},"end":{"line":27,"column":3}},"10":{"start":{"line":26,"column":4},"end":{"line":26,"column":62}},"11":{"start":{"line":28,"column":2},"end":{"line":28,"column":53}},"12":{"start":{"line":31,"column":0},"end":{"line":34,"column":2}}},"fnMap":{"0":{"name":"(anonymous_0)","decl":{"start":{"line":6,"column":30},"end":{"line":6,"column":31}},"loc":{"start":{"line":6,"column":40},"end":{"line":18,"column":1}},"line":6},"1":{"name":"(anonymous_1)","decl":{"start":{"line":20,"column":23},"end":{"line":20,"column":24}},"loc":{"start":{"line":20,"column":39},"end":{"line":29,"column":1}},"line":20}},"branchMap":{"0":{"loc":{"start":{"line":21,"column":2},"end":{"line":23,"column":3}},"type":"if","locations":[{"start":{"line":21,"column":2},"end":{"line":23,"column":3}},{"start":{},"end":{}}],"line":21},"1":{"loc":{"start":{"line":25,"column":2},"end":{"line":27,"column":3}},"type":"if","locations":[{"start":{"line":25,"column":2},"end":{"line":27,"column":3}},{"start":{},"end":{}}],"line":25}},"s":{"0":8,"1":8,"2":8,"3":22,"4":22,"5":8,"6":22,"7":6,"8":16,"9":16,"10":1,"11":15,"12":8},"f":{"0":22,"1":22},"b":{"0":[6,16],"1":[1,15]},"_coverageSchema":"1a1c01bbd47fc00a2c39e90264f33305004495a9","hash":"904ee318d8bfcd5460fe0f40660fb4434b258ed2"}
}
