{"/home/naveen/assignment/src/app.js": {"path":"/home/naveen/assignment/src/app.js","statementMap":{"0":{"start":{"line":3,"column":16},"end":{"line":3,"column":34}},"1":{"start":{"line":5,"column":12},"end":{"line":5,"column":21}},"2":{"start":{"line":7,"column":0},"end":{"line":7,"column":24}},"3":{"start":{"line":9,"column":26},"end":{"line":9,"column":67}},"4":{"start":{"line":10,"column":27},"end":{"line":10,"column":72}},"5":{"start":{"line":11,"column":43},"end":{"line":11,"column":84}},"6":{"start":{"line":12,"column":33},"end":{"line":12,"column":78}},"7":{"start":{"line":14,"column":23},"end":{"line":14,"column":51}},"8":{"start":{"line":19,"column":0},"end":{"line":19,"column":32}},"9":{"start":{"line":20,"column":0},"end":{"line":20,"column":32}},"10":{"start":{"line":23,"column":0},"end":{"line":23,"column":56}},"11":{"start":{"line":26,"column":0},"end":{"line":26,"column":59}},"12":{"start":{"line":27,"column":0},"end":{"line":27,"column":54}},"13":{"start":{"line":30,"column":0},"end":{"line":30,"column":62}},"14":{"start":{"line":32,"column":0},"end":{"line":32,"column":21}}},"fnMap":{},"branchMap":{},"s":{"0":3,"1":3,"2":3,"3":3,"4":3,"5":3,"6":3,"7":3,"8":3,"9":3,"10":3,"11":3,"12":3,"13":3,"14":3},"f":{},"b":{},"_coverageSchema":"1a1c01bbd47fc00a2c39e90264f33305004495a9","hash":"6ddaba3eabef5d13e628ef93230bd8205941f8ad"}
,"/home/naveen/assignment/src/controller/accountController.js": {"path":"/home/naveen/assignment/src/controller/accountController.js","statementMap":{"0":{"start":{"line":1,"column":30},"end":{"line":1,"column":68}},"1":{"start":{"line":3,"column":22},"end":{"line":17,"column":1}},"2":{"start":{"line":4,"column":2},"end":{"line":16,"column":3}},"3":{"start":{"line":5,"column":37},"end":{"line":5,"column":45}},"4":{"start":{"line":6,"column":24},"end":{"line":6,"column":45}},"5":{"start":{"line":7,"column":21},"end":{"line":7,"column":39}},"6":{"start":{"line":8,"column":38},"end":{"line":10,"column":6}},"7":{"start":{"line":11,"column":4},"end":{"line":11,"column":47}},"8":{"start":{"line":13,"column":4},"end":{"line":15,"column":7}},"9":{"start":{"line":19,"column":0},"end":{"line":21,"column":2}}},"fnMap":{"0":{"name":"(anonymous_0)","decl":{"start":{"line":3,"column":22},"end":{"line":3,"column":23}},"loc":{"start":{"line":3,"column":42},"end":{"line":17,"column":1}},"line":3}},"branchMap":{},"s":{"0":3,"1":3,"2":17,"3":17,"4":17,"5":17,"6":17,"7":17,"8":0,"9":3},"f":{"0":17},"b":{},"_coverageSchema":"1a1c01bbd47fc00a2c39e90264f33305004495a9","hash":"bc484c82424f456bfcf55d89d7ef329e0a9342b8"}
,"/home/naveen/assignment/src/controller/detailsController.js": {"path":"/home/naveen/assignment/src/controller/detailsController.js","statementMap":{"0":{"start":{"line":1,"column":50},"end":{"line":1,"column":88}},"1":{"start":{"line":3,"column":26},"end":{"line":11,"column":1}},"2":{"start":{"line":4,"column":2},"end":{"line":10,"column":3}},"3":{"start":{"line":5,"column":19},"end":{"line":5,"column":27}},"4":{"start":{"line":6,"column":41},"end":{"line":6,"column":71}},"5":{"start":{"line":7,"column":4},"end":{"line":7,"column":50}},"6":{"start":{"line":9,"column":4},"end":{"line":9,"column":85}},"7":{"start":{"line":13,"column":20},"end":{"line":30,"column":1}},"8":{"start":{"line":14,"column":2},"end":{"line":29,"column":3}},"9":{"start":{"line":15,"column":4},"end":{"line":17,"column":5}},"10":{"start":{"line":16,"column":6},"end":{"line":16,"column":24}},"11":{"start":{"line":18,"column":4},"end":{"line":20,"column":5}},"12":{"start":{"line":19,"column":6},"end":{"line":19,"column":25}},"13":{"start":{"line":23,"column":8},"end":{"line":23,"column":16}},"14":{"start":{"line":24,"column":24},"end":{"line":24,"column":45}},"15":{"start":{"line":25,"column":33},"end":{"line":25,"column":83}},"16":{"start":{"line":26,"column":4},"end":{"line":26,"column":42}},"17":{"start":{"line":28,"column":4},"end":{"line":28,"column":85}},"18":{"start":{"line":32,"column":0},"end":{"line":35,"column":2}}},"fnMap":{"0":{"name":"(anonymous_0)","decl":{"start":{"line":3,"column":26},"end":{"line":3,"column":27}},"loc":{"start":{"line":3,"column":46},"end":{"line":11,"column":1}},"line":3},"1":{"name":"(anonymous_1)","decl":{"start":{"line":13,"column":20},"end":{"line":13,"column":21}},"loc":{"start":{"line":13,"column":40},"end":{"line":30,"column":1}},"line":13}},"branchMap":{"0":{"loc":{"start":{"line":15,"column":4},"end":{"line":17,"column":5}},"type":"if","locations":[{"start":{"line":15,"column":4},"end":{"line":17,"column":5}},{"start":{},"end":{}}],"line":15},"1":{"loc":{"start":{"line":18,"column":4},"end":{"line":20,"column":5}},"type":"if","locations":[{"start":{"line":18,"column":4},"end":{"line":20,"column":5}},{"start":{},"end":{}}],"line":18}},"s":{"0":3,"1":3,"2":1,"3":1,"4":1,"5":1,"6":0,"7":3,"8":2,"9":2,"10":1,"11":2,"12":1,"13":2,"14":2,"15":2,"16":2,"17":0,"18":3},"f":{"0":1,"1":2},"b":{"0":[1,1],"1":[1,1]},"_coverageSchema":"1a1c01bbd47fc00a2c39e90264f33305004495a9","hash":"bc8bd40e198dfb31f7c60a469731155284830e37"}
,"/home/naveen/assignment/src/controller/transactionController.js": {"path":"/home/naveen/assignment/src/controller/transactionController.js","statementMap":{"0":{"start":{"line":2,"column":31},"end":{"line":2,"column":73}},"1":{"start":{"line":4,"column":29},"end":{"line":18,"column":1}},"2":{"start":{"line":5,"column":2},"end":{"line":17,"column":3}},"3":{"start":{"line":6,"column":27},"end":{"line":6,"column":35}},"4":{"start":{"line":7,"column":24},"end":{"line":7,"column":45}},"5":{"start":{"line":8,"column":23},"end":{"line":8,"column":43}},"6":{"start":{"line":9,"column":20},"end":{"line":9,"column":28}},"7":{"start":{"line":10,"column":29},"end":{"line":10,"column":55}},"8":{"start":{"line":11,"column":39},"end":{"line":13,"column":6}},"9":{"start":{"line":14,"column":4},"end":{"line":14,"column":48}},"10":{"start":{"line":16,"column":4},"end":{"line":16,"column":78}},"11":{"start":{"line":20,"column":0},"end":{"line":22,"column":2}}},"fnMap":{"0":{"name":"(anonymous_0)","decl":{"start":{"line":4,"column":29},"end":{"line":4,"column":30}},"loc":{"start":{"line":4,"column":49},"end":{"line":18,"column":1}},"line":4}},"branchMap":{},"s":{"0":3,"1":3,"2":15,"3":15,"4":15,"5":15,"6":15,"7":15,"8":15,"9":15,"10":0,"11":3},"f":{"0":15},"b":{},"_coverageSchema":"1a1c01bbd47fc00a2c39e90264f33305004495a9","hash":"153cfd90fbdd13d44add31eb397e0127c92e8a7c"}
,"/home/naveen/assignment/src/controller/userProfileController.js": {"path":"/home/naveen/assignment/src/controller/userProfileController.js","statementMap":{"0":{"start":{"line":3,"column":4},"end":{"line":3,"column":45}},"1":{"start":{"line":5,"column":15},"end":{"line":18,"column":1}},"2":{"start":{"line":6,"column":2},"end":{"line":17,"column":3}},"3":{"start":{"line":9,"column":8},"end":{"line":9,"column":16}},"4":{"start":{"line":10,"column":20},"end":{"line":10,"column":37}},"5":{"start":{"line":11,"column":27},"end":{"line":13,"column":6}},"6":{"start":{"line":14,"column":4},"end":{"line":14,"column":36}},"7":{"start":{"line":16,"column":4},"end":{"line":16,"column":78}},"8":{"start":{"line":20,"column":15},"end":{"line":28,"column":1}},"9":{"start":{"line":21,"column":2},"end":{"line":27,"column":3}},"10":{"start":{"line":22,"column":35},"end":{"line":22,"column":43}},"11":{"start":{"line":23,"column":27},"end":{"line":23,"column":67}},"12":{"start":{"line":24,"column":4},"end":{"line":24,"column":36}},"13":{"start":{"line":26,"column":4},"end":{"line":26,"column":78}},"14":{"start":{"line":30,"column":0},"end":{"line":32,"column":2}}},"fnMap":{"0":{"name":"(anonymous_0)","decl":{"start":{"line":5,"column":15},"end":{"line":5,"column":16}},"loc":{"start":{"line":5,"column":35},"end":{"line":18,"column":1}},"line":5},"1":{"name":"(anonymous_1)","decl":{"start":{"line":20,"column":15},"end":{"line":20,"column":16}},"loc":{"start":{"line":20,"column":35},"end":{"line":28,"column":1}},"line":20}},"branchMap":{},"s":{"0":3,"1":3,"2":10,"3":10,"4":10,"5":10,"6":10,"7":0,"8":3,"9":5,"10":5,"11":5,"12":5,"13":0,"14":3},"f":{"0":10,"1":5},"b":{},"_coverageSchema":"1a1c01bbd47fc00a2c39e90264f33305004495a9","hash":"dd2a90325bc463a576ddbba1d21242ec4f461720"}
,"/home/naveen/assignment/src/db/connection.js": {"path":"/home/naveen/assignment/src/db/connection.js","statementMap":{"0":{"start":{"line":1,"column":17},"end":{"line":1,"column":30}},"1":{"start":{"line":2,"column":0},"end":{"line":2,"column":27}},"2":{"start":{"line":5,"column":21},"end":{"line":5,"column":51}},"3":{"start":{"line":6,"column":13},"end":{"line":13,"column":2}},"4":{"start":{"line":15,"column":0},"end":{"line":15,"column":26}}},"fnMap":{},"branchMap":{},"s":{"0":8,"1":8,"2":8,"3":8,"4":8},"f":{},"b":{},"_coverageSchema":"1a1c01bbd47fc00a2c39e90264f33305004495a9","hash":"ad06402791447cb34fe856a48459d4d1029ec749"}
,"/home/naveen/assignment/src/middleware/auth.js": {"path":"/home/naveen/assignment/src/middleware/auth.js","statementMap":{"0":{"start":{"line":1,"column":12},"end":{"line":1,"column":35}},"1":{"start":{"line":2,"column":15},"end":{"line":2,"column":32}},"2":{"start":{"line":3,"column":37},"end":{"line":3,"column":67}},"3":{"start":{"line":5,"column":0},"end":{"line":5,"column":16}},"4":{"start":{"line":6,"column":15},"end":{"line":6,"column":33}},"5":{"start":{"line":8,"column":23},"end":{"line":27,"column":1}},"6":{"start":{"line":9,"column":2},"end":{"line":26,"column":3}},"7":{"start":{"line":10,"column":18},"end":{"line":10,"column":59}},"8":{"start":{"line":11,"column":20},"end":{"line":11,"column":45}},"9":{"start":{"line":13,"column":17},"end":{"line":13,"column":53}},"10":{"start":{"line":15,"column":4},"end":{"line":21,"column":5}},"11":{"start":{"line":16,"column":6},"end":{"line":16,"column":31}},"12":{"start":{"line":18,"column":6},"end":{"line":18,"column":13}},"13":{"start":{"line":20,"column":6},"end":{"line":20,"column":52}},"14":{"start":{"line":23,"column":4},"end":{"line":25,"column":7}},"15":{"start":{"line":29,"column":0},"end":{"line":29,"column":32}}},"fnMap":{"0":{"name":"(anonymous_0)","decl":{"start":{"line":8,"column":23},"end":{"line":8,"column":24}},"loc":{"start":{"line":8,"column":49},"end":{"line":27,"column":1}},"line":8}},"branchMap":{"0":{"loc":{"start":{"line":15,"column":4},"end":{"line":21,"column":5}},"type":"if","locations":[{"start":{"line":15,"column":4},"end":{"line":21,"column":5}},{"start":{"line":19,"column":11},"end":{"line":21,"column":5}}],"line":15}},"s":{"0":3,"1":3,"2":3,"3":3,"4":3,"5":3,"6":36,"7":36,"8":36,"9":35,"10":35,"11":35,"12":35,"13":0,"14":1,"15":3},"f":{"0":36},"b":{"0":[35,0]},"_coverageSchema":"1a1c01bbd47fc00a2c39e90264f33305004495a9","hash":"de6e5b05d9bbe889c4dd5889687767ccc3889a36"}
,"/home/naveen/assignment/src/models/accountsModel.js": {"path":"/home/naveen/assignment/src/models/accountsModel.js","statementMap":{"0":{"start":{"line":2,"column":17},"end":{"line":2,"column":44}},"1":{"start":{"line":4,"column":27},"end":{"line":10,"column":1}},"2":{"start":{"line":5,"column":17},"end":{"line":8,"column":3}},"3":{"start":{"line":9,"column":2},"end":{"line":9,"column":16}},"4":{"start":{"line":12,"column":26},"end":{"line":18,"column":1}},"5":{"start":{"line":13,"column":17},"end":{"line":16,"column":3}},"6":{"start":{"line":17,"column":2},"end":{"line":17,"column":21}},"7":{"start":{"line":20,"column":30},"end":{"line":26,"column":1}},"8":{"start":{"line":21,"column":17},"end":{"line":24,"column":3}},"9":{"start":{"line":25,"column":2},"end":{"line":25,"column":16}},"10":{"start":{"line":28,"column":41},"end":{"line":35,"column":1}},"11":{"start":{"line":29,"column":17},"end":{"line":33,"column":3}},"12":{"start":{"line":34,"column":2},"end":{"line":34,"column":24}},"13":{"start":{"line":37,"column":26},"end":{"line":45,"column":1}},"14":{"start":{"line":38,"column":17},"end":{"line":43,"column":3}},"15":{"start":{"line":44,"column":2},"end":{"line":44,"column":16}},"16":{"start":{"line":47,"column":25},"end":{"line":80,"column":1}},"17":{"start":{"line":53,"column":2},"end":{"line":79,"column":3}},"18":{"start":{"line":54,"column":4},"end":{"line":54,"column":34}},"19":{"start":{"line":55,"column":4},"end":{"line":55,"column":32}},"20":{"start":{"line":56,"column":20},"end":{"line":59,"column":5}},"21":{"start":{"line":60,"column":4},"end":{"line":62,"column":5}},"22":{"start":{"line":61,"column":6},"end":{"line":61,"column":24}},"23":{"start":{"line":64,"column":20},"end":{"line":67,"column":5}},"24":{"start":{"line":68,"column":4},"end":{"line":70,"column":5}},"25":{"start":{"line":69,"column":6},"end":{"line":69,"column":24}},"26":{"start":{"line":72,"column":4},"end":{"line":72,"column":33}},"27":{"start":{"line":73,"column":4},"end":{"line":73,"column":56}},"28":{"start":{"line":75,"column":4},"end":{"line":75,"column":35}},"29":{"start":{"line":76,"column":4},"end":{"line":76,"column":64}},"30":{"start":{"line":78,"column":4},"end":{"line":78,"column":21}},"31":{"start":{"line":82,"column":28},"end":{"line":111,"column":1}},"32":{"start":{"line":88,"column":2},"end":{"line":110,"column":3}},"33":{"start":{"line":89,"column":4},"end":{"line":89,"column":34}},"34":{"start":{"line":90,"column":4},"end":{"line":90,"column":32}},"35":{"start":{"line":91,"column":20},"end":{"line":94,"column":5}},"36":{"start":{"line":95,"column":4},"end":{"line":95,"column":54}},"37":{"start":{"line":95,"column":34},"end":{"line":95,"column":52}},"38":{"start":{"line":97,"column":20},"end":{"line":100,"column":5}},"39":{"start":{"line":101,"column":4},"end":{"line":101,"column":54}},"40":{"start":{"line":101,"column":34},"end":{"line":101,"column":52}},"41":{"start":{"line":103,"column":4},"end":{"line":103,"column":33}},"42":{"start":{"line":104,"column":4},"end":{"line":104,"column":56}},"43":{"start":{"line":106,"column":4},"end":{"line":106,"column":35}},"44":{"start":{"line":107,"column":4},"end":{"line":107,"column":64}},"45":{"start":{"line":109,"column":4},"end":{"line":109,"column":21}},"46":{"start":{"line":113,"column":0},"end":{"line":121,"column":2}}},"fnMap":{"0":{"name":"(anonymous_0)","decl":{"start":{"line":4,"column":27},"end":{"line":4,"column":28}},"loc":{"start":{"line":4,"column":96},"end":{"line":10,"column":1}},"line":4},"1":{"name":"(anonymous_1)","decl":{"start":{"line":12,"column":26},"end":{"line":12,"column":27}},"loc":{"start":{"line":12,"column":44},"end":{"line":18,"column":1}},"line":12},"2":{"name":"(anonymous_2)","decl":{"start":{"line":20,"column":30},"end":{"line":20,"column":31}},"loc":{"start":{"line":20,"column":53},"end":{"line":26,"column":1}},"line":20},"3":{"name":"(anonymous_3)","decl":{"start":{"line":28,"column":41},"end":{"line":28,"column":42}},"loc":{"start":{"line":28,"column":72},"end":{"line":35,"column":1}},"line":28},"4":{"name":"(anonymous_4)","decl":{"start":{"line":37,"column":26},"end":{"line":37,"column":27}},"loc":{"start":{"line":37,"column":72},"end":{"line":45,"column":1}},"line":37},"5":{"name":"(anonymous_5)","decl":{"start":{"line":47,"column":25},"end":{"line":47,"column":26}},"loc":{"start":{"line":51,"column":5},"end":{"line":80,"column":1}},"line":51},"6":{"name":"(anonymous_6)","decl":{"start":{"line":82,"column":28},"end":{"line":82,"column":29}},"loc":{"start":{"line":86,"column":5},"end":{"line":111,"column":1}},"line":86}},"branchMap":{"0":{"loc":{"start":{"line":60,"column":4},"end":{"line":62,"column":5}},"type":"if","locations":[{"start":{"line":60,"column":4},"end":{"line":62,"column":5}},{"start":{},"end":{}}],"line":60},"1":{"loc":{"start":{"line":68,"column":4},"end":{"line":70,"column":5}},"type":"if","locations":[{"start":{"line":68,"column":4},"end":{"line":70,"column":5}},{"start":{},"end":{}}],"line":68},"2":{"loc":{"start":{"line":95,"column":4},"end":{"line":95,"column":54}},"type":"if","locations":[{"start":{"line":95,"column":4},"end":{"line":95,"column":54}},{"start":{},"end":{}}],"line":95},"3":{"loc":{"start":{"line":101,"column":4},"end":{"line":101,"column":54}},"type":"if","locations":[{"start":{"line":101,"column":4},"end":{"line":101,"column":54}},{"start":{},"end":{}}],"line":101}},"s":{"0":6,"1":6,"2":8,"3":8,"4":6,"5":10,"6":10,"7":6,"8":1,"9":1,"10":6,"11":67,"12":67,"13":6,"14":2,"15":2,"16":6,"17":5,"18":5,"19":5,"20":5,"21":5,"22":0,"23":5,"24":5,"25":0,"26":5,"27":5,"28":0,"29":0,"30":5,"31":6,"32":9,"33":9,"34":9,"35":9,"36":9,"37":0,"38":9,"39":9,"40":0,"41":9,"42":9,"43":0,"44":0,"45":9,"46":6},"f":{"0":8,"1":10,"2":1,"3":67,"4":2,"5":5,"6":9},"b":{"0":[0,5],"1":[0,5],"2":[0,9],"3":[0,9]},"_coverageSchema":"1a1c01bbd47fc00a2c39e90264f33305004495a9","hash":"9d87404c066d6e20f264c717207ddd3ea5e69a2e"}
,"/home/naveen/assignment/src/models/atmModel.js": {"path":"/home/naveen/assignment/src/models/atmModel.js","statementMap":{"0":{"start":{"line":1,"column":17},"end":{"line":1,"column":44}},"1":{"start":{"line":3,"column":23},"end":{"line":10,"column":1}},"2":{"start":{"line":4,"column":17},"end":{"line":8,"column":3}},"3":{"start":{"line":9,"column":2},"end":{"line":9,"column":24}},"4":{"start":{"line":12,"column":42},"end":{"line":19,"column":1}},"5":{"start":{"line":13,"column":17},"end":{"line":17,"column":3}},"6":{"start":{"line":18,"column":2},"end":{"line":18,"column":24}},"7":{"start":{"line":21,"column":0},"end":{"line":24,"column":2}}},"fnMap":{"0":{"name":"(anonymous_0)","decl":{"start":{"line":3,"column":23},"end":{"line":3,"column":24}},"loc":{"start":{"line":3,"column":45},"end":{"line":10,"column":1}},"line":3},"1":{"name":"(anonymous_1)","decl":{"start":{"line":12,"column":42},"end":{"line":12,"column":43}},"loc":{"start":{"line":12,"column":67},"end":{"line":19,"column":1}},"line":12}},"branchMap":{},"s":{"0":6,"1":6,"2":8,"3":8,"4":6,"5":3,"6":3,"7":6},"f":{"0":8,"1":3},"b":{},"_coverageSchema":"1a1c01bbd47fc00a2c39e90264f33305004495a9","hash":"46dc792273e7a0b619ff5862152f1b55fd8bfb80"}
,"/home/naveen/assignment/src/models/loanAccountModel.js": {"path":"/home/naveen/assignment/src/models/loanAccountModel.js","statementMap":{"0":{"start":{"line":2,"column":17},"end":{"line":2,"column":44}},"1":{"start":{"line":3,"column":58},"end":{"line":3,"column":87}},"2":{"start":{"line":5,"column":32},"end":{"line":15,"column":1}},"3":{"start":{"line":6,"column":17},"end":{"line":13,"column":3}},"4":{"start":{"line":14,"column":2},"end":{"line":14,"column":16}},"5":{"start":{"line":17,"column":49},"end":{"line":29,"column":1}},"6":{"start":{"line":18,"column":17},"end":{"line":27,"column":3}},"7":{"start":{"line":28,"column":2},"end":{"line":28,"column":24}},"8":{"start":{"line":31,"column":26},"end":{"line":39,"column":1}},"9":{"start":{"line":32,"column":17},"end":{"line":37,"column":3}},"10":{"start":{"line":38,"column":2},"end":{"line":38,"column":16}},"11":{"start":{"line":41,"column":34},"end":{"line":51,"column":1}},"12":{"start":{"line":42,"column":17},"end":{"line":49,"column":3}},"13":{"start":{"line":50,"column":2},"end":{"line":50,"column":16}},"14":{"start":{"line":53,"column":30},"end":{"line":63,"column":1}},"15":{"start":{"line":54,"column":17},"end":{"line":61,"column":3}},"16":{"start":{"line":62,"column":2},"end":{"line":62,"column":24}},"17":{"start":{"line":65,"column":0},"end":{"line":71,"column":2}}},"fnMap":{"0":{"name":"(anonymous_0)","decl":{"start":{"line":5,"column":32},"end":{"line":5,"column":33}},"loc":{"start":{"line":5,"column":44},"end":{"line":15,"column":1}},"line":5},"1":{"name":"(anonymous_1)","decl":{"start":{"line":17,"column":49},"end":{"line":17,"column":50}},"loc":{"start":{"line":17,"column":74},"end":{"line":29,"column":1}},"line":17},"2":{"name":"(anonymous_2)","decl":{"start":{"line":31,"column":26},"end":{"line":31,"column":27}},"loc":{"start":{"line":31,"column":59},"end":{"line":39,"column":1}},"line":31},"3":{"name":"(anonymous_3)","decl":{"start":{"line":41,"column":34},"end":{"line":41,"column":35}},"loc":{"start":{"line":41,"column":59},"end":{"line":51,"column":1}},"line":41},"4":{"name":"(anonymous_4)","decl":{"start":{"line":53,"column":30},"end":{"line":53,"column":31}},"loc":{"start":{"line":53,"column":48},"end":{"line":63,"column":1}},"line":53}},"branchMap":{},"s":{"0":6,"1":6,"2":6,"3":1,"4":1,"5":6,"6":3,"7":3,"8":6,"9":1,"10":1,"11":6,"12":1,"13":1,"14":6,"15":18,"16":18,"17":6},"f":{"0":1,"1":3,"2":1,"3":1,"4":18},"b":{},"_coverageSchema":"1a1c01bbd47fc00a2c39e90264f33305004495a9","hash":"86aa431bb710f7376f827712a92039ca22dd529c"}
,"/home/naveen/assignment/src/models/transactionModel.js": {"path":"/home/naveen/assignment/src/models/transactionModel.js","statementMap":{"0":{"start":{"line":3,"column":17},"end":{"line":3,"column":44}},"1":{"start":{"line":4,"column":43},"end":{"line":4,"column":72}},"2":{"start":{"line":6,"column":37},"end":{"line":16,"column":1}},"3":{"start":{"line":7,"column":17},"end":{"line":14,"column":3}},"4":{"start":{"line":15,"column":2},"end":{"line":15,"column":16}},"5":{"start":{"line":18,"column":54},"end":{"line":25,"column":1}},"6":{"start":{"line":19,"column":17},"end":{"line":23,"column":3}},"7":{"start":{"line":24,"column":2},"end":{"line":24,"column":28}},"8":{"start":{"line":27,"column":54},"end":{"line":37,"column":1}},"9":{"start":{"line":28,"column":17},"end":{"line":35,"column":3}},"10":{"start":{"line":36,"column":2},"end":{"line":36,"column":25}},"11":{"start":{"line":39,"column":41},"end":{"line":49,"column":1}},"12":{"start":{"line":40,"column":17},"end":{"line":47,"column":3}},"13":{"start":{"line":48,"column":2},"end":{"line":48,"column":16}},"14":{"start":{"line":51,"column":45},"end":{"line":61,"column":1}},"15":{"start":{"line":52,"column":17},"end":{"line":59,"column":3}},"16":{"start":{"line":60,"column":2},"end":{"line":60,"column":25}},"17":{"start":{"line":63,"column":41},"end":{"line":73,"column":1}},"18":{"start":{"line":64,"column":17},"end":{"line":71,"column":3}},"19":{"start":{"line":72,"column":2},"end":{"line":72,"column":16}},"20":{"start":{"line":75,"column":30},"end":{"line":85,"column":1}},"21":{"start":{"line":76,"column":17},"end":{"line":83,"column":3}},"22":{"start":{"line":84,"column":2},"end":{"line":84,"column":16}},"23":{"start":{"line":87,"column":22},"end":{"line":145,"column":1}},"24":{"start":{"line":95,"column":2},"end":{"line":144,"column":3}},"25":{"start":{"line":96,"column":4},"end":{"line":96,"column":34}},"26":{"start":{"line":97,"column":4},"end":{"line":97,"column":32}},"27":{"start":{"line":98,"column":31},"end":{"line":103,"column":5}},"28":{"start":{"line":105,"column":28},"end":{"line":110,"column":5}},"29":{"start":{"line":112,"column":41},"end":{"line":117,"column":5}},"30":{"start":{"line":119,"column":4},"end":{"line":119,"column":146}},"31":{"start":{"line":119,"column":126},"end":{"line":119,"column":144}},"32":{"start":{"line":121,"column":4},"end":{"line":128,"column":5}},"33":{"start":{"line":123,"column":21},"end":{"line":126,"column":7}},"34":{"start":{"line":127,"column":6},"end":{"line":127,"column":55}},"35":{"start":{"line":127,"column":35},"end":{"line":127,"column":53}},"36":{"start":{"line":129,"column":4},"end":{"line":136,"column":5}},"37":{"start":{"line":131,"column":21},"end":{"line":134,"column":7}},"38":{"start":{"line":135,"column":6},"end":{"line":135,"column":55}},"39":{"start":{"line":135,"column":35},"end":{"line":135,"column":53}},"40":{"start":{"line":137,"column":4},"end":{"line":137,"column":33}},"41":{"start":{"line":138,"column":4},"end":{"line":138,"column":58}},"42":{"start":{"line":140,"column":4},"end":{"line":140,"column":35}},"43":{"start":{"line":141,"column":4},"end":{"line":141,"column":72}},"44":{"start":{"line":143,"column":4},"end":{"line":143,"column":21}},"45":{"start":{"line":147,"column":24},"end":{"line":195,"column":1}},"46":{"start":{"line":157,"column":2},"end":{"line":194,"column":3}},"47":{"start":{"line":158,"column":4},"end":{"line":158,"column":34}},"48":{"start":{"line":159,"column":4},"end":{"line":159,"column":32}},"49":{"start":{"line":161,"column":4},"end":{"line":171,"column":5}},"50":{"start":{"line":163,"column":30},"end":{"line":168,"column":7}},"51":{"start":{"line":169,"column":6},"end":{"line":169,"column":64}},"52":{"start":{"line":169,"column":44},"end":{"line":169,"column":62}},"53":{"start":{"line":170,"column":6},"end":{"line":170,"column":37}},"54":{"start":{"line":173,"column":31},"end":{"line":178,"column":5}},"55":{"start":{"line":179,"column":4},"end":{"line":179,"column":65}},"56":{"start":{"line":179,"column":45},"end":{"line":179,"column":63}},"57":{"start":{"line":181,"column":19},"end":{"line":184,"column":5}},"58":{"start":{"line":185,"column":4},"end":{"line":185,"column":53}},"59":{"start":{"line":185,"column":33},"end":{"line":185,"column":51}},"60":{"start":{"line":187,"column":4},"end":{"line":187,"column":33}},"61":{"start":{"line":188,"column":4},"end":{"line":188,"column":65}},"62":{"start":{"line":190,"column":4},"end":{"line":190,"column":35}},"63":{"start":{"line":191,"column":4},"end":{"line":191,"column":79}},"64":{"start":{"line":193,"column":4},"end":{"line":193,"column":21}},"65":{"start":{"line":197,"column":25},"end":{"line":233,"column":1}},"66":{"start":{"line":206,"column":2},"end":{"line":232,"column":3}},"67":{"start":{"line":207,"column":4},"end":{"line":207,"column":34}},"68":{"start":{"line":208,"column":4},"end":{"line":208,"column":34}},"69":{"start":{"line":209,"column":4},"end":{"line":209,"column":32}},"70":{"start":{"line":211,"column":31},"end":{"line":216,"column":5}},"71":{"start":{"line":217,"column":4},"end":{"line":217,"column":65}},"72":{"start":{"line":217,"column":45},"end":{"line":217,"column":63}},"73":{"start":{"line":219,"column":19},"end":{"line":222,"column":5}},"74":{"start":{"line":223,"column":4},"end":{"line":223,"column":53}},"75":{"start":{"line":223,"column":33},"end":{"line":223,"column":51}},"76":{"start":{"line":225,"column":4},"end":{"line":225,"column":33}},"77":{"start":{"line":226,"column":4},"end":{"line":226,"column":66}},"78":{"start":{"line":228,"column":4},"end":{"line":228,"column":35}},"79":{"start":{"line":229,"column":4},"end":{"line":229,"column":80}},"80":{"start":{"line":231,"column":4},"end":{"line":231,"column":21}},"81":{"start":{"line":235,"column":22},"end":{"line":281,"column":1}},"82":{"start":{"line":244,"column":2},"end":{"line":280,"column":3}},"83":{"start":{"line":245,"column":4},"end":{"line":245,"column":34}},"84":{"start":{"line":246,"column":4},"end":{"line":246,"column":32}},"85":{"start":{"line":247,"column":4},"end":{"line":247,"column":34}},"86":{"start":{"line":249,"column":31},"end":{"line":254,"column":5}},"87":{"start":{"line":255,"column":4},"end":{"line":255,"column":65}},"88":{"start":{"line":255,"column":45},"end":{"line":255,"column":63}},"89":{"start":{"line":257,"column":19},"end":{"line":260,"column":5}},"90":{"start":{"line":261,"column":4},"end":{"line":261,"column":53}},"91":{"start":{"line":261,"column":33},"end":{"line":261,"column":51}},"92":{"start":{"line":263,"column":4},"end":{"line":271,"column":5}},"93":{"start":{"line":264,"column":35},"end":{"line":269,"column":7}},"94":{"start":{"line":270,"column":6},"end":{"line":270,"column":69}},"95":{"start":{"line":270,"column":49},"end":{"line":270,"column":67}},"96":{"start":{"line":273,"column":4},"end":{"line":273,"column":33}},"97":{"start":{"line":274,"column":4},"end":{"line":274,"column":70}},"98":{"start":{"line":276,"column":4},"end":{"line":276,"column":35}},"99":{"start":{"line":277,"column":4},"end":{"line":277,"column":72}},"100":{"start":{"line":279,"column":4},"end":{"line":279,"column":21}},"101":{"start":{"line":283,"column":21},"end":{"line":328,"column":1}},"102":{"start":{"line":294,"column":2},"end":{"line":327,"column":3}},"103":{"start":{"line":295,"column":4},"end":{"line":295,"column":34}},"104":{"start":{"line":296,"column":4},"end":{"line":296,"column":32}},"105":{"start":{"line":298,"column":31},"end":{"line":303,"column":5}},"106":{"start":{"line":304,"column":4},"end":{"line":304,"column":65}},"107":{"start":{"line":304,"column":45},"end":{"line":304,"column":63}},"108":{"start":{"line":306,"column":28},"end":{"line":311,"column":5}},"109":{"start":{"line":312,"column":4},"end":{"line":312,"column":62}},"110":{"start":{"line":312,"column":42},"end":{"line":312,"column":60}},"111":{"start":{"line":314,"column":19},"end":{"line":317,"column":5}},"112":{"start":{"line":318,"column":4},"end":{"line":318,"column":53}},"113":{"start":{"line":318,"column":33},"end":{"line":318,"column":51}},"114":{"start":{"line":320,"column":4},"end":{"line":320,"column":33}},"115":{"start":{"line":321,"column":4},"end":{"line":321,"column":52}},"116":{"start":{"line":323,"column":4},"end":{"line":323,"column":35}},"117":{"start":{"line":324,"column":4},"end":{"line":324,"column":66}},"118":{"start":{"line":326,"column":4},"end":{"line":326,"column":21}},"119":{"start":{"line":330,"column":32},"end":{"line":365,"column":1}},"120":{"start":{"line":339,"column":2},"end":{"line":364,"column":3}},"121":{"start":{"line":340,"column":4},"end":{"line":340,"column":34}},"122":{"start":{"line":341,"column":4},"end":{"line":341,"column":32}},"123":{"start":{"line":343,"column":28},"end":{"line":348,"column":5}},"124":{"start":{"line":349,"column":4},"end":{"line":349,"column":62}},"125":{"start":{"line":349,"column":42},"end":{"line":349,"column":60}},"126":{"start":{"line":351,"column":19},"end":{"line":354,"column":5}},"127":{"start":{"line":355,"column":4},"end":{"line":355,"column":53}},"128":{"start":{"line":355,"column":33},"end":{"line":355,"column":51}},"129":{"start":{"line":357,"column":4},"end":{"line":357,"column":33}},"130":{"start":{"line":358,"column":4},"end":{"line":358,"column":52}},"131":{"start":{"line":360,"column":4},"end":{"line":360,"column":35}},"132":{"start":{"line":361,"column":4},"end":{"line":361,"column":66}},"133":{"start":{"line":363,"column":4},"end":{"line":363,"column":21}},"134":{"start":{"line":367,"column":37},"end":{"line":402,"column":1}},"135":{"start":{"line":376,"column":2},"end":{"line":401,"column":3}},"136":{"start":{"line":377,"column":4},"end":{"line":377,"column":34}},"137":{"start":{"line":378,"column":4},"end":{"line":378,"column":32}},"138":{"start":{"line":380,"column":31},"end":{"line":385,"column":5}},"139":{"start":{"line":386,"column":4},"end":{"line":386,"column":65}},"140":{"start":{"line":386,"column":45},"end":{"line":386,"column":63}},"141":{"start":{"line":388,"column":19},"end":{"line":391,"column":5}},"142":{"start":{"line":392,"column":4},"end":{"line":392,"column":53}},"143":{"start":{"line":392,"column":33},"end":{"line":392,"column":51}},"144":{"start":{"line":394,"column":4},"end":{"line":394,"column":33}},"145":{"start":{"line":395,"column":4},"end":{"line":395,"column":52}},"146":{"start":{"line":397,"column":4},"end":{"line":397,"column":35}},"147":{"start":{"line":398,"column":4},"end":{"line":398,"column":66}},"148":{"start":{"line":400,"column":4},"end":{"line":400,"column":21}},"149":{"start":{"line":404,"column":0},"end":{"line":419,"column":2}}},"fnMap":{"0":{"name":"(anonymous_0)","decl":{"start":{"line":6,"column":37},"end":{"line":6,"column":38}},"loc":{"start":{"line":6,"column":83},"end":{"line":16,"column":1}},"line":6},"1":{"name":"(anonymous_1)","decl":{"start":{"line":18,"column":54},"end":{"line":18,"column":55}},"loc":{"start":{"line":18,"column":96},"end":{"line":25,"column":1}},"line":18},"2":{"name":"(anonymous_2)","decl":{"start":{"line":27,"column":54},"end":{"line":27,"column":55}},"loc":{"start":{"line":27,"column":92},"end":{"line":37,"column":1}},"line":27},"3":{"name":"(anonymous_3)","decl":{"start":{"line":39,"column":41},"end":{"line":39,"column":42}},"loc":{"start":{"line":39,"column":84},"end":{"line":49,"column":1}},"line":39},"4":{"name":"(anonymous_4)","decl":{"start":{"line":51,"column":45},"end":{"line":51,"column":46}},"loc":{"start":{"line":51,"column":83},"end":{"line":61,"column":1}},"line":51},"5":{"name":"(anonymous_5)","decl":{"start":{"line":63,"column":41},"end":{"line":63,"column":42}},"loc":{"start":{"line":63,"column":79},"end":{"line":73,"column":1}},"line":63},"6":{"name":"(anonymous_6)","decl":{"start":{"line":75,"column":30},"end":{"line":75,"column":31}},"loc":{"start":{"line":75,"column":75},"end":{"line":85,"column":1}},"line":75},"7":{"name":"(anonymous_7)","decl":{"start":{"line":87,"column":22},"end":{"line":87,"column":23}},"loc":{"start":{"line":93,"column":6},"end":{"line":145,"column":1}},"line":93},"8":{"name":"(anonymous_8)","decl":{"start":{"line":147,"column":24},"end":{"line":147,"column":25}},"loc":{"start":{"line":155,"column":6},"end":{"line":195,"column":1}},"line":155},"9":{"name":"(anonymous_9)","decl":{"start":{"line":197,"column":25},"end":{"line":197,"column":26}},"loc":{"start":{"line":204,"column":6},"end":{"line":233,"column":1}},"line":204},"10":{"name":"(anonymous_10)","decl":{"start":{"line":235,"column":22},"end":{"line":235,"column":23}},"loc":{"start":{"line":242,"column":6},"end":{"line":281,"column":1}},"line":242},"11":{"name":"(anonymous_11)","decl":{"start":{"line":283,"column":21},"end":{"line":283,"column":22}},"loc":{"start":{"line":292,"column":6},"end":{"line":328,"column":1}},"line":292},"12":{"name":"(anonymous_12)","decl":{"start":{"line":330,"column":32},"end":{"line":330,"column":33}},"loc":{"start":{"line":337,"column":6},"end":{"line":365,"column":1}},"line":337},"13":{"name":"(anonymous_13)","decl":{"start":{"line":367,"column":37},"end":{"line":367,"column":38}},"loc":{"start":{"line":374,"column":6},"end":{"line":402,"column":1}},"line":374}},"branchMap":{"0":{"loc":{"start":{"line":6,"column":59},"end":{"line":6,"column":67}},"type":"default-arg","locations":[{"start":{"line":6,"column":66},"end":{"line":6,"column":67}}],"line":6},"1":{"loc":{"start":{"line":6,"column":69},"end":{"line":6,"column":78}},"type":"default-arg","locations":[{"start":{"line":6,"column":76},"end":{"line":6,"column":78}}],"line":6},"2":{"loc":{"start":{"line":119,"column":4},"end":{"line":119,"column":146}},"type":"if","locations":[{"start":{"line":119,"column":4},"end":{"line":119,"column":146}},{"start":{},"end":{}}],"line":119},"3":{"loc":{"start":{"line":119,"column":8},"end":{"line":119,"column":122}},"type":"binary-expr","locations":[{"start":{"line":119,"column":8},"end":{"line":119,"column":41}},{"start":{"line":119,"column":45},"end":{"line":119,"column":75}},{"start":{"line":119,"column":79},"end":{"line":119,"column":122}}],"line":119},"4":{"loc":{"start":{"line":121,"column":4},"end":{"line":128,"column":5}},"type":"if","locations":[{"start":{"line":121,"column":4},"end":{"line":128,"column":5}},{"start":{},"end":{}}],"line":121},"5":{"loc":{"start":{"line":127,"column":6},"end":{"line":127,"column":55}},"type":"if","locations":[{"start":{"line":127,"column":6},"end":{"line":127,"column":55}},{"start":{},"end":{}}],"line":127},"6":{"loc":{"start":{"line":129,"column":4},"end":{"line":136,"column":5}},"type":"if","locations":[{"start":{"line":129,"column":4},"end":{"line":136,"column":5}},{"start":{},"end":{}}],"line":129},"7":{"loc":{"start":{"line":135,"column":6},"end":{"line":135,"column":55}},"type":"if","locations":[{"start":{"line":135,"column":6},"end":{"line":135,"column":55}},{"start":{},"end":{}}],"line":135},"8":{"loc":{"start":{"line":161,"column":4},"end":{"line":171,"column":5}},"type":"if","locations":[{"start":{"line":161,"column":4},"end":{"line":171,"column":5}},{"start":{},"end":{}}],"line":161},"9":{"loc":{"start":{"line":169,"column":6},"end":{"line":169,"column":64}},"type":"if","locations":[{"start":{"line":169,"column":6},"end":{"line":169,"column":64}},{"start":{},"end":{}}],"line":169},"10":{"loc":{"start":{"line":179,"column":4},"end":{"line":179,"column":65}},"type":"if","locations":[{"start":{"line":179,"column":4},"end":{"line":179,"column":65}},{"start":{},"end":{}}],"line":179},"11":{"loc":{"start":{"line":185,"column":4},"end":{"line":185,"column":53}},"type":"if","locations":[{"start":{"line":185,"column":4},"end":{"line":185,"column":53}},{"start":{},"end":{}}],"line":185},"12":{"loc":{"start":{"line":217,"column":4},"end":{"line":217,"column":65}},"type":"if","locations":[{"start":{"line":217,"column":4},"end":{"line":217,"column":65}},{"start":{},"end":{}}],"line":217},"13":{"loc":{"start":{"line":223,"column":4},"end":{"line":223,"column":53}},"type":"if","locations":[{"start":{"line":223,"column":4},"end":{"line":223,"column":53}},{"start":{},"end":{}}],"line":223},"14":{"loc":{"start":{"line":255,"column":4},"end":{"line":255,"column":65}},"type":"if","locations":[{"start":{"line":255,"column":4},"end":{"line":255,"column":65}},{"start":{},"end":{}}],"line":255},"15":{"loc":{"start":{"line":261,"column":4},"end":{"line":261,"column":53}},"type":"if","locations":[{"start":{"line":261,"column":4},"end":{"line":261,"column":53}},{"start":{},"end":{}}],"line":261},"16":{"loc":{"start":{"line":263,"column":4},"end":{"line":271,"column":5}},"type":"if","locations":[{"start":{"line":263,"column":4},"end":{"line":271,"column":5}},{"start":{},"end":{}}],"line":263},"17":{"loc":{"start":{"line":270,"column":6},"end":{"line":270,"column":69}},"type":"if","locations":[{"start":{"line":270,"column":6},"end":{"line":270,"column":69}},{"start":{},"end":{}}],"line":270},"18":{"loc":{"start":{"line":304,"column":4},"end":{"line":304,"column":65}},"type":"if","locations":[{"start":{"line":304,"column":4},"end":{"line":304,"column":65}},{"start":{},"end":{}}],"line":304},"19":{"loc":{"start":{"line":312,"column":4},"end":{"line":312,"column":62}},"type":"if","locations":[{"start":{"line":312,"column":4},"end":{"line":312,"column":62}},{"start":{},"end":{}}],"line":312},"20":{"loc":{"start":{"line":318,"column":4},"end":{"line":318,"column":53}},"type":"if","locations":[{"start":{"line":318,"column":4},"end":{"line":318,"column":53}},{"start":{},"end":{}}],"line":318},"21":{"loc":{"start":{"line":349,"column":4},"end":{"line":349,"column":62}},"type":"if","locations":[{"start":{"line":349,"column":4},"end":{"line":349,"column":62}},{"start":{},"end":{}}],"line":349},"22":{"loc":{"start":{"line":355,"column":4},"end":{"line":355,"column":53}},"type":"if","locations":[{"start":{"line":355,"column":4},"end":{"line":355,"column":53}},{"start":{},"end":{}}],"line":355},"23":{"loc":{"start":{"line":386,"column":4},"end":{"line":386,"column":65}},"type":"if","locations":[{"start":{"line":386,"column":4},"end":{"line":386,"column":65}},{"start":{},"end":{}}],"line":386},"24":{"loc":{"start":{"line":392,"column":4},"end":{"line":392,"column":53}},"type":"if","locations":[{"start":{"line":392,"column":4},"end":{"line":392,"column":53}},{"start":{},"end":{}}],"line":392}},"s":{"0":6,"1":6,"2":6,"3":2,"4":2,"5":6,"6":11,"7":11,"8":6,"9":1,"10":1,"11":6,"12":10,"13":10,"14":6,"15":9,"16":9,"17":6,"18":4,"19":4,"20":6,"21":2,"22":2,"23":6,"24":2,"25":2,"26":2,"27":2,"28":2,"29":2,"30":2,"31":0,"32":2,"33":2,"34":2,"35":0,"36":2,"37":2,"38":2,"39":0,"40":2,"41":2,"42":0,"43":0,"44":2,"45":6,"46":7,"47":7,"48":7,"49":7,"50":1,"51":1,"52":0,"53":1,"54":7,"55":7,"56":0,"57":7,"58":7,"59":0,"60":7,"61":7,"62":0,"63":0,"64":7,"65":6,"66":2,"67":2,"68":2,"69":2,"70":2,"71":2,"72":0,"73":2,"74":2,"75":0,"76":2,"77":2,"78":0,"79":0,"80":2,"81":6,"82":11,"83":11,"84":11,"85":11,"86":11,"87":11,"88":0,"89":11,"90":11,"91":0,"92":11,"93":1,"94":1,"95":0,"96":11,"97":11,"98":0,"99":0,"100":11,"101":6,"102":2,"103":2,"104":2,"105":2,"106":2,"107":0,"108":2,"109":2,"110":0,"111":2,"112":2,"113":0,"114":2,"115":2,"116":0,"117":0,"118":2,"119":6,"120":3,"121":3,"122":3,"123":3,"124":2,"125":0,"126":2,"127":2,"128":0,"129":2,"130":2,"131":1,"132":1,"133":3,"134":6,"135":1,"136":1,"137":1,"138":1,"139":1,"140":0,"141":1,"142":1,"143":0,"144":1,"145":1,"146":0,"147":0,"148":1,"149":6},"f":{"0":2,"1":11,"2":1,"3":10,"4":9,"5":4,"6":2,"7":2,"8":7,"9":2,"10":11,"11":2,"12":3,"13":1},"b":{"0":[0],"1":[0],"2":[0,2],"3":[2,2,2],"4":[2,0],"5":[0,2],"6":[2,0],"7":[0,2],"8":[1,6],"9":[0,1],"10":[0,7],"11":[0,7],"12":[0,2],"13":[0,2],"14":[0,11],"15":[0,11],"16":[1,10],"17":[0,1],"18":[0,2],"19":[0,2],"20":[0,2],"21":[0,2],"22":[0,2],"23":[0,1],"24":[0,1]},"_coverageSchema":"1a1c01bbd47fc00a2c39e90264f33305004495a9","hash":"b475c706b99b781a6131a908c98fac40e6cc4da9"}
,"/home/naveen/assignment/src/models/userModel.js": {"path":"/home/naveen/assignment/src/models/userModel.js","statementMap":{"0":{"start":{"line":2,"column":17},"end":{"line":2,"column":44}},"1":{"start":{"line":4,"column":25},"end":{"line":10,"column":1}},"2":{"start":{"line":5,"column":17},"end":{"line":8,"column":3}},"3":{"start":{"line":9,"column":2},"end":{"line":9,"column":24}},"4":{"start":{"line":12,"column":33},"end":{"line":18,"column":1}},"5":{"start":{"line":13,"column":17},"end":{"line":16,"column":3}},"6":{"start":{"line":17,"column":2},"end":{"line":17,"column":24}},"7":{"start":{"line":20,"column":24},"end":{"line":26,"column":1}},"8":{"start":{"line":21,"column":17},"end":{"line":24,"column":3}},"9":{"start":{"line":25,"column":2},"end":{"line":25,"column":16}},"10":{"start":{"line":28,"column":0},"end":{"line":30,"column":2}}},"fnMap":{"0":{"name":"(anonymous_0)","decl":{"start":{"line":4,"column":25},"end":{"line":4,"column":26}},"loc":{"start":{"line":4,"column":39},"end":{"line":10,"column":1}},"line":4},"1":{"name":"(anonymous_1)","decl":{"start":{"line":12,"column":33},"end":{"line":12,"column":34}},"loc":{"start":{"line":12,"column":47},"end":{"line":18,"column":1}},"line":12},"2":{"name":"(anonymous_2)","decl":{"start":{"line":20,"column":24},"end":{"line":20,"column":25}},"loc":{"start":{"line":20,"column":104},"end":{"line":26,"column":1}},"line":20}},"branchMap":{},"s":{"0":8,"1":8,"2":53,"3":53,"4":8,"5":46,"6":46,"7":8,"8":15,"9":15,"10":8},"f":{"0":53,"1":46,"2":15},"b":{},"_coverageSchema":"1a1c01bbd47fc00a2c39e90264f33305004495a9","hash":"fbcd205b185fd0bdeb8344b8ab475ab107e05310"}
,"/home/naveen/assignment/src/services/accountServices.js": {"path":"/home/naveen/assignment/src/services/accountServices.js","statementMap":{"0":{"start":{"line":5,"column":4},"end":{"line":5,"column":38}},"1":{"start":{"line":6,"column":80},"end":{"line":6,"column":117}},"2":{"start":{"line":7,"column":96},"end":{"line":7,"column":133}},"3":{"start":{"line":10,"column":4},"end":{"line":10,"column":33}},"4":{"start":{"line":13,"column":4},"end":{"line":13,"column":29}},"5":{"start":{"line":14,"column":25},"end":{"line":14,"column":49}},"6":{"start":{"line":17,"column":4},"end":{"line":17,"column":36}},"7":{"start":{"line":18,"column":27},"end":{"line":18,"column":58}},"8":{"start":{"line":20,"column":31},"end":{"line":27,"column":1}},"9":{"start":{"line":21,"column":2},"end":{"line":23,"column":3}},"10":{"start":{"line":22,"column":4},"end":{"line":22,"column":59}},"11":{"start":{"line":23,"column":4},"end":{"line":25,"column":3}},"12":{"start":{"line":24,"column":4},"end":{"line":24,"column":59}},"13":{"start":{"line":26,"column":2},"end":{"line":26,"column":26}},"14":{"start":{"line":29,"column":24},"end":{"line":34,"column":1}},"15":{"start":{"line":30,"column":2},"end":{"line":32,"column":3}},"16":{"start":{"line":31,"column":4},"end":{"line":31,"column":72}},"17":{"start":{"line":33,"column":2},"end":{"line":33,"column":44}},"18":{"start":{"line":36,"column":29},"end":{"line":47,"column":1}},"19":{"start":{"line":37,"column":2},"end":{"line":39,"column":3}},"20":{"start":{"line":38,"column":4},"end":{"line":38,"column":62}},"21":{"start":{"line":41,"column":42},"end":{"line":41,"column":75}},"22":{"start":{"line":42,"column":22},"end":{"line":42,"column":43}},"23":{"start":{"line":43,"column":33},"end":{"line":45,"column":4}},"24":{"start":{"line":46,"column":2},"end":{"line":46,"column":32}},"25":{"start":{"line":49,"column":29},"end":{"line":59,"column":1}},"26":{"start":{"line":50,"column":2},"end":{"line":52,"column":3}},"27":{"start":{"line":51,"column":4},"end":{"line":51,"column":62}},"28":{"start":{"line":54,"column":31},"end":{"line":54,"column":114}},"29":{"start":{"line":55,"column":2},"end":{"line":57,"column":3}},"30":{"start":{"line":56,"column":4},"end":{"line":56,"column":64}},"31":{"start":{"line":58,"column":2},"end":{"line":58,"column":54}},"32":{"start":{"line":61,"column":26},"end":{"line":91,"column":1}},"33":{"start":{"line":63,"column":22},"end":{"line":63,"column":49}},"34":{"start":{"line":66,"column":2},"end":{"line":68,"column":3}},"35":{"start":{"line":67,"column":4},"end":{"line":67,"column":70}},"36":{"start":{"line":69,"column":2},"end":{"line":71,"column":3}},"37":{"start":{"line":70,"column":4},"end":{"line":70,"column":62}},"38":{"start":{"line":74,"column":19},"end":{"line":74,"column":54}},"39":{"start":{"line":75,"column":2},"end":{"line":77,"column":3}},"40":{"start":{"line":76,"column":4},"end":{"line":76,"column":97}},"41":{"start":{"line":79,"column":31},"end":{"line":79,"column":56}},"42":{"start":{"line":80,"column":2},"end":{"line":82,"column":3}},"43":{"start":{"line":81,"column":4},"end":{"line":81,"column":65}},"44":{"start":{"line":83,"column":27},"end":{"line":83,"column":47}},"45":{"start":{"line":85,"column":22},"end":{"line":85,"column":40}},"46":{"start":{"line":86,"column":21},"end":{"line":86,"column":39}},"47":{"start":{"line":87,"column":35},"end":{"line":89,"column":4}},"48":{"start":{"line":90,"column":2},"end":{"line":90,"column":34}},"49":{"start":{"line":93,"column":26},"end":{"line":131,"column":1}},"50":{"start":{"line":94,"column":38},"end":{"line":94,"column":41}},"51":{"start":{"line":95,"column":22},"end":{"line":95,"column":46}},"52":{"start":{"line":96,"column":18},"end":{"line":96,"column":29}},"53":{"start":{"line":99,"column":26},"end":{"line":99,"column":81}},"54":{"start":{"line":100,"column":2},"end":{"line":102,"column":3}},"55":{"start":{"line":101,"column":4},"end":{"line":101,"column":64}},"56":{"start":{"line":104,"column":24},"end":{"line":104,"column":53}},"57":{"start":{"line":105,"column":21},"end":{"line":105,"column":38}},"58":{"start":{"line":107,"column":2},"end":{"line":109,"column":3}},"59":{"start":{"line":108,"column":4},"end":{"line":108,"column":62}},"60":{"start":{"line":111,"column":29},"end":{"line":111,"column":76}},"61":{"start":{"line":112,"column":2},"end":{"line":112,"column":64}},"62":{"start":{"line":112,"column":36},"end":{"line":112,"column":62}},"63":{"start":{"line":114,"column":22},"end":{"line":114,"column":49}},"64":{"start":{"line":115,"column":24},"end":{"line":115,"column":47}},"65":{"start":{"line":118,"column":2},"end":{"line":121,"column":3}},"66":{"start":{"line":119,"column":41},"end":{"line":119,"column":109}},"67":{"start":{"line":120,"column":4},"end":{"line":120,"column":40}},"68":{"start":{"line":122,"column":2},"end":{"line":125,"column":3}},"69":{"start":{"line":123,"column":41},"end":{"line":123,"column":109}},"70":{"start":{"line":124,"column":4},"end":{"line":124,"column":40}},"71":{"start":{"line":126,"column":2},"end":{"line":130,"column":3}},"72":{"start":{"line":127,"column":35},"end":{"line":127,"column":38}},"73":{"start":{"line":128,"column":38},"end":{"line":128,"column":123}},"74":{"start":{"line":129,"column":4},"end":{"line":129,"column":37}},"75":{"start":{"line":133,"column":29},"end":{"line":144,"column":1}},"76":{"start":{"line":134,"column":31},"end":{"line":134,"column":101}},"77":{"start":{"line":135,"column":32},"end":{"line":135,"column":102}},"78":{"start":{"line":136,"column":29},"end":{"line":136,"column":60}},"79":{"start":{"line":138,"column":25},"end":{"line":142,"column":3}},"80":{"start":{"line":143,"column":2},"end":{"line":143,"column":24}},"81":{"start":{"line":146,"column":24},"end":{"line":154,"column":1}},"82":{"start":{"line":147,"column":36},"end":{"line":147,"column":91}},"83":{"start":{"line":148,"column":2},"end":{"line":150,"column":3}},"84":{"start":{"line":149,"column":4},"end":{"line":149,"column":64}},"85":{"start":{"line":151,"column":28},"end":{"line":151,"column":53}},"86":{"start":{"line":152,"column":17},"end":{"line":152,"column":78}},"87":{"start":{"line":153,"column":2},"end":{"line":153,"column":21}},"88":{"start":{"line":156,"column":49},"end":{"line":200,"column":1}},"89":{"start":{"line":157,"column":12},"end":{"line":157,"column":32}},"90":{"start":{"line":158,"column":19},"end":{"line":158,"column":30}},"91":{"start":{"line":159,"column":2},"end":{"line":159,"column":43}},"92":{"start":{"line":160,"column":16},"end":{"line":160,"column":39}},"93":{"start":{"line":161,"column":14},"end":{"line":161,"column":32}},"94":{"start":{"line":162,"column":15},"end":{"line":162,"column":37}},"95":{"start":{"line":164,"column":21},"end":{"line":164,"column":112}},"96":{"start":{"line":166,"column":23},"end":{"line":166,"column":44}},"97":{"start":{"line":168,"column":29},"end":{"line":168,"column":30}},"98":{"start":{"line":169,"column":2},"end":{"line":171,"column":3}},"99":{"start":{"line":169,"column":25},"end":{"line":169,"column":26}},"100":{"start":{"line":170,"column":4},"end":{"line":170,"column":52}},"101":{"start":{"line":172,"column":36},"end":{"line":172,"column":71}},"102":{"start":{"line":174,"column":28},"end":{"line":174,"column":126}},"103":{"start":{"line":175,"column":36},"end":{"line":175,"column":63}},"104":{"start":{"line":176,"column":2},"end":{"line":183,"column":5}},"105":{"start":{"line":184,"column":21},"end":{"line":184,"column":63}},"106":{"start":{"line":187,"column":2},"end":{"line":198,"column":3}},"107":{"start":{"line":188,"column":36},"end":{"line":188,"column":63}},"108":{"start":{"line":189,"column":4},"end":{"line":196,"column":7}},"109":{"start":{"line":197,"column":4},"end":{"line":197,"column":56}},"110":{"start":{"line":199,"column":2},"end":{"line":199,"column":59}},"111":{"start":{"line":202,"column":33},"end":{"line":276,"column":1}},"112":{"start":{"line":203,"column":36},"end":{"line":203,"column":67}},"113":{"start":{"line":204,"column":37},"end":{"line":204,"column":73}},"114":{"start":{"line":205,"column":36},"end":{"line":205,"column":71}},"115":{"start":{"line":207,"column":20},"end":{"line":207,"column":40}},"116":{"start":{"line":208,"column":23},"end":{"line":208,"column":47}},"117":{"start":{"line":209,"column":21},"end":{"line":209,"column":40}},"118":{"start":{"line":210,"column":22},"end":{"line":210,"column":45}},"119":{"start":{"line":212,"column":26},"end":{"line":212,"column":80}},"120":{"start":{"line":213,"column":28},"end":{"line":213,"column":48}},"121":{"start":{"line":215,"column":2},"end":{"line":219,"column":3}},"122":{"start":{"line":217,"column":41},"end":{"line":217,"column":112}},"123":{"start":{"line":218,"column":4},"end":{"line":218,"column":59}},"124":{"start":{"line":221,"column":2},"end":{"line":224,"column":3}},"125":{"start":{"line":223,"column":4},"end":{"line":223,"column":75}},"126":{"start":{"line":225,"column":2},"end":{"line":228,"column":3}},"127":{"start":{"line":227,"column":4},"end":{"line":227,"column":79}},"128":{"start":{"line":230,"column":2},"end":{"line":233,"column":3}},"129":{"start":{"line":232,"column":4},"end":{"line":232,"column":69}},"130":{"start":{"line":235,"column":2},"end":{"line":238,"column":3}},"131":{"start":{"line":237,"column":4},"end":{"line":237,"column":67}},"132":{"start":{"line":240,"column":37},"end":{"line":240,"column":95}},"133":{"start":{"line":241,"column":30},"end":{"line":241,"column":50}},"134":{"start":{"line":242,"column":2},"end":{"line":246,"column":3}},"135":{"start":{"line":243,"column":4},"end":{"line":243,"column":50}},"136":{"start":{"line":245,"column":4},"end":{"line":245,"column":83}},"137":{"start":{"line":247,"column":21},"end":{"line":247,"column":22}},"138":{"start":{"line":248,"column":22},"end":{"line":248,"column":53}},"139":{"start":{"line":249,"column":2},"end":{"line":252,"column":3}},"140":{"start":{"line":250,"column":4},"end":{"line":250,"column":22}},"141":{"start":{"line":251,"column":4},"end":{"line":251,"column":51}},"142":{"start":{"line":254,"column":21},"end":{"line":254,"column":149}},"143":{"start":{"line":255,"column":2},"end":{"line":255,"column":35}},"144":{"start":{"line":256,"column":14},"end":{"line":256,"column":15}},"145":{"start":{"line":257,"column":14},"end":{"line":257,"column":15}},"146":{"start":{"line":258,"column":2},"end":{"line":263,"column":3}},"147":{"start":{"line":258,"column":25},"end":{"line":258,"column":26}},"148":{"start":{"line":259,"column":4},"end":{"line":262,"column":5}},"149":{"start":{"line":260,"column":6},"end":{"line":260,"column":39}},"150":{"start":{"line":261,"column":6},"end":{"line":261,"column":17}},"151":{"start":{"line":264,"column":18},"end":{"line":264,"column":31}},"152":{"start":{"line":265,"column":24},"end":{"line":265,"column":79}},"153":{"start":{"line":266,"column":36},"end":{"line":266,"column":63}},"154":{"start":{"line":267,"column":2},"end":{"line":274,"column":5}},"155":{"start":{"line":275,"column":2},"end":{"line":275,"column":53}},"156":{"start":{"line":278,"column":37},"end":{"line":326,"column":1}},"157":{"start":{"line":279,"column":22},"end":{"line":279,"column":49}},"158":{"start":{"line":280,"column":12},"end":{"line":280,"column":32}},"159":{"start":{"line":281,"column":19},"end":{"line":281,"column":30}},"160":{"start":{"line":282,"column":2},"end":{"line":282,"column":43}},"161":{"start":{"line":283,"column":16},"end":{"line":283,"column":44}},"162":{"start":{"line":284,"column":14},"end":{"line":284,"column":37}},"163":{"start":{"line":285,"column":15},"end":{"line":285,"column":37}},"164":{"start":{"line":287,"column":35},"end":{"line":287,"column":113}},"165":{"start":{"line":288,"column":34},"end":{"line":288,"column":58}},"166":{"start":{"line":290,"column":17},"end":{"line":290,"column":86}},"167":{"start":{"line":292,"column":19},"end":{"line":292,"column":41}},"168":{"start":{"line":293,"column":2},"end":{"line":300,"column":3}},"169":{"start":{"line":295,"column":34},"end":{"line":295,"column":117}},"170":{"start":{"line":296,"column":4},"end":{"line":298,"column":5}},"171":{"start":{"line":297,"column":6},"end":{"line":297,"column":24}},"172":{"start":{"line":299,"column":4},"end":{"line":299,"column":69}},"173":{"start":{"line":302,"column":21},"end":{"line":302,"column":112}},"174":{"start":{"line":304,"column":23},"end":{"line":304,"column":44}},"175":{"start":{"line":305,"column":29},"end":{"line":305,"column":30}},"176":{"start":{"line":306,"column":2},"end":{"line":310,"column":3}},"177":{"start":{"line":306,"column":25},"end":{"line":306,"column":26}},"178":{"start":{"line":307,"column":4},"end":{"line":309,"column":5}},"179":{"start":{"line":308,"column":6},"end":{"line":308,"column":54}},"180":{"start":{"line":313,"column":2},"end":{"line":324,"column":3}},"181":{"start":{"line":314,"column":36},"end":{"line":314,"column":63}},"182":{"start":{"line":315,"column":4},"end":{"line":322,"column":7}},"183":{"start":{"line":323,"column":4},"end":{"line":323,"column":69}},"184":{"start":{"line":325,"column":2},"end":{"line":325,"column":80}},"185":{"start":{"line":328,"column":0},"end":{"line":340,"column":2}}},"fnMap":{"0":{"name":"(anonymous_0)","decl":{"start":{"line":20,"column":31},"end":{"line":20,"column":32}},"loc":{"start":{"line":20,"column":53},"end":{"line":27,"column":1}},"line":20},"1":{"name":"(anonymous_1)","decl":{"start":{"line":29,"column":24},"end":{"line":29,"column":25}},"loc":{"start":{"line":29,"column":38},"end":{"line":34,"column":1}},"line":29},"2":{"name":"(anonymous_2)","decl":{"start":{"line":36,"column":29},"end":{"line":36,"column":30}},"loc":{"start":{"line":36,"column":81},"end":{"line":47,"column":1}},"line":36},"3":{"name":"(anonymous_3)","decl":{"start":{"line":49,"column":29},"end":{"line":49,"column":30}},"loc":{"start":{"line":49,"column":81},"end":{"line":59,"column":1}},"line":49},"4":{"name":"(anonymous_4)","decl":{"start":{"line":61,"column":26},"end":{"line":61,"column":27}},"loc":{"start":{"line":61,"column":98},"end":{"line":91,"column":1}},"line":61},"5":{"name":"(anonymous_5)","decl":{"start":{"line":93,"column":26},"end":{"line":93,"column":27}},"loc":{"start":{"line":93,"column":41},"end":{"line":131,"column":1}},"line":93},"6":{"name":"(anonymous_6)","decl":{"start":{"line":133,"column":29},"end":{"line":133,"column":30}},"loc":{"start":{"line":133,"column":43},"end":{"line":144,"column":1}},"line":133},"7":{"name":"(anonymous_7)","decl":{"start":{"line":146,"column":24},"end":{"line":146,"column":25}},"loc":{"start":{"line":146,"column":63},"end":{"line":154,"column":1}},"line":146},"8":{"name":"(anonymous_8)","decl":{"start":{"line":156,"column":49},"end":{"line":156,"column":50}},"loc":{"start":{"line":156,"column":75},"end":{"line":200,"column":1}},"line":156},"9":{"name":"(anonymous_9)","decl":{"start":{"line":202,"column":33},"end":{"line":202,"column":34}},"loc":{"start":{"line":202,"column":56},"end":{"line":276,"column":1}},"line":202},"10":{"name":"(anonymous_10)","decl":{"start":{"line":278,"column":37},"end":{"line":278,"column":38}},"loc":{"start":{"line":278,"column":63},"end":{"line":326,"column":1}},"line":278}},"branchMap":{"0":{"loc":{"start":{"line":21,"column":2},"end":{"line":23,"column":3}},"type":"if","locations":[{"start":{"line":21,"column":2},"end":{"line":23,"column":3}},{"start":{},"end":{}}],"line":21},"1":{"loc":{"start":{"line":21,"column":6},"end":{"line":21,"column":76}},"type":"binary-expr","locations":[{"start":{"line":21,"column":6},"end":{"line":21,"column":43}},{"start":{"line":21,"column":47},"end":{"line":21,"column":76}}],"line":21},"2":{"loc":{"start":{"line":23,"column":4},"end":{"line":25,"column":3}},"type":"if","locations":[{"start":{"line":23,"column":4},"end":{"line":25,"column":3}},{"start":{},"end":{}}],"line":23},"3":{"loc":{"start":{"line":23,"column":8},"end":{"line":23,"column":72}},"type":"binary-expr","locations":[{"start":{"line":23,"column":8},"end":{"line":23,"column":42}},{"start":{"line":23,"column":46},"end":{"line":23,"column":72}}],"line":23},"4":{"loc":{"start":{"line":30,"column":2},"end":{"line":32,"column":3}},"type":"if","locations":[{"start":{"line":30,"column":2},"end":{"line":32,"column":3}},{"start":{},"end":{}}],"line":30},"5":{"loc":{"start":{"line":37,"column":2},"end":{"line":39,"column":3}},"type":"if","locations":[{"start":{"line":37,"column":2},"end":{"line":39,"column":3}},{"start":{},"end":{}}],"line":37},"6":{"loc":{"start":{"line":50,"column":2},"end":{"line":52,"column":3}},"type":"if","locations":[{"start":{"line":50,"column":2},"end":{"line":52,"column":3}},{"start":{},"end":{}}],"line":50},"7":{"loc":{"start":{"line":55,"column":2},"end":{"line":57,"column":3}},"type":"if","locations":[{"start":{"line":55,"column":2},"end":{"line":57,"column":3}},{"start":{},"end":{}}],"line":55},"8":{"loc":{"start":{"line":66,"column":2},"end":{"line":68,"column":3}},"type":"if","locations":[{"start":{"line":66,"column":2},"end":{"line":68,"column":3}},{"start":{},"end":{}}],"line":66},"9":{"loc":{"start":{"line":69,"column":2},"end":{"line":71,"column":3}},"type":"if","locations":[{"start":{"line":69,"column":2},"end":{"line":71,"column":3}},{"start":{},"end":{}}],"line":69},"10":{"loc":{"start":{"line":75,"column":2},"end":{"line":77,"column":3}},"type":"if","locations":[{"start":{"line":75,"column":2},"end":{"line":77,"column":3}},{"start":{},"end":{}}],"line":75},"11":{"loc":{"start":{"line":80,"column":2},"end":{"line":82,"column":3}},"type":"if","locations":[{"start":{"line":80,"column":2},"end":{"line":82,"column":3}},{"start":{},"end":{}}],"line":80},"12":{"loc":{"start":{"line":100,"column":2},"end":{"line":102,"column":3}},"type":"if","locations":[{"start":{"line":100,"column":2},"end":{"line":102,"column":3}},{"start":{},"end":{}}],"line":100},"13":{"loc":{"start":{"line":107,"column":2},"end":{"line":109,"column":3}},"type":"if","locations":[{"start":{"line":107,"column":2},"end":{"line":109,"column":3}},{"start":{},"end":{}}],"line":107},"14":{"loc":{"start":{"line":112,"column":2},"end":{"line":112,"column":64}},"type":"if","locations":[{"start":{"line":112,"column":2},"end":{"line":112,"column":64}},{"start":{},"end":{}}],"line":112},"15":{"loc":{"start":{"line":118,"column":2},"end":{"line":121,"column":3}},"type":"if","locations":[{"start":{"line":118,"column":2},"end":{"line":121,"column":3}},{"start":{},"end":{}}],"line":118},"16":{"loc":{"start":{"line":122,"column":2},"end":{"line":125,"column":3}},"type":"if","locations":[{"start":{"line":122,"column":2},"end":{"line":125,"column":3}},{"start":{},"end":{}}],"line":122},"17":{"loc":{"start":{"line":126,"column":2},"end":{"line":130,"column":3}},"type":"if","locations":[{"start":{"line":126,"column":2},"end":{"line":130,"column":3}},{"start":{},"end":{}}],"line":126},"18":{"loc":{"start":{"line":148,"column":2},"end":{"line":150,"column":3}},"type":"if","locations":[{"start":{"line":148,"column":2},"end":{"line":150,"column":3}},{"start":{},"end":{}}],"line":148},"19":{"loc":{"start":{"line":187,"column":2},"end":{"line":198,"column":3}},"type":"if","locations":[{"start":{"line":187,"column":2},"end":{"line":198,"column":3}},{"start":{},"end":{}}],"line":187},"20":{"loc":{"start":{"line":215,"column":2},"end":{"line":219,"column":3}},"type":"if","locations":[{"start":{"line":215,"column":2},"end":{"line":219,"column":3}},{"start":{},"end":{}}],"line":215},"21":{"loc":{"start":{"line":215,"column":6},"end":{"line":215,"column":279}},"type":"binary-expr","locations":[{"start":{"line":215,"column":9},"end":{"line":215,"column":47}},{"start":{"line":215,"column":51},"end":{"line":215,"column":94}},{"start":{"line":215,"column":100},"end":{"line":215,"column":141}},{"start":{"line":215,"column":147},"end":{"line":215,"column":210}},{"start":{"line":215,"column":216},"end":{"line":215,"column":278}}],"line":215},"22":{"loc":{"start":{"line":221,"column":2},"end":{"line":224,"column":3}},"type":"if","locations":[{"start":{"line":221,"column":2},"end":{"line":224,"column":3}},{"start":{},"end":{}}],"line":221},"23":{"loc":{"start":{"line":221,"column":6},"end":{"line":221,"column":138}},"type":"binary-expr","locations":[{"start":{"line":221,"column":6},"end":{"line":221,"column":46}},{"start":{"line":221,"column":50},"end":{"line":221,"column":93}},{"start":{"line":221,"column":97},"end":{"line":221,"column":138}}],"line":221},"24":{"loc":{"start":{"line":225,"column":2},"end":{"line":228,"column":3}},"type":"if","locations":[{"start":{"line":225,"column":2},"end":{"line":228,"column":3}},{"start":{},"end":{}}],"line":225},"25":{"loc":{"start":{"line":230,"column":2},"end":{"line":233,"column":3}},"type":"if","locations":[{"start":{"line":230,"column":2},"end":{"line":233,"column":3}},{"start":{},"end":{}}],"line":230},"26":{"loc":{"start":{"line":235,"column":2},"end":{"line":238,"column":3}},"type":"if","locations":[{"start":{"line":235,"column":2},"end":{"line":238,"column":3}},{"start":{},"end":{}}],"line":235},"27":{"loc":{"start":{"line":235,"column":6},"end":{"line":235,"column":78}},"type":"binary-expr","locations":[{"start":{"line":235,"column":6},"end":{"line":235,"column":36}},{"start":{"line":235,"column":40},"end":{"line":235,"column":78}}],"line":235},"28":{"loc":{"start":{"line":242,"column":2},"end":{"line":246,"column":3}},"type":"if","locations":[{"start":{"line":242,"column":2},"end":{"line":246,"column":3}},{"start":{"line":244,"column":9},"end":{"line":246,"column":3}}],"line":242},"29":{"loc":{"start":{"line":259,"column":4},"end":{"line":262,"column":5}},"type":"if","locations":[{"start":{"line":259,"column":4},"end":{"line":262,"column":5}},{"start":{},"end":{}}],"line":259},"30":{"loc":{"start":{"line":259,"column":8},"end":{"line":259,"column":81}},"type":"binary-expr","locations":[{"start":{"line":259,"column":8},"end":{"line":259,"column":45}},{"start":{"line":259,"column":49},"end":{"line":259,"column":81}}],"line":259},"31":{"loc":{"start":{"line":293,"column":2},"end":{"line":300,"column":3}},"type":"if","locations":[{"start":{"line":293,"column":2},"end":{"line":300,"column":3}},{"start":{},"end":{}}],"line":293},"32":{"loc":{"start":{"line":296,"column":4},"end":{"line":298,"column":5}},"type":"if","locations":[{"start":{"line":296,"column":4},"end":{"line":298,"column":5}},{"start":{},"end":{}}],"line":296},"33":{"loc":{"start":{"line":307,"column":4},"end":{"line":309,"column":5}},"type":"if","locations":[{"start":{"line":307,"column":4},"end":{"line":309,"column":5}},{"start":{},"end":{}}],"line":307},"34":{"loc":{"start":{"line":307,"column":8},"end":{"line":307,"column":81}},"type":"binary-expr","locations":[{"start":{"line":307,"column":8},"end":{"line":307,"column":45}},{"start":{"line":307,"column":49},"end":{"line":307,"column":81}}],"line":307},"35":{"loc":{"start":{"line":313,"column":2},"end":{"line":324,"column":3}},"type":"if","locations":[{"start":{"line":313,"column":2},"end":{"line":324,"column":3}},{"start":{},"end":{}}],"line":313}},"s":{"0":6,"1":6,"2":6,"3":6,"4":6,"5":6,"6":6,"7":6,"8":6,"9":34,"10":1,"11":33,"12":2,"13":31,"14":6,"15":9,"16":7,"17":2,"18":6,"19":10,"20":1,"21":9,"22":9,"23":9,"24":9,"25":6,"26":9,"27":1,"28":8,"29":8,"30":0,"31":8,"32":6,"33":9,"34":9,"35":1,"36":8,"37":1,"38":7,"39":7,"40":1,"41":6,"42":6,"43":1,"44":5,"45":5,"46":5,"47":5,"48":5,"49":6,"50":34,"51":34,"52":34,"53":34,"54":34,"55":2,"56":32,"57":32,"58":32,"59":2,"60":30,"61":30,"62":2,"63":28,"64":28,"65":28,"66":10,"67":10,"68":18,"69":9,"70":9,"71":9,"72":9,"73":9,"74":9,"75":6,"76":5,"77":5,"78":5,"79":5,"80":5,"81":6,"82":2,"83":2,"84":0,"85":2,"86":2,"87":2,"88":6,"89":2,"90":2,"91":2,"92":2,"93":2,"94":2,"95":2,"96":2,"97":2,"98":2,"99":2,"100":45,"101":2,"102":2,"103":2,"104":2,"105":2,"106":2,"107":1,"108":1,"109":1,"110":1,"111":6,"112":3,"113":3,"114":3,"115":3,"116":3,"117":3,"118":3,"119":3,"120":3,"121":3,"122":1,"123":1,"124":2,"125":1,"126":1,"127":0,"128":1,"129":0,"130":1,"131":0,"132":1,"133":1,"134":1,"135":1,"136":0,"137":1,"138":1,"139":1,"140":182,"141":182,"142":1,"143":1,"144":1,"145":1,"146":1,"147":1,"148":182,"149":182,"150":182,"151":1,"152":1,"153":1,"154":1,"155":1,"156":6,"157":1,"158":1,"159":1,"160":1,"161":1,"162":1,"163":1,"164":1,"165":1,"166":1,"167":1,"168":1,"169":1,"170":1,"171":0,"172":1,"173":1,"174":1,"175":1,"176":1,"177":1,"178":22,"179":22,"180":1,"181":0,"182":0,"183":0,"184":1,"185":6},"f":{"0":34,"1":9,"2":10,"3":9,"4":9,"5":34,"6":5,"7":2,"8":2,"9":3,"10":1},"b":{"0":[1,33],"1":[34,11],"2":[2,31],"3":[33,12],"4":[7,2],"5":[1,9],"6":[1,8],"7":[0,8],"8":[1,8],"9":[1,7],"10":[1,6],"11":[1,5],"12":[2,32],"13":[2,30],"14":[2,28],"15":[10,18],"16":[9,9],"17":[9,0],"18":[0,2],"19":[1,1],"20":[1,2],"21":[3,0,3,1,3],"22":[1,1],"23":[2,2,1],"24":[0,1],"25":[0,1],"26":[0,1],"27":[1,1],"28":[1,0],"29":[182,0],"30":[182,182],"31":[1,0],"32":[0,1],"33":[22,0],"34":[22,22],"35":[0,1]},"_coverageSchema":"1a1c01bbd47fc00a2c39e90264f33305004495a9","hash":"f5c342ad3e464fff96ebc6a0be52e61417febb03"}
,"/home/naveen/assignment/src/services/atmServices.js": {"path":"/home/naveen/assignment/src/services/atmServices.js","statementMap":{"0":{"start":{"line":1,"column":31},"end":{"line":1,"column":56}},"1":{"start":{"line":2,"column":77},"end":{"line":2,"column":106}},"2":{"start":{"line":4,"column":21},"end":{"line":18,"column":1}},"3":{"start":{"line":5,"column":21},"end":{"line":5,"column":45}},"4":{"start":{"line":6,"column":14},"end":{"line":6,"column":37}},"5":{"start":{"line":8,"column":12},"end":{"line":8,"column":22}},"6":{"start":{"line":9,"column":15},"end":{"line":9,"column":30}},"7":{"start":{"line":10,"column":16},"end":{"line":10,"column":28}},"8":{"start":{"line":11,"column":14},"end":{"line":11,"column":25}},"9":{"start":{"line":12,"column":25},"end":{"line":12,"column":55}},"10":{"start":{"line":13,"column":21},"end":{"line":13,"column":47}},"11":{"start":{"line":15,"column":2},"end":{"line":17,"column":4}},"12":{"start":{"line":20,"column":40},"end":{"line":23,"column":1}},"13":{"start":{"line":21,"column":17},"end":{"line":21,"column":71}},"14":{"start":{"line":22,"column":2},"end":{"line":22,"column":16}},"15":{"start":{"line":25,"column":26},"end":{"line":34,"column":1}},"16":{"start":{"line":26,"column":17},"end":{"line":26,"column":49}},"17":{"start":{"line":27,"column":2},"end":{"line":29,"column":3}},"18":{"start":{"line":28,"column":4},"end":{"line":28,"column":17}},"19":{"start":{"line":30,"column":2},"end":{"line":32,"column":3}},"20":{"start":{"line":31,"column":4},"end":{"line":31,"column":16}},"21":{"start":{"line":33,"column":2},"end":{"line":33,"column":15}},"22":{"start":{"line":36,"column":0},"end":{"line":38,"column":2}}},"fnMap":{"0":{"name":"(anonymous_0)","decl":{"start":{"line":4,"column":21},"end":{"line":4,"column":22}},"loc":{"start":{"line":4,"column":46},"end":{"line":18,"column":1}},"line":4},"1":{"name":"(anonymous_1)","decl":{"start":{"line":20,"column":40},"end":{"line":20,"column":41}},"loc":{"start":{"line":20,"column":65},"end":{"line":23,"column":1}},"line":20},"2":{"name":"(anonymous_2)","decl":{"start":{"line":25,"column":26},"end":{"line":25,"column":27}},"loc":{"start":{"line":25,"column":68},"end":{"line":34,"column":1}},"line":25}},"branchMap":{"0":{"loc":{"start":{"line":27,"column":2},"end":{"line":29,"column":3}},"type":"if","locations":[{"start":{"line":27,"column":2},"end":{"line":29,"column":3}},{"start":{},"end":{}}],"line":27},"1":{"loc":{"start":{"line":30,"column":2},"end":{"line":32,"column":3}},"type":"if","locations":[{"start":{"line":30,"column":2},"end":{"line":32,"column":3}},{"start":{},"end":{}}],"line":30},"2":{"loc":{"start":{"line":30,"column":6},"end":{"line":30,"column":84}},"type":"binary-expr","locations":[{"start":{"line":30,"column":7},"end":{"line":30,"column":45}},{"start":{"line":30,"column":51},"end":{"line":30,"column":83}}],"line":30}},"s":{"0":6,"1":6,"2":6,"3":9,"4":9,"5":9,"6":9,"7":9,"8":9,"9":9,"10":9,"11":9,"12":6,"13":3,"14":3,"15":6,"16":8,"17":8,"18":0,"19":8,"20":8,"21":0,"22":6},"f":{"0":9,"1":3,"2":8},"b":{"0":[0,8],"1":[8,0],"2":[8,8]},"_coverageSchema":"1a1c01bbd47fc00a2c39e90264f33305004495a9","hash":"36b9f36f78d2c0f6185e538b1dd368f888627f4a"}
,"/home/naveen/assignment/src/services/transactionServices.js": {"path":"/home/naveen/assignment/src/services/transactionServices.js","statementMap":{"0":{"start":{"line":5,"column":64},"end":{"line":5,"column":98}},"1":{"start":{"line":6,"column":33},"end":{"line":6,"column":70}},"2":{"start":{"line":9,"column":4},"end":{"line":9,"column":41}},"3":{"start":{"line":10,"column":161},"end":{"line":10,"column":190}},"4":{"start":{"line":13,"column":4},"end":{"line":13,"column":29}},"5":{"start":{"line":14,"column":30},"end":{"line":14,"column":54}},"6":{"start":{"line":16,"column":38},"end":{"line":22,"column":1}},"7":{"start":{"line":17,"column":12},"end":{"line":17,"column":35}},"8":{"start":{"line":18,"column":16},"end":{"line":18,"column":37}},"9":{"start":{"line":19,"column":15},"end":{"line":19,"column":30}},"10":{"start":{"line":20,"column":17},"end":{"line":20,"column":96}},"11":{"start":{"line":21,"column":2},"end":{"line":21,"column":16}},"12":{"start":{"line":24,"column":46},"end":{"line":27,"column":1}},"13":{"start":{"line":25,"column":17},"end":{"line":25,"column":76}},"14":{"start":{"line":26,"column":2},"end":{"line":26,"column":16}},"15":{"start":{"line":29,"column":31},"end":{"line":36,"column":1}},"16":{"start":{"line":30,"column":14},"end":{"line":30,"column":29}},"17":{"start":{"line":31,"column":17},"end":{"line":31,"column":18}},"18":{"start":{"line":32,"column":2},"end":{"line":34,"column":3}},"19":{"start":{"line":32,"column":25},"end":{"line":32,"column":26}},"20":{"start":{"line":33,"column":4},"end":{"line":33,"column":46}},"21":{"start":{"line":35,"column":2},"end":{"line":35,"column":18}},"22":{"start":{"line":38,"column":22},"end":{"line":41,"column":1}},"23":{"start":{"line":39,"column":17},"end":{"line":39,"column":76}},"24":{"start":{"line":40,"column":2},"end":{"line":40,"column":16}},"25":{"start":{"line":43,"column":38},"end":{"line":50,"column":1}},"26":{"start":{"line":44,"column":12},"end":{"line":44,"column":32}},"27":{"start":{"line":45,"column":16},"end":{"line":45,"column":37}},"28":{"start":{"line":46,"column":14},"end":{"line":46,"column":30}},"29":{"start":{"line":47,"column":15},"end":{"line":47,"column":30}},"30":{"start":{"line":48,"column":17},"end":{"line":48,"column":88}},"31":{"start":{"line":49,"column":2},"end":{"line":49,"column":16}},"32":{"start":{"line":52,"column":40},"end":{"line":58,"column":1}},"33":{"start":{"line":53,"column":12},"end":{"line":53,"column":32}},"34":{"start":{"line":54,"column":16},"end":{"line":54,"column":37}},"35":{"start":{"line":55,"column":15},"end":{"line":55,"column":30}},"36":{"start":{"line":56,"column":17},"end":{"line":56,"column":87}},"37":{"start":{"line":57,"column":2},"end":{"line":57,"column":16}},"38":{"start":{"line":60,"column":22},"end":{"line":109,"column":1}},"39":{"start":{"line":61,"column":17},"end":{"line":61,"column":83}},"40":{"start":{"line":63,"column":26},"end":{"line":63,"column":37}},"41":{"start":{"line":64,"column":27},"end":{"line":64,"column":49}},"42":{"start":{"line":66,"column":19},"end":{"line":66,"column":46}},"43":{"start":{"line":67,"column":27},"end":{"line":67,"column":54}},"44":{"start":{"line":70,"column":2},"end":{"line":77,"column":3}},"45":{"start":{"line":73,"column":4},"end":{"line":75,"column":5}},"46":{"start":{"line":73,"column":27},"end":{"line":73,"column":28}},"47":{"start":{"line":74,"column":6},"end":{"line":74,"column":46}},"48":{"start":{"line":76,"column":4},"end":{"line":76,"column":28}},"49":{"start":{"line":79,"column":2},"end":{"line":89,"column":3}},"50":{"start":{"line":79,"column":33},"end":{"line":79,"column":34}},"51":{"start":{"line":80,"column":31},"end":{"line":80,"column":67}},"52":{"start":{"line":81,"column":24},"end":{"line":81,"column":60}},"53":{"start":{"line":82,"column":16},"end":{"line":82,"column":37}},"54":{"start":{"line":84,"column":4},"end":{"line":86,"column":5}},"55":{"start":{"line":85,"column":6},"end":{"line":85,"column":65}},"56":{"start":{"line":87,"column":35},"end":{"line":87,"column":105}},"57":{"start":{"line":88,"column":4},"end":{"line":88,"column":51}},"58":{"start":{"line":91,"column":2},"end":{"line":107,"column":3}},"59":{"start":{"line":91,"column":25},"end":{"line":91,"column":26}},"60":{"start":{"line":92,"column":4},"end":{"line":106,"column":5}},"61":{"start":{"line":94,"column":33},"end":{"line":94,"column":48}},"62":{"start":{"line":95,"column":6},"end":{"line":98,"column":7}},"63":{"start":{"line":96,"column":8},"end":{"line":96,"column":71}},"64":{"start":{"line":97,"column":8},"end":{"line":97,"column":34}},"65":{"start":{"line":101,"column":6},"end":{"line":101,"column":45}},"66":{"start":{"line":102,"column":6},"end":{"line":105,"column":7}},"67":{"start":{"line":103,"column":8},"end":{"line":103,"column":79}},"68":{"start":{"line":104,"column":8},"end":{"line":104,"column":34}},"69":{"start":{"line":108,"column":2},"end":{"line":108,"column":26}},"70":{"start":{"line":111,"column":35},"end":{"line":164,"column":1}},"71":{"start":{"line":112,"column":17},"end":{"line":112,"column":79}},"72":{"start":{"line":114,"column":26},"end":{"line":114,"column":37}},"73":{"start":{"line":115,"column":27},"end":{"line":115,"column":49}},"74":{"start":{"line":117,"column":19},"end":{"line":117,"column":31}},"75":{"start":{"line":118,"column":19},"end":{"line":118,"column":42}},"76":{"start":{"line":119,"column":27},"end":{"line":119,"column":50}},"77":{"start":{"line":122,"column":2},"end":{"line":129,"column":3}},"78":{"start":{"line":125,"column":4},"end":{"line":127,"column":5}},"79":{"start":{"line":125,"column":27},"end":{"line":125,"column":28}},"80":{"start":{"line":126,"column":6},"end":{"line":126,"column":46}},"81":{"start":{"line":128,"column":4},"end":{"line":128,"column":28}},"82":{"start":{"line":131,"column":2},"end":{"line":144,"column":3}},"83":{"start":{"line":131,"column":33},"end":{"line":131,"column":34}},"84":{"start":{"line":132,"column":31},"end":{"line":132,"column":67}},"85":{"start":{"line":134,"column":24},"end":{"line":134,"column":60}},"86":{"start":{"line":137,"column":16},"end":{"line":137,"column":55}},"87":{"start":{"line":139,"column":4},"end":{"line":141,"column":5}},"88":{"start":{"line":140,"column":6},"end":{"line":140,"column":65}},"89":{"start":{"line":142,"column":35},"end":{"line":142,"column":105}},"90":{"start":{"line":143,"column":4},"end":{"line":143,"column":51}},"91":{"start":{"line":146,"column":2},"end":{"line":162,"column":3}},"92":{"start":{"line":146,"column":25},"end":{"line":146,"column":26}},"93":{"start":{"line":147,"column":4},"end":{"line":161,"column":5}},"94":{"start":{"line":149,"column":33},"end":{"line":149,"column":48}},"95":{"start":{"line":150,"column":6},"end":{"line":153,"column":7}},"96":{"start":{"line":151,"column":8},"end":{"line":151,"column":71}},"97":{"start":{"line":152,"column":8},"end":{"line":152,"column":34}},"98":{"start":{"line":156,"column":6},"end":{"line":156,"column":45}},"99":{"start":{"line":157,"column":6},"end":{"line":160,"column":7}},"100":{"start":{"line":158,"column":8},"end":{"line":158,"column":79}},"101":{"start":{"line":159,"column":8},"end":{"line":159,"column":34}},"102":{"start":{"line":163,"column":2},"end":{"line":163,"column":26}},"103":{"start":{"line":166,"column":29},"end":{"line":199,"column":1}},"104":{"start":{"line":168,"column":18},"end":{"line":168,"column":49}},"105":{"start":{"line":169,"column":2},"end":{"line":171,"column":3}},"106":{"start":{"line":170,"column":4},"end":{"line":170,"column":69}},"107":{"start":{"line":174,"column":26},"end":{"line":174,"column":40}},"108":{"start":{"line":175,"column":2},"end":{"line":177,"column":3}},"109":{"start":{"line":176,"column":4},"end":{"line":176,"column":72}},"110":{"start":{"line":180,"column":26},"end":{"line":180,"column":134}},"111":{"start":{"line":181,"column":2},"end":{"line":181,"column":59}},"112":{"start":{"line":181,"column":35},"end":{"line":181,"column":57}},"113":{"start":{"line":182,"column":31},"end":{"line":182,"column":108}},"114":{"start":{"line":183,"column":2},"end":{"line":185,"column":3}},"115":{"start":{"line":184,"column":4},"end":{"line":184,"column":72}},"116":{"start":{"line":187,"column":26},"end":{"line":187,"column":58}},"117":{"start":{"line":188,"column":22},"end":{"line":188,"column":40}},"118":{"start":{"line":189,"column":34},"end":{"line":189,"column":61}},"119":{"start":{"line":190,"column":32},"end":{"line":197,"column":4}},"120":{"start":{"line":198,"column":2},"end":{"line":198,"column":31}},"121":{"start":{"line":201,"column":28},"end":{"line":226,"column":1}},"122":{"start":{"line":202,"column":18},"end":{"line":202,"column":78}},"123":{"start":{"line":205,"column":2},"end":{"line":207,"column":3}},"124":{"start":{"line":206,"column":4},"end":{"line":206,"column":77}},"125":{"start":{"line":208,"column":36},"end":{"line":208,"column":63}},"126":{"start":{"line":209,"column":34},"end":{"line":209,"column":49}},"127":{"start":{"line":210,"column":26},"end":{"line":210,"column":51}},"128":{"start":{"line":213,"column":28},"end":{"line":213,"column":113}},"129":{"start":{"line":215,"column":31},"end":{"line":224,"column":4}},"130":{"start":{"line":225,"column":2},"end":{"line":225,"column":30}},"131":{"start":{"line":228,"column":32},"end":{"line":258,"column":1}},"132":{"start":{"line":229,"column":38},"end":{"line":229,"column":41}},"133":{"start":{"line":230,"column":18},"end":{"line":230,"column":78}},"134":{"start":{"line":232,"column":2},"end":{"line":234,"column":3}},"135":{"start":{"line":233,"column":4},"end":{"line":233,"column":64}},"136":{"start":{"line":235,"column":2},"end":{"line":237,"column":3}},"137":{"start":{"line":236,"column":4},"end":{"line":236,"column":57}},"138":{
[...]
ne":23,"column":18}},"17":{"start":{"line":26,"column":2},"end":{"line":26,"column":15}},"18":{"start":{"line":29,"column":21},"end":{"line":43,"column":1}},"19":{"start":{"line":32,"column":2},"end":{"line":42,"column":3}},"20":{"start":{"line":33,"column":19},"end":{"line":33,"column":38}},"21":{"start":{"line":34,"column":27},"end":{"line":34,"column":57}},"22":{"start":{"line":35,"column":19},"end":{"line":35,"column":110}},"23":{"start":{"line":36,"column":4},"end":{"line":38,"column":5}},"24":{"start":{"line":37,"column":6},"end":{"line":37,"column":18}},"25":{"start":{"line":39,"column":4},"end":{"line":39,"column":17}},"26":{"start":{"line":41,"column":4},"end":{"line":41,"column":17}},"27":{"start":{"line":45,"column":26},"end":{"line":55,"column":1}},"28":{"start":{"line":46,"column":17},"end":{"line":46,"column":21}},"29":{"start":{"line":47,"column":16},"end":{"line":53,"column":3}},"30":{"start":{"line":54,"column":2},"end":{"line":54,"column":15}},"31":{"start":{"line":57,"column":19},"end":{"line":82,"column":1}},"32":{"start":{"line":60,"column":6},"end":{"line":60,"column":9}},"33":{"start":{"line":61,"column":2},"end":{"line":61,"column":31}},"34":{"start":{"line":62,"column":15},"end":{"line":64,"column":3}},"35":{"start":{"line":65,"column":33},"end":{"line":65,"column":59}},"36":{"start":{"line":66,"column":2},"end":{"line":66,"column":73}},"37":{"start":{"line":66,"column":41},"end":{"line":66,"column":71}},"38":{"start":{"line":69,"column":29},"end":{"line":71,"column":4}},"39":{"start":{"line":72,"column":2},"end":{"line":77,"column":3}},"40":{"start":{"line":73,"column":4},"end":{"line":76,"column":7}},"41":{"start":{"line":78,"column":2},"end":{"line":81,"column":5}},"42":{"start":{"line":84,"column":19},"end":{"line":102,"column":1}},"43":{"start":{"line":85,"column":33},"end":{"line":85,"column":36}},"44":{"start":{"line":86,"column":2},"end":{"line":86,"column":31}},"45":{"start":{"line":87,"column":17},"end":{"line":87,"column":20}},"46":{"start":{"line":88,"column":15},"end":{"line":88,"column":47}},"47":{"start":{"line":89,"column":2},"end":{"line":94,"column":3}},"48":{"start":{"line":90,"column":4},"end":{"line":93,"column":6}},"49":{"start":{"line":97,"column":16},"end":{"line":97,"column":45}},"50":{"start":{"line":98,"column":2},"end":{"line":98,"column":21}},"51":{"start":{"line":99,"column":2},"end":{"line":99,"column":23}},"52":{"start":{"line":100,"column":2},"end":{"line":100,"column":22}},"53":{"start":{"line":101,"column":2},"end":{"line":101,"column":69}},"54":{"start":{"line":104,"column":0},"end":{"line":111,"column":2}}},"fnMap":{"0":{"name":"(anonymous_0)","decl":{"start":{"line":13,"column":23},"end":{"line":13,"column":24}},"loc":{"start":{"line":13,"column":37},"end":{"line":16,"column":1}},"line":13},"1":{"name":"(anonymous_1)","decl":{"start":{"line":18,"column":21},"end":{"line":18,"column":22}},"loc":{"start":{"line":18,"column":45},"end":{"line":27,"column":1}},"line":18},"2":{"name":"(anonymous_2)","decl":{"start":{"line":29,"column":21},"end":{"line":29,"column":22}},"loc":{"start":{"line":31,"column":6},"end":{"line":43,"column":1}},"line":31},"3":{"name":"(anonymous_3)","decl":{"start":{"line":45,"column":26},"end":{"line":45,"column":27}},"loc":{"start":{"line":45,"column":42},"end":{"line":55,"column":1}},"line":45},"4":{"name":"(anonymous_4)","decl":{"start":{"line":57,"column":19},"end":{"line":57,"column":20}},"loc":{"start":{"line":57,"column":34},"end":{"line":82,"column":1}},"line":57},"5":{"name":"(anonymous_5)","decl":{"start":{"line":84,"column":19},"end":{"line":84,"column":20}},"loc":{"start":{"line":84,"column":34},"end":{"line":102,"column":1}},"line":84}},"branchMap":{"0":{"loc":{"start":{"line":20,"column":2},"end":{"line":25,"column":3}},"type":"if","locations":[{"start":{"line":20,"column":2},"end":{"line":25,"column":3}},{"start":{},"end":{}}],"line":20},"1":{"loc":{"start":{"line":22,"column":4},"end":{"line":24,"column":5}},"type":"if","locations":[{"start":{"line":22,"column":4},"end":{"line":24,"column":5}},{"start":{},"end":{}}],"line":22},"2":{"loc":{"start":{"line":36,"column":4},"end":{"line":38,"column":5}},"type":"if","locations":[{"start":{"line":36,"column":4},"end":{"line":38,"column":5}},{"start":{},"end":{}}],"line":36},"3":{"loc":{"start":{"line":66,"column":2},"end":{"line":66,"column":73}},"type":"if","locations":[{"start":{"line":66,"column":2},"end":{"line":66,"column":73}},{"start":{},"end":{}}],"line":66},"4":{"loc":{"start":{"line":72,"column":2},"end":{"line":77,"column":3}},"type":"if","locations":[{"start":{"line":72,"column":2},"end":{"line":77,"column":3}},{"start":{},"end":{}}],"line":72},"5":{"loc":{"start":{"line":89,"column":2},"end":{"line":94,"column":3}},"type":"if","locations":[{"start":{"line":89,"column":2},"end":{"line":94,"column":3}},{"start":{},"end":{}}],"line":89}},"s":{"0":7,"1":7,"2":7,"3":7,"4":7,"5":7,"6":7,"7":7,"8":7,"9":35,"10":35,"11":7,"12":11,"13":11,"14":10,"15":10,"16":8,"17":3,"18":7,"19":15,"20":15,"21":15,"22":15,"23":15,"24":15,"25":0,"26":0,"27":7,"28":8,"29":8,"30":8,"31":7,"32":20,"33":20,"34":20,"35":20,"36":20,"37":6,"38":14,"39":14,"40":14,"41":0,"42":7,"43":9,"44":9,"45":9,"46":9,"47":9,"48":2,"49":7,"50":7,"51":7,"52":7,"53":7,"54":7},"f":{"0":35,"1":11,"2":15,"3":8,"4":20,"5":9},"b":{"0":[10,1],"1":[8,2],"2":[15,0],"3":[6,14],"4":[14,0],"5":[2,7]},"_coverageSchema":"1a1c01bbd47fc00a2c39e90264f33305004495a9","hash":"fbfb8235acc19cdc948c71af8bcb3ea890b66602"}
,"/home/naveen/assignment/src/services/userServices.js": {"path":"/home/naveen/assignment/src/services/userServices.js","statementMap":{"0":{"start":{"line":1,"column":29},"end":{"line":1,"column":59}},"1":{"start":{"line":3,"column":19},"end":{"line":9,"column":1}},"2":{"start":{"line":4,"column":17},"end":{"line":4,"column":43}},"3":{"start":{"line":5,"column":2},"end":{"line":7,"column":3}},"4":{"start":{"line":6,"column":4},"end":{"line":6,"column":16}},"5":{"start":{"line":8,"column":2},"end":{"line":8,"column":15}},"6":{"start":{"line":11,"column":0},"end":{"line":13,"column":2}}},"fnMap":{"0":{"name":"(anonymous_0)","decl":{"start":{"line":3,"column":19},"end":{"line":3,"column":20}},"loc":{"start":{"line":3,"column":33},"end":{"line":9,"column":1}},"line":3}},"branchMap":{"0":{"loc":{"start":{"line":5,"column":2},"end":{"line":7,"column":3}},"type":"if","locations":[{"start":{"line":5,"column":2},"end":{"line":7,"column":3}},{"start":{},"end":{}}],"line":5}},"s":{"0":8,"1":8,"2":18,"3":18,"4":2,"5":16,"6":8},"f":{"0":18},"b":{"0":[2,16]},"_coverageSchema":"1a1c01bbd47fc00a2c39e90264f33305004495a9","hash":"37ce12e307ce846fd25c8430a308c1f60d9018c3"}
,"/home/naveen/assignment/src/utils/constants.js": {"path":"/home/naveen/assignment/src/utils/constants.js","statementMap":{"0":{"start":{"line":1,"column":23},"end":{"line":1,"column":32}},"1":{"start":{"line":2,"column":0},"end":{"line":2,"column":30}},"2":{"start":{"line":3,"column":0},"end":{"line":3,"column":29}},"3":{"start":{"line":4,"column":0},"end":{"line":4,"column":35}},"4":{"start":{"line":5,"column":0},"end":{"line":5,"column":35}},"5":{"start":{"line":7,"column":20},"end":{"line":11,"column":1}},"6":{"start":{"line":13,"column":26},"end":{"line":22,"column":1}},"7":{"start":{"line":24,"column":22},"end":{"line":28,"column":1}},"8":{"start":{"line":30,"column":36},"end":{"line":30,"column":44}},"9":{"start":{"line":31,"column":28},"end":{"line":31,"column":34}},"10":{"start":{"line":32,"column":39},"end":{"line":32,"column":45}},"11":{"start":{"line":33,"column":39},"end":{"line":33,"column":44}},"12":{"start":{"line":34,"column":32},"end":{"line":34,"column":34}},"13":{"start":{"line":35,"column":29},"end":{"line":35,"column":31}},"14":{"start":{"line":36,"column":42},"end":{"line":36,"column":45}},"15":{"start":{"line":37,"column":32},"end":{"line":37,"column":35}},"16":{"start":{"line":38,"column":38},"end":{"line":38,"column":43}},"17":{"start":{"line":39,"column":32},"end":{"line":39,"column":37}},"18":{"start":{"line":40,"column":28},"end":{"line":40,"column":34}},"19":{"start":{"line":41,"column":36},"end":{"line":41,"column":42}},"20":{"start":{"line":42,"column":28},"end":{"line":42,"column":34}},"21":{"start":{"line":43,"column":36},"end":{"line":43,"column":42}},"22":{"start":{"line":44,"column":38},"end":{"line":44,"column":39}},"23":{"start":{"line":45,"column":23},"end":{"line":45,"column":25}},"24":{"start":{"line":47,"column":0},"end":{"line":69,"column":2}}},"fnMap":{},"branchMap":{},"s":{"0":6,"1":6,"2":6,"3":6,"4":6,"5":6,"6":6,"7":6,"8":6,"9":6,"10":6,"11":6,"12":6,"13":6,"14":6,"15":6,"16":6,"17":6,"18":6,"19":6,"20":6,"21":6,"22":6,"23":6,"24":6},"f":{},"b":{},"_coverageSchema":"1a1c01bbd47fc00a2c39e90264f33305004495a9","hash":"9ca57d117ab081486d7aa63e8cc32aeed7a6a90d"}
,"/home/naveen/assignment/src/utils/utils.js": {"path":"/home/naveen/assignment/src/utils/utils.js","statementMap":{"0":{"start":{"line":1,"column":21},"end":{"line":10,"column":1}},"1":{"start":{"line":2,"column":14},"end":{"line":2,"column":16}},"2":{"start":{"line":3,"column":2},"end":{"line":3,"column":18}},"3":{"start":{"line":5,"column":2},"end":{"line":5,"column":13}},"4":{"start":{"line":6,"column":2},"end":{"line":8,"column":3}},"5":{"start":{"line":6,"column":33},"end":{"line":6,"column":34}},"6":{"start":{"line":7,"column":4},"end":{"line":7,"column":86}},"7":{"start":{"line":9,"column":2},"end":{"line":9,"column":13}},"8":{"start":{"line":12,"column":19},"end":{"line":22,"column":1}},"9":{"start":{"line":13,"column":12},"end":{"line":13,"column":26}},"10":{"start":{"line":14,"column":14},"end":{"line":14,"column":35}},"11":{"start":{"line":15,"column":12},"end":{"line":15,"column":28}},"12":{"start":{"line":16,"column":15},"end":{"line":16,"column":30}},"13":{"start":{"line":18,"column":2},"end":{"line":18,"column":48}},"14":{"start":{"line":18,"column":26},"end":{"line":18,"column":46}},"15":{"start":{"line":19,"column":2},"end":{"line":19,"column":42}},"16":{"start":{"line":19,"column":24},"end":{"line":19,"column":40}},"17":{"start":{"line":21,"column":2},"end":{"line":21,"column":38}},"18":{"start":{"line":24,"column":24},"end":{"line":28,"column":1}},"19":{"start":{"line":25,"column":17},"end":{"line":25,"column":36}},"20":{"start":{"line":26,"column":19},"end":{"line":26,"column":74}},"21":{"start":{"line":27,"column":2},"end":{"line":27,"column":18}},"22":{"start":{"line":30,"column":18},"end":{"line":42,"column":1}},"23":{"start":{"line":31,"column":14},"end":{"line":31,"column":28}},"24":{"start":{"line":32,"column":11},"end":{"line":32,"column":12}},"25":{"start":{"line":33,"column":2},"end":{"line":40,"column":3}},"26":{"start":{"line":33,"column":30},"end":{"line":33,"column":31}},"27":{"start":{"line":34,"column":28},"end":{"line":34,"column":65}},"28":{"start":{"line":35,"column":4},"end":{"line":39,"column":5}},"29":{"start":{"line":36,"column":6},"end":{"line":36,"column":40}},"30":{"start":{"line":37,"column":11},"end":{"line":39,"column":5}},"31":{"start":{"line":38,"column":6},"end":{"line":38,"column":40}},"32":{"start":{"line":41,"column":2},"end":{"line":41,"column":12}},"33":{"start":{"line":44,"column":21},"end":{"line":62,"column":1}},"34":{"start":{"line":45,"column":20},"end":{"line":45,"column":33}},"35":{"start":{"line":46,"column":21},"end":{"line":46,"column":39}},"36":{"start":{"line":47,"column":20},"end":{"line":47,"column":37}},"37":{"start":{"line":49,"column":12},"end":{"line":49,"column":32}},"38":{"start":{"line":50,"column":23},"end":{"line":50,"column":44}},"39":{"start":{"line":51,"column":21},"end":{"line":51,"column":37}},"40":{"start":{"line":52,"column":22},"end":{"line":52,"column":37}},"41":{"start":{"line":54,"column":12},"end":{"line":54,"column":39}},"42":{"start":{"line":55,"column":2},"end":{"line":57,"column":3}},"43":{"start":{"line":56,"column":4},"end":{"line":56,"column":13}},"44":{"start":{"line":58,"column":2},"end":{"line":60,"column":3}},"45":{"start":{"line":59,"column":4},"end":{"line":59,"column":13}},"46":{"start":{"line":61,"column":2},"end":{"line":61,"column":13}},"47":{"start":{"line":64,"column":30},"end":{"line":64,"column":79}},"48":{"start":{"line":64,"column":47},"end":{"line":64,"column":78}},"49":{"start":{"line":66,"column":15},"end":{"line":74,"column":1}},"50":{"start":{"line":67,"column":15},"end":{"line":67,"column":17}},"51":{"start":{"line":68,"column":21},"end":{"line":68,"column":33}},"52":{"start":{"line":69,"column":27},"end":{"line":69,"column":44}},"53":{"start":{"line":70,"column":2},"end":{"line":72,"column":3}},"54":{"start":{"line":70,"column":22},"end":{"line":70,"column":23}},"55":{"start":{"line":71,"column":4},"end":{"line":71,"column":78}},"56":{"start":{"line":73,"column":2},"end":{"line":73,"column":16}},"57":{"start":{"line":76,"column":26},"end":{"line":85,"column":1}},"58":{"start":{"line":77,"column":24},"end":{"line":77,"column":35}},"59":{"start":{"line":78,"column":18},"end":{"line":78,"column":42}},"60":{"start":{"line":80,"column":24},"end":{"line":80,"column":36}},"61":{"start":{"line":81,"column":18},"end":{"line":81,"column":51}},"62":{"start":{"line":83,"column":17},"end":{"line":83,"column":34}},"63":{"start":{"line":84,"column":2},"end":{"line":84,"column":16}},"64":{"start":{"line":87,"column":34},"end":{"line":90,"column":1}},"65":{"start":{"line":88,"column":17},"end":{"line":88,"column":46}},"66":{"start":{"line":89,"column":2},"end":{"line":89,"column":16}},"67":{"start":{"line":92,"column":0},"end":{"line":102,"column":2}}},"fnMap":{"0":{"name":"(anonymous_0)","decl":{"start":{"line":1,"column":21},"end":{"line":1,"column":22}},"loc":{"start":{"line":1,"column":27},"end":{"line":10,"column":1}},"line":1},"1":{"name":"(anonymous_1)","decl":{"start":{"line":12,"column":19},"end":{"line":12,"column":20}},"loc":{"start":{"line":12,"column":29},"end":{"line":22,"column":1}},"line":12},"2":{"name":"(anonymous_2)","decl":{"start":{"line":24,"column":24},"end":{"line":24,"column":25}},"loc":{"start":{"line":24,"column":57},"end":{"line":28,"column":1}},"line":24},"3":{"name":"(anonymous_3)","decl":{"start":{"line":30,"column":18},"end":{"line":30,"column":19}},"loc":{"start":{"line":30,"column":32},"end":{"line":42,"column":1}},"line":30},"4":{"name":"(anonymous_4)","decl":{"start":{"line":44,"column":21},"end":{"line":44,"column":22}},"loc":{"start":{"line":44,"column":30},"end":{"line":62,"column":1}},"line":44},"5":{"name":"(anonymous_5)","decl":{"start":{"line":64,"column":30},"end":{"line":64,"column":31}},"loc":{"start":{"line":64,"column":47},"end":{"line":64,"column":78}},"line":64},"6":{"name":"(anonymous_6)","decl":{"start":{"line":66,"column":15},"end":{"line":66,"column":16}},"loc":{"start":{"line":66,"column":41},"end":{"line":74,"column":1}},"line":66},"7":{"name":"(anonymous_7)","decl":{"start":{"line":76,"column":26},"end":{"line":76,"column":27}},"loc":{"start":{"line":76,"column":38},"end":{"line":85,"column":1}},"line":76},"8":{"name":"(anonymous_8)","decl":{"start":{"line":87,"column":34},"end":{"line":87,"column":35}},"loc":{"start":{"line":87,"column":40},"end":{"line":90,"column":1}},"line":87}},"branchMap":{"0":{"loc":{"start":{"line":18,"column":2},"end":{"line":18,"column":48}},"type":"if","locations":[{"start":{"line":18,"column":2},"end":{"line":18,"column":48}},{"start":{},"end":{}}],"line":18},"1":{"loc":{"start":{"line":19,"column":2},"end":{"line":19,"column":42}},"type":"if","locations":[{"start":{"line":19,"column":2},"end":{"line":19,"column":42}},{"start":{},"end":{}}],"line":19},"2":{"loc":{"start":{"line":35,"column":4},"end":{"line":39,"column":5}},"type":"if","locations":[{"start":{"line":35,"column":4},"end":{"line":39,"column":5}},{"start":{"line":37,"column":11},"end":{"line":39,"column":5}}],"line":35},"3":{"loc":{"start":{"line":35,"column":8},"end":{"line":35,"column":54}},"type":"binary-expr","locations":[{"start":{"line":35,"column":8},"end":{"line":35,"column":29}},{"start":{"line":35,"column":33},"end":{"line":35,"column":54}}],"line":35},"4":{"loc":{"start":{"line":37,"column":11},"end":{"line":39,"column":5}},"type":"if","locations":[{"start":{"line":37,"column":11},"end":{"line":39,"column":5}},{"start":{},"end":{}}],"line":37},"5":{"loc":{"start":{"line":37,"column":15},"end":{"line":37,"column":62}},"type":"binary-expr","locations":[{"start":{"line":37,"column":15},"end":{"line":37,"column":36}},{"start":{"line":37,"column":40},"end":{"line":37,"column":62}}],"line":37},"6":{"loc":{"start":{"line":55,"column":2},"end":{"line":57,"column":3}},"type":"if","locations":[{"start":{"line":55,"column":2},"end":{"line":57,"column":3}},{"start":{},"end":{}}],"line":55},"7":{"loc":{"start":{"line":58,"column":2},"end":{"line":60,"column":3}},"type":"if","locations":[{"start":{"line":58,"column":2},"end":{"line":60,"column":3}},{"start":{},"end":{}}],"line":58},"8":{"loc":{"start":{"line":58,"column":6},"end":{"line":58,"column":60}},"type":"binary-expr","locations":[{"start":{"line":58,"column":6},"end":{"line":58,"column":33}},{"start":{"line":58,"column":37},"end":{"line":58,"column":60}}],"line":58}},"s":{"0":8,"1":61,"2":61,"3":61,"4":61,"5":61,"6":1525,"7":61,"8":8,"9":37,"10":37,"11":37,"12":37,"13":37,"14":37,"15":37,"16":0,"17":37,"18":8,"19":0,"20":0,"21":0,"22":8,"23":59,"24":59,"25":59,"26":59,"27":550,"28":550,"29":0,"30":550,"31":543,"32":59,"33":8,"34":33,"35":33,"36":33,"37":33,"38":33,"39":33,"40":33,"41":33,"42":33,"43":0,"44":33,"45":0,"46":33,"47":8,"48":5,"49":8,"50":146,"51":146,"52":146,"53":146,"54":146,"55":1126,"56":146,"57":8,"58":64,"59":64,"60":64,"61":64,"62":64,"63":64,"64":8,"65":31,"66":31,"67":8},"f":{"0":61,"1":37,"2":0,"3":59,"4":33,"5":5,"6":146,"7":64,"8":31},"b":{"0":[37,0],"1":[0,37],"2":[0,550],"3":[550,543],"4":[543,7],"5":[550,543],"6":[0,33],"7":[0,33],"8":[33,0]},"_coverageSchema":"1a1c01bbd47fc00a2c39e90264f33305004495a9","hash":"9df83f1dac377333115263c6df4606a41bcd98fd"}
,"/home/naveen/assignment/src/validation/users.js": {"path":"/home/naveen/assignment/src/validation/users.js","statementMap":{"0":{"start":{"line":3,"column":12},"end":{"line":3,"column":26}},"1":{"start":{"line":4,"column":23},"end":{"line":4,"column":58}},"2":{"start":{"line":6,"column":30},"end":{"line":18,"column":1}},"3":{"start":{"line":7,"column":23},"end":{"line":16,"column":4}},"4":{"start":{"line":17,"column":2},"end":{"line":17,"column":45}},"5":{"start":{"line":20,"column":23},"end":{"line":29,"column":1}},"6":{"start":{"line":21,"column":2},"end":{"line":23,"column":3}},"7":{"start":{"line":22,"column":4},"end":{"line":22,"column":58}},"8":{"start":{"line":24,"column":21},"end":{"line":24,"column":46}},"9":{"start":{"line":25,"column":2},"end":{"line":27,"column":3}},"10":{"start":{"line":26,"column":4},"end":{"line":26,"column":62}},"11":{"start":{"line":28,"column":2},"end":{"line":28,"column":53}},"12":{"start":{"line":31,"column":0},"end":{"line":34,"column":2}}},"fnMap":{"0":{"name":"(anonymous_0)","decl":{"start":{"line":6,"column":30},"end":{"line":6,"column":31}},"loc":{"start":{"line":6,"column":40},"end":{"line":18,"column":1}},"line":6},"1":{"name":"(anonymous_1)","decl":{"start":{"line":20,"column":23},"end":{"line":20,"column":24}},"loc":{"start":{"line":20,"column":39},"end":{"line":29,"column":1}},"line":20}},"branchMap":{"0":{"loc":{"start":{"line":21,"column":2},"end":{"line":23,"column":3}},"type":"if","locations":[{"start":{"line":21,"column":2},"end":{"line":23,"column":3}},{"start":{},"end":{}}],"line":21},"1":{"loc":{"start":{"line":25,"column":2},"end":{"line":27,"column":3}},"type":"if","locations":[{"start":{"line":25,"column":2},"end":{"line":27,"column":3}},{"start":{},"end":{}}],"line":25}},"s":{"0":8,"1":8,"2":8,"3":22,"4":22,"5":8,"6":22,"7":6,"8":16,"9":16,"10":1,"11":15,"12":8},"f":{"0":22,"1":22},"b":{"0":[6,16],"1":[1,15]},"_coverageSchema":"1a1c01bbd47fc00a2c39e90264f33305004495a9","hash":"904ee318d8bfcd5460fe0f40660fb4434b258ed2"}
}
