TN:
SF:src/app.js
FNF:0
FNH:0
DA:3,3
DA:5,3
DA:7,3
DA:9,3
DA:10,3
DA:11,3
DA:12,3
DA:14,3
DA:19,3
DA:20,3
DA:23,3
DA:26,3
DA:27,3
DA:30,3
DA:32,3
LF:15
LH:15
BRF:0
BRH:0
end_of_record
TN:
SF:src/controller/accountController.js
FN:3,(anonymous_0)
FNF:1
FNH:1
FNDA:17,(anonymous_0)
DA:1,3
DA:3,3
DA:4,17
DA:5,17
DA:6,17
DA:7,17
DA:8,17
DA:11,17
DA:13,0
DA:19,3
LF:10
LH:9
BRF:0
BRH:0
end_of_record
TN:
SF:src/controller/detailsController.js
FN:3,(anonymous_0)
FN:13,(anonymous_1)
FNF:2
FNH:2
FNDA:1,(anonymous_0)
FNDA:2,(anonymous_1)
DA:1,3
DA:3,3
DA:4,1
DA:5,1
DA:6,1
DA:7,1
DA:9,0
DA:13,3
DA:14,2
DA:15,2
DA:16,1
DA:18,2
DA:19,1
DA:23,2
DA:24,2
DA:25,2
DA:26,2
DA:28,0
DA:32,3
LF:19
LH:17
BRDA:15,0,0,1
BRDA:15,0,1,1
BRDA:18,1,0,1
BRDA:18,1,1,1
BRF:4
BRH:4
end_of_record
TN:
SF:src/controller/transactionController.js
FN:4,(anonymous_0)
FNF:1
FNH:1
FNDA:15,(anonymous_0)
DA:2,3
DA:4,3
DA:5,15
DA:6,15
DA:7,15
DA:8,15
DA:9,15
DA:10,15
DA:11,15
DA:14,15
DA:16,0
DA:20,3
LF:12
LH:11
BRF:0
BRH:0
end_of_record
TN:
SF:src/controller/userProfileController.js
FN:5,(anonymous_0)
FN:20,(anonymous_1)
FNF:2
FNH:2
FNDA:10,(anonymous_0)
FNDA:5,(anonymous_1)
DA:3,3
DA:5,3
DA:6,10
DA:9,10
DA:10,10
DA:11,10
DA:14,10
DA:16,0
DA:20,3
DA:21,5
DA:22,5
DA:23,5
DA:24,5
DA:26,0
DA:30,3
LF:15
LH:13
BRF:0
BRH:0
end_of_record
TN:
SF:src/db/connection.js
FNF:0
FNH:0
DA:1,8
DA:2,8
DA:5,8
DA:6,8
DA:15,8
LF:5
LH:5
BRF:0
BRH:0
end_of_record
TN:
SF:src/middleware/auth.js
FN:8,(anonymous_0)
FNF:1
FNH:1
FNDA:36,(anonymous_0)
DA:1,3
DA:2,3
DA:3,3
DA:5,3
DA:6,3
DA:8,3
DA:9,36
DA:10,36
DA:11,36
DA:13,35
DA:15,35
DA:16,35
DA:18,35
DA:20,0
DA:23,1
DA:29,3
LF:16
LH:15
BRDA:15,0,0,35
BRDA:15,0,1,0
BRF:2
BRH:1
end_of_record
TN:
SF:src/models/accountsModel.js
FN:4,(anonymous_0)
FN:12,(anonymous_1)
FN:20,(anonymous_2)
FN:28,(anonymous_3)
FN:37,(anonymous_4)
FN:47,(anonymous_5)
FN:82,(anonymous_6)
FNF:7
FNH:7
FNDA:8,(anonymous_0)
FNDA:10,(anonymous_1)
FNDA:1,(anonymous_2)
FNDA:67,(anonymous_3)
FNDA:2,(anonymous_4)
FNDA:5,(anonymous_5)
FNDA:9,(anonymous_6)
DA:2,6
DA:4,6
DA:5,8
DA:9,8
DA:12,6
DA:13,10
DA:17,10
DA:20,6
DA:21,1
DA:25,1
DA:28,6
DA:29,67
DA:34,67
DA:37,6
DA:38,2
DA:44,2
DA:47,6
DA:53,5
DA:54,5
DA:55,5
DA:56,5
DA:60,5
DA:61,0
DA:64,5
DA:68,5
DA:69,0
DA:72,5
DA:73,5
DA:75,0
DA:76,0
DA:78,5
DA:82,6
DA:88,9
DA:89,9
DA:90,9
DA:91,9
DA:95,9
DA:97,9
DA:101,9
DA:103,9
DA:104,9
DA:106,0
DA:107,0
DA:109,9
DA:113,6
LF:45
LH:39
BRDA:60,0,0,0
BRDA:60,0,1,5
BRDA:68,1,0,0
BRDA:68,1,1,5
BRDA:95,2,0,0
BRDA:95,2,1,9
BRDA:101,3,0,0
BRDA:101,3,1,9
BRF:8
BRH:4
end_of_record
TN:
SF:src/models/atmModel.js
FN:3,(anonymous_0)
FN:12,(anonymous_1)
FNF:2
FNH:2
FNDA:8,(anonymous_0)
FNDA:3,(anonymous_1)
DA:1,6
DA:3,6
DA:4,8
DA:9,8
DA:12,6
DA:13,3
DA:18,3
DA:21,6
LF:8
LH:8
BRF:0
BRH:0
end_of_record
TN:
SF:src/models/loanAccountModel.js
FN:5,(anonymous_0)
FN:17,(anonymous_1)
FN:31,(anonymous_2)
FN:41,(anonymous_3)
FN:53,(anonymous_4)
FNF:5
FNH:5
FNDA:1,(anonymous_0)
FNDA:3,(anonymous_1)
FNDA:1,(anonymous_2)
FNDA:1,(anonymous_3)
FNDA:18,(anonymous_4)
DA:2,6
DA:3,6
DA:5,6
DA:6,1
DA:14,1
DA:17,6
DA:18,3
DA:28,3
DA:31,6
DA:32,1
DA:38,1
DA:41,6
DA:42,1
DA:50,1
DA:53,6
DA:54,18
DA:62,18
DA:65,6
LF:18
LH:18
BRF:0
BRH:0
end_of_record
TN:
SF:src/models/transactionModel.js
FN:6,(anonymous_0)
FN:18,(anonymous_1)
FN:27,(anonymous_2)
FN:39,(anonymous_3)
FN:51,(anonymous_4)
FN:63,(anonymous_5)
FN:75,(anonymous_6)
FN:87,(anonymous_7)
FN:147,(anonymous_8)
FN:197,(anonymous_9)
FN:235,(anonymous_10)
FN:283,(anonymous_11)
FN:330,(anonymous_12)
FN:367,(anonymous_13)
FNF:14
FNH:14
FNDA:2,(anonymous_0)
FNDA:11,(anonymous_1)
FNDA:1,(anonymous_2)
FNDA:10,(anonymous_3)
FNDA:9,(anonymous_4)
FNDA:4,(anonymous_5)
FNDA:2,(anonymous_6)
FNDA:2,(anonymous_7)
FNDA:7,(anonymous_8)
FNDA:2,(anonymous_9)
FNDA:11,(anonymous_10)
FNDA:2,(anonymous_11)
FNDA:3,(anonymous_12)
FNDA:1,(anonymous_13)
DA:3,6
DA:4,6
DA:6,6
DA:7,2
DA:15,2
DA:18,6
DA:19,11
DA:24,11
DA:27,6
DA:28,1
DA:36,1
DA:39,6
DA:40,10
DA:48,10
DA:51,6
DA:52,9
DA:60,9
DA:63,6
DA:64,4
DA:72,4
DA:75,6
DA:76,2
DA:84,2
DA:87,6
DA:95,2
DA:96,2
DA:97,2
DA:98,2
DA:105,2
DA:112,2
DA:119,2
DA:121,2
DA:123,2
DA:127,2
DA:129,2
DA:131,2
DA:135,2
DA:137,2
DA:138,2
DA:140,0
DA:141,0
DA:143,2
DA:147,6
DA:157,7
DA:158,7
DA:159,7
DA:161,7
DA:163,1
DA:169,1
DA:170,1
DA:173,7
DA:179,7
DA:181,7
DA:185,7
DA:187,7
DA:188,7
DA:190,0
DA:191,0
DA:193,7
DA:197,6
DA:206,2
DA:207,2
DA:208,2
DA:209,2
DA:211,2
DA:217,2
DA:219,2
DA:223,2
DA:225,2
DA:226,2
DA:228,0
DA:229,0
DA:231,2
DA:235,6
DA:244,11
DA:245,11
DA:246,11
DA:247,11
DA:249,11
DA:255,11
DA:257,11
DA:261,11
DA:263,11
DA:264,1
DA:270,1
DA:273,11
DA:274,11
DA:276,0
DA:277,0
DA:279,11
DA:283,6
DA:294,2
DA:295,2
DA:296,2
DA:298,2
DA:304,2
DA:306,2
DA:312,2
DA:314,2
DA:318,2
DA:320,2
DA:321,2
DA:323,0
DA:324,0
DA:326,2
DA:330,6
DA:339,3
DA:340,3
DA:341,3
DA:343,3
DA:349,2
DA:351,2
DA:355,2
DA:357,2
DA:358,2
DA:360,1
DA:361,1
DA:363,3
DA:367,6
DA:376,1
DA:377,1
DA:378,1
DA:380,1
DA:386,1
DA:388,1
DA:392,1
DA:394,1
DA:395,1
DA:397,0
DA:398,0
DA:400,1
DA:404,6
LF:132
LH:120
BRDA:6,0,0,0
BRDA:6,1,0,0
BRDA:119,2,0,0
BRDA:119,2,1,2
BRDA:119,3,0,2
BRDA:119,3,1,2
BRDA:119,3,2,2
BRDA:121,4,0,2
BRDA:121,4,1,0
BRDA:127,5,0,0
BRDA:127,5,1,2
BRDA:129,6,0,2
BRDA:129,6,1,0
BRDA:135,7,0,0
BRDA:135,7,1,2
BRDA:161,8,0,1
BRDA:161,8,1,6
BRDA:169,9,0,0
BRDA:169,9,1,1
BRDA:179,10,0,0
BRDA:179,10,1,7
BRDA:185,11,0,0
BRDA:185,11,1,7
BRDA:217,12,0,0
BRDA:217,12,1,2
BRDA:223,13,0,0
BRDA:223,13,1,2
BRDA:255,14,0,0
BRDA:255,14,1,11
BRDA:261,15,0,0
BRDA:261,15,1,11
BRDA:263,16,0,1
BRDA:263,16,1,10
BRDA:270,17,0,0
BRDA:270,17,1,1
BRDA:304,18,0,0
BRDA:304,18,1,2
BRDA:312,19,0,0
BRDA:312,19,1,2
BRDA:318,20,0,0
BRDA:318,20,1,2
BRDA:349,21,0,0
BRDA:349,21,1,2
BRDA:355,22,0,0
BRDA:355,22,1,2
BRDA:386,23,0,0
BRDA:386,23,1,1
BRDA:392,24,0,0
BRDA:392,24,1,1
BRF:49
BRH:27
end_of_record
TN:
SF:src/models/userModel.js
FN:4,(anonymous_0)
FN:12,(anonymous_1)
FN:20,(anonymous_2)
FNF:3
FNH:3
FNDA:53,(anonymous_0)
FNDA:46,(anonymous_1)
FNDA:15,(anonymous_2)
DA:2,8
DA:4,8
DA:5,53
DA:9,53
DA:12,8
DA:13,46
DA:17,46
DA:20,8
DA:21,15
DA:25,15
DA:28,8
LF:11
LH:11
BRF:0
BRH:0
end_of_record
TN:
SF:src/services/accountServices.js
FN:20,(anonymous_0)
FN:29,(anonymous_1)
FN:36,(anonymous_2)
FN:49,(anonymous_3)
FN:61,(anonymous_4)
FN:93,(anonymous_5)
FN:133,(anonymous_6)
FN:146,(anonymous_7)
FN:156,(anonymous_8)
FN:202,(anonymous_9)
FN:278,(anonymous_10)
FNF:11
FNH:11
FNDA:34,(anonymous_0)
FNDA:9,(anonymous_1)
FNDA:10,(anonymous_2)
FNDA:9,(anonymous_3)
FNDA:9,(anonymous_4)
FNDA:34,(anonymous_5)
FNDA:5,(anonymous_6)
FNDA:2,(anonymous_7)
FNDA:2,(anonymous_8)
FNDA:3,(anonymous_9)
FNDA:1,(anonymous_10)
DA:5,6
DA:6,6
DA:7,6
DA:10,6
DA:13,6
DA:14,6
DA:17,6
DA:18,6
DA:20,6
DA:21,34
DA:22,1
DA:23,33
DA:24,2
DA:26,31
DA:29,6
DA:30,9
DA:31,7
DA:33,2
DA:36,6
DA:37,10
DA:38,1
DA:41,9
DA:42,9
DA:43,9
DA:46,9
DA:49,6
DA:50,9
DA:51,1
DA:54,8
DA:55,8
DA:56,0
DA:58,8
DA:61,6
DA:63,9
DA:66,9
DA:67,1
DA:69,8
DA:70,1
DA:74,7
DA:75,7
DA:76,1
DA:79,6
DA:80,6
DA:81,1
DA:83,5
DA:85,5
DA:86,5
DA:87,5
DA:90,5
DA:93,6
DA:94,34
DA:95,34
DA:96,34
DA:99,34
DA:100,34
DA:101,2
DA:104,32
DA:105,32
DA:107,32
DA:108,2
DA:111,30
DA:112,30
DA:114,28
DA:115,28
DA:118,28
DA:119,10
DA:120,10
DA:122,18
DA:123,9
DA:124,9
DA:126,9
DA:127,9
DA:128,9
DA:129,9
DA:133,6
DA:134,5
DA:135,5
DA:136,5
DA:138,5
DA:143,5
DA:146,6
DA:147,2
DA:148,2
DA:149,0
DA:151,2
DA:152,2
DA:153,2
DA:156,6
DA:157,2
DA:158,2
DA:159,2
DA:160,2
DA:161,2
DA:162,2
DA:164,2
DA:166,2
DA:168,2
DA:169,2
DA:170,45
DA:172,2
DA:174,2
DA:175,2
DA:176,2
DA:184,2
DA:187,2
DA:188,1
DA:189,1
DA:197,1
DA:199,1
DA:202,6
DA:203,3
DA:204,3
DA:205,3
DA:207,3
DA:208,3
DA:209,3
DA:210,3
DA:212,3
DA:213,3
DA:215,3
DA:217,1
DA:218,1
DA:221,2
DA:223,1
DA:225,1
DA:227,0
DA:230,1
DA:232,0
DA:235,1
DA:237,0
DA:240,1
DA:241,1
DA:242,1
DA:243,1
DA:245,0
DA:247,1
DA:248,1
DA:249,1
DA:250,182
DA:251,182
DA:254,1
DA:255,1
DA:256,1
DA:257,1
DA:258,1
DA:259,182
DA:260,182
DA:261,182
DA:264,1
DA:265,1
DA:266,1
DA:267,1
DA:275,1
DA:278,6
DA:279,1
DA:280,1
DA:281,1
DA:282,1
DA:283,1
DA:284,1
DA:285,1
DA:287,1
DA:288,1
DA:290,1
DA:292,1
DA:293,1
DA:295,1
DA:296,1
DA:297,0
DA:299,1
DA:302,1
DA:304,1
DA:305,1
DA:306,1
DA:307,22
DA:308,22
DA:313,1
DA:314,0
DA:315,0
DA:323,0
DA:325,1
DA:328,6
LF:182
LH:172
BRDA:21,0,0,1
BRDA:21,0,1,33
BRDA:21,1,0,34
BRDA:21,1,1,11
BRDA:23,2,0,2
BRDA:23,2,1,31
BRDA:23,3,0,33
BRDA:23,3,1,12
BRDA:30,4,0,7
BRDA:30,4,1,2
BRDA:37,5,0,1
BRDA:37,5,1,9
BRDA:50,6,0,1
BRDA:50,6,1,8
BRDA:55,7,0,0
BRDA:55,7,1,8
BRDA:66,8,0,1
BRDA:66,8,1,8
BRDA:69,9,0,1
BRDA:69,9,1,7
BRDA:75,10,0,1
BRDA:75,10,1,6
BRDA:80,11,0,1
BRDA:80,11,1,5
BRDA:100,12,0,2
BRDA:100,12,1,32
BRDA:107,13,0,2
BRDA:107,13,1,30
BRDA:112,14,0,2
BRDA:112,14,1,28
BRDA:118,15,0,10
BRDA:118,15,1,18
BRDA:122,16,0,9
BRDA:122,16,1,9
BRDA:126,17,0,9
BRDA:126,17,1,0
BRDA:148,18,0,0
BRDA:148,18,1,2
BRDA:187,19,0,1
BRDA:187,19,1,1
BRDA:215,20,0,1
BRDA:215,20,1,2
BRDA:215,21,0,3
BRDA:215,21,1,0
BRDA:215,21,2,3
BRDA:215,21,3,1
BRDA:215,21,4,3
BRDA:221,22,0,1
BRDA:221,22,1,1
BRDA:221,23,0,2
BRDA:221,23,1,2
BRDA:221,23,2,1
BRDA:225,24,0,0
BRDA:225,24,1,1
BRDA:230,25,0,0
BRDA:230,25,1,1
BRDA:235,26,0,0
BRDA:235,26,1,1
BRDA:235,27,0,1
BRDA:235,27,1,1
BRDA:242,28,0,1
BRDA:242,28,1,0
BRDA:259,29,0,182
BRDA:259,29,1,0
BRDA:259,30,0,182
BRDA:259,30,1,182
BRDA:293,31,0,1
BRDA:293,31,1,0
BRDA:296,32,0,0
BRDA:296,32,1,1
BRDA:307,33,0,22
BRDA:307,33,1,0
BRDA:307,34,0,22
BRDA:307,34,1,22
BRDA:313,35,0,0
BRDA:313,35,1,1
BRF:76
BRH:63
end_of_record
TN:
SF:src/services/atmServices.js
FN:4,(anonymous_0)
FN:20,(anonymous_1)
FN:25,(anonymous_2)
FNF:3
FNH:3
FNDA:9,(anonymous_0)
FNDA:3,(anonymous_1)
FNDA:8,(anonymous_2)
DA:1,6
DA:2,6
DA:4,6
DA:5,9
DA:6,9
DA:8,9
DA:9,9
DA:10,9
DA:11,9
DA:12,9
DA:13,9
DA:15,9
DA:20,6
DA:21,3
DA:22,3
DA:25,6
DA:26,8
DA:27,8
DA:28,0
DA:30,8
DA:31,8
DA:33,0
DA:36,6
LF:23
LH:21
BRDA:27,0,0,0
BRDA:27,0,1,8
BRDA:30,1,0,8
BRDA:30,1,1,0
BRDA:30,2,0,8
BRDA:30,2,1,8
BRF:6
BRH:4
end_of_record
TN:
SF:src/services/transactionServices.js
FN:16,(anonymous_0)
FN:24,(anonymous_1)
FN:29,(anonymous_2)
FN:38,(anonymous_3)
FN:43,(anonymous_4)
FN:52,(anonymous_5)
FN:60,(anonymous_6)
FN:111,(anonymous_7)
FN:166,(anonymous_8)
FN:201,(anonymous_9)
FN:228,(anonymous_10)
FN:260,(anonymous_11)
FN:305,(anonymous_12)
FN:347,(anonymous_13)
FNF:14
FNH:14
FNDA:1,(anonymous_0)
FNDA:28,(anonymous_1)
FNDA:8,(anonymous_2)
FNDA:2,(anonymous_3)
FNDA:10,(anonymous_4)
FNDA:9,(anonymous_5)
FNDA:4,(anonymous_6)
FNDA:2,(anonymous_7)
FNDA:13,(anonymous_8)
FNDA:2,(anonymous_9)
FNDA:4,(anonymous_10)
FNDA:7,(anonymous_11)
FNDA:2,(anonymous_12)
FNDA:28,(anonymous_13)
DA:5,6
DA:6,6
DA:9,6
DA:10,6
DA:13,6
DA:14,6
DA:16,6
DA:17,1
DA:18,1
DA:19,1
DA:20,1
DA:21,1
DA:24,6
DA:25,28
DA:26,28
DA:29,6
DA:30,8
DA:31,8
DA:32,8
DA:33,16
DA:35,8
DA:38,6
DA:39,2
DA:40,2
DA:43,6
DA:44,10
DA:45,10
DA:46,10
DA:47,10
DA:48,10
DA:49,10
DA:52,6
DA:53,9
DA:54,9
DA:55,9
DA:56,9
DA:57,9
DA:60,6
DA:61,4
DA:63,4
DA:64,4
DA:66,4
DA:67,4
DA:70,4
DA:73,2
DA:74,44
DA:76,2
DA:79,2
DA:80,10
DA:81,10
DA:82,10
DA:84,10
DA:85,2
DA:87,10
DA:88,10
DA:91,2
DA:92,53
DA:94,9
DA:95,9
DA:96,22
DA:97,22
DA:101,9
DA:102,9
DA:103,8
DA:104,8
DA:108,2
DA:111,6
DA:112,2
DA:114,2
DA:115,2
DA:117,2
DA:118,2
DA:119,2
DA:122,2
DA:125,2
DA:126,193
DA:128,2
DA:131,0
DA:132,0
DA:134,0
DA:137,0
DA:139,0
DA:140,0
DA:142,0
DA:143,0
DA:146,0
DA:147,0
DA:149,0
DA:150,0
DA:151,0
DA:152,0
DA:156,0
DA:157,0
DA:158,0
DA:159,0
DA:163,0
DA:166,6
DA:168,13
DA:169,13
DA:170,0
DA:174,13
DA:175,13
DA:176,2
DA:180,11
DA:181,11
DA:182,11
DA:183,11
DA:184,0
DA:187,11
DA:188,11
DA:189,11
DA:190,11
DA:198,11
DA:201,6
DA:202,2
DA:205,2
DA:206,0
DA:208,2
DA:209,2
DA:210,2
DA:213,2
DA:215,2
DA:225,2
DA:228,6
DA:229,4
DA:230,4
DA:232,4
DA:233,0
DA:235,4
DA:236,2
DA:239,2
DA:240,2
DA:241,2
DA:242,2
DA:243,0
DA:246,2
DA:247,2
DA:248,2
DA:249,2
DA:257,2
DA:260,6
DA:263,7
DA:265,7
DA:266,7
DA:267,0
DA:270,7
DA:271,7
DA:272,0
DA:275,7
DA:276,0
DA:279,7
DA:280,7
DA:282,7
DA:283,7
DA:284,0
DA:288,7
DA:289,7
DA:291,7
DA:292,7
DA:293,7
DA:302,7
DA:305,6
DA:306,2
DA:308,2
DA:309,2
DA:311,2
DA:312,2
DA:314,2
DA:315,0
DA:317,2
DA:318,0
DA:322,2
DA:323,2
DA:324,0
DA:327,2
DA:328,2
DA:330,2
DA:331,2
DA:332,2
DA:344,2
DA:347,6
DA:350,28
DA:351,13
DA:353,13
DA:355,2
DA:356,2
DA:358,11
DA:360,7
DA:361,7
DA:364,7
DA:366,4
DA:368,4
DA:369,4
DA:372,15
DA:374,15
DA:376,13
DA:377,13
DA:379,2
DA:380,2
DA:381,2
DA:384,0
DA:387,6
LF:202
LH:170
BRDA:70,0,0,2
BRDA:70,0,1,2
BRDA:84,1,0,2
BRDA:84,1,1,8
BRDA:92,2,0,9
BRDA:92,2,1,44
BRDA:95,3,0,31
BRDA:95,3,1,30
BRDA:95,3,2,8
BRDA:102,4,0,17
BRDA:102,4,1,15
BRDA:102,4,2,7
BRDA:122,5,0,2
BRDA:122,5,1,0
BRDA:139,6,0,0
BRDA:139,6,1,0
BRDA:147,7,0,0
BRDA:147,7,1,0
BRDA:150,8,0,0
BRDA:150,8,1,0
BRDA:150,8,2,0
BRDA:157,9,0,0
BRDA:157,9,1,0
BRDA:157,9,2,0
BRDA:169,10,0,0
BRDA:169,10,1,13
BRDA:175,11,0,2
BRDA:175,11,1,11
BRDA:181,12,0,2
BRDA:181,12,1,9
BRDA:183,13,0,0
BRDA:183,13,1,11
BRDA:205,14,0,0
BRDA:205,14,1,2
BRDA:232,15,0,0
BRDA:232,15,1,4
BRDA:235,16,0,2
BRDA:235,16,1,2
BRDA:235,17,0,4
BRDA:235,17,1,4
BRDA:235,17,2,3
BRDA:242,18,0,0
BRDA:242,18,1,2
BRDA:266,19,0,0
BRDA:266,19,1,7
BRDA:271,20,0,0
BRDA:271,20,1,7
BRDA:275,21,0,0
BRDA:275,21,1,7
BRDA:275,22,0,7
BRDA:275,22,1,7
BRDA:283,23,0,0
BRDA:283,23,1,7
BRDA:314,24,0,0
BRDA:314,24,1,2
BRDA:317,25,0,0
BRDA:317,25,1,2
BRDA:323,26,0,0
BRDA:323,26,1,2
BRDA:350,27,0,13
BRDA:350,27,1,15
BRDA:353,28,0,2
BRDA:353,28,1,11
BRDA:358,29,0,7
BRDA:358,29,1,4
BRDA:358,30,0,11
BRDA:358,30,1,7
BRDA:366,31,0,4
BRDA:366,31,1,0
BRDA:372,32,0,15
BRDA:372,32,1,0
BRDA:374,33,0,13
BRDA:374,33,1,2
BRDA:379,34,0,2
BRDA:379,34,1,0
BRDA:379,35,0,2
BRDA:379,35,1,2
BRF:77
BRH:51
end_of_record
TN:
SF:src/services/userProfleServices.js
FN:13,(anonymous_0)
FN:18,(anonymous_1)
FN:29,(anonymous_2)
FN:45,(anonymous_3)
FN:57,(anonymous_4)
FN:84,(anonymous_5)
FNF:6
FNH:6
FNDA:35,(anonymous_0)
FNDA:11,(anonymous_1)
FNDA:15,(anonymous_2)
FNDA:8,(anonymous_3)
FNDA:20,(anonymous_4)
FNDA:9,(anonymous_5)
DA:2,7
DA:3,7
DA:5,7
DA:6,7
DA:7,7
DA:8,7
DA:10,7
DA:11,7
DA:13,7
DA:14,35
DA:15,35
DA:18,7
DA:19,11
DA:20,11
DA:21,10
DA:22,10
DA:23,8
DA:26,3
DA:29,7
DA:32,15
DA:33,15
DA:34,15
DA:35,15
DA:36,15
DA:37,15
DA:39,0
DA:41,0
DA:45,7
DA:46,8
DA:47,8
DA:54,8
DA:57,7
DA:60,20
DA:61,20
DA:62,20
DA:65,20
DA:66,20
DA:69,14
DA:72,14
DA:73,14
DA:78,0
DA:84,7
DA:85,9
DA:86,9
DA:87,9
DA:88,9
DA:89,9
DA:90,2
DA:97,7
DA:98,7
DA:99,7
DA:100,7
DA:101,7
DA:104,7
LF:54
LH:51
BRDA:20,0,0,10
BRDA:20,0,1,1
BRDA:22,1,0,8
BRDA:22,1,1,2
BRDA:36,2,0,15
BRDA:36,2,1,0
BRDA:66,3,0,6
BRDA:66,3,1,14
BRDA:72,4,0,14
BRDA:72,4,1,0
BRDA:89,5,0,2
BRDA:89,5,1,7
BRF:12
BRH:10
end_of_record
TN:
SF:src/services/userServices.js
FN:3,(anonymous_0)
FNF:1
FNH:1
FNDA:18,(anonymous_0)
DA:1,8
DA:3,8
DA:4,18
DA:5,18
DA:6,2
DA:8,16
DA:11,8
LF:7
LH:7
BRDA:5,0,0,2
BRDA:5,0,1,16
BRF:2
BRH:2
end_of_record
TN:
SF:src/utils/constants.js
FNF:0
FNH:0
DA:1,6
DA:2,6
DA:3,6
DA:4,6
DA:5,6
DA:7,6
DA:13,6
DA:24,6
DA:30,6
DA:31,6
DA:32,6
DA:33,6
DA:34,6
DA:35,6
DA:36,6
DA:37,6
DA:38,6
DA:39,6
DA:40,6
DA:41,6
DA:42,6
DA:43,6
DA:44,6
DA:45,6
DA:47,6
LF:25
LH:25
BRF:0
BRH:0
end_of_record
TN:
SF:src/utils/utils.js
FN:1,(anonymous_0)
FN:12,(anonymous_1)
FN:24,(anonymous_2)
FN:30,(anonymous_3)
FN:44,(anonymous_4)
FN:64,(anonymous_5)
FN:66,(anonymous_6)
FN:76,(anonymous_7)
FN:87,(anonymous_8)
FNF:9
FNH:8
FNDA:61,(anonymous_0)
FNDA:37,(anonymous_1)
FNDA:0,(anonymous_2)
FNDA:59,(anonymous_3)
FNDA:33,(anonymous_4)
FNDA:5,(anonymous_5)
FNDA:146,(anonymous_6)
FNDA:64,(anonymous_7)
FNDA:31,(anonymous_8)
DA:1,8
DA:2,61
DA:3,61
DA:5,61
DA:6,61
DA:7,1525
DA:9,61
DA:12,8
DA:13,37
DA:14,37
DA:15,37
DA:16,37
DA:18,37
DA:19,37
DA:21,37
DA:24,8
DA:25,0
DA:26,0
DA:27,0
DA:30,8
DA:31,59
DA:32,59
DA:33,59
DA:34,550
DA:35,550
DA:36,0
DA:37,550
DA:38,543
DA:41,59
DA:44,8
DA:45,33
DA:46,33
DA:47,33
DA:49,33
DA:50,33
DA:51,33
DA:52,33
DA:54,33
DA:55,33
DA:56,0
DA:58,33
DA:59,0
DA:61,33
DA:64,8
DA:66,8
DA:67,146
DA:68,146
DA:69,146
DA:70,146
DA:71,1126
DA:73,146
DA:76,8
DA:77,64
DA:78,64
DA:80,64
DA:81,64
DA:83,64
DA:84,64
DA:87,8
DA:88,31
DA:89,31
DA:92,8
LF:62
LH:56
BRDA:18,0,0,37
BRDA:18,0,1,0
BRDA:19,1,0,0
BRDA:19,1,1,37
BRDA:35,2,0,0
BRDA:35,2,1,550
BRDA:35,3,0,550
BRDA:35,3,1,543
BRDA:37,4,0,543
BRDA:37,4,1,7
BRDA:37,5,0,550
BRDA:37,5,1,543
BRDA:55,6,0,0
BRDA:55,6,1,33
BRDA:58,7,0,0
BRDA:58,7,1,33
BRDA:58,8,0,33
BRDA:58,8,1,0
BRF:18
BRH:12
end_of_record
TN:
SF:src/validation/users.js
FN:6,(anonymous_0)
FN:20,(anonymous_1)
FNF:2
FNH:2
FNDA:22,(anonymous_0)
FNDA:22,(anonymous_1)
DA:3,8
DA:4,8
DA:6,8
DA:7,22
DA:17,22
DA:20,8
DA:21,22
DA:22,6
DA:24,16
DA:25,16
DA:26,1
DA:28,15
DA:31,8
LF:13
LH:13
BRDA:21,0,0,6
BRDA:21,0,1,16
BRDA:25,1,0,1
BRDA:25,1,1,15
BRF:4
BRH:4
end_of_record
