TN:
SF:src/app.js
FNF:0
FNH:0
DA:3,3
DA:5,3
DA:7,3
DA:9,3
DA:10,3
DA:11,3
DA:12,3
DA:14,3
DA:19,3
DA:20,3
DA:23,3
DA:26,3
DA:27,3
DA:30,3
DA:32,3
LF:15
LH:15
BRF:0
BRH:0
end_of_record
TN:
SF:src/controller/accountController.js
FN:3,(anonymous_0)
FNF:1
FNH:1
FNDA:17,(anonymous_0)
DA:1,3
DA:3,3
DA:4,17
DA:5,17
DA:6,17
DA:7,17
DA:8,17
DA:11,17
DA:13,0
DA:19,3
LF:10
LH:9
BRF:0
BRH:0
end_of_record
TN:
SF:src/controller/detailsController.js
FN:3,(anonymous_0)
FN:13,(anonymous_1)
FNF:2
FNH:2
FNDA:1,(anonymous_0)
FNDA:1,(anonymous_1)
DA:1,3
DA:3,3
DA:4,1
DA:5,1
DA:6,1
DA:7,1
DA:9,0
DA:13,3
DA:14,1
DA:15,1
DA:16,1
DA:18,1
DA:19,1
DA:23,1
DA:24,1
DA:25,1
DA:26,1
DA:28,0
DA:32,3
LF:19
LH:17
BRDA:15,0,0,1
BRDA:15,0,1,0
BRDA:18,1,0,1
BRDA:18,1,1,0
BRF:4
BRH:2
end_of_record
TN:
SF:src/controller/transactionController.js
FN:4,(anonymous_0)
FNF:1
FNH:1
FNDA:16,(anonymous_0)
DA:2,3
DA:4,3
DA:5,16
DA:6,16
DA:7,16
DA:8,16
DA:9,16
DA:10,16
DA:11,16
DA:14,16
DA:16,0
DA:20,3
LF:12
LH:11
BRF:0
BRH:0
end_of_record
TN:
SF:src/controller/userProfileController.js
FN:5,(anonymous_0)
FN:20,(anonymous_1)
FNF:2
FNH:2
FNDA:10,(anonymous_0)
FNDA:5,(anonymous_1)
DA:3,3
DA:5,3
DA:6,10
DA:9,10
DA:10,10
DA:11,10
DA:14,10
DA:16,0
DA:20,3
DA:21,5
DA:22,5
DA:23,5
DA:24,5
DA:26,0
DA:30,3
LF:15
LH:13
BRF:0
BRH:0
end_of_record
TN:
SF:src/db/connection.js
FNF:0
FNH:0
DA:1,8
DA:2,8
DA:5,8
DA:6,8
DA:7,8
DA:16,8
LF:6
LH:6
BRF:0
BRH:0
end_of_record
TN:
SF:src/middleware/auth.js
FN:8,(anonymous_0)
FNF:1
FNH:1
FNDA:36,(anonymous_0)
DA:1,3
DA:2,3
DA:3,3
DA:5,3
DA:6,3
DA:8,3
DA:9,36
DA:10,36
DA:11,36
DA:13,35
DA:15,35
DA:16,35
DA:18,35
DA:20,0
DA:23,1
DA:29,3
LF:16
LH:15
BRDA:15,0,0,35
BRDA:15,0,1,0
BRF:2
BRH:1
end_of_record
TN:
SF:src/models/accountsModel.js
FN:4,(anonymous_0)
FN:12,(anonymous_1)
FN:20,(anonymous_2)
FN:28,(anonymous_3)
FN:37,(anonymous_4)
FN:47,(anonymous_5)
FN:82,(anonymous_6)
FNF:7
FNH:7
FNDA:46,(anonymous_0)
FNDA:50,(anonymous_1)
FNDA:1,(anonymous_2)
FNDA:234,(anonymous_3)
FNDA:1,(anonymous_4)
FNDA:45,(anonymous_5)
FNDA:47,(anonymous_6)
DA:2,6
DA:4,6
DA:5,46
DA:9,46
DA:12,6
DA:13,50
DA:17,50
DA:20,6
DA:21,1
DA:25,1
DA:28,6
DA:29,234
DA:34,234
DA:37,6
DA:38,1
DA:44,1
DA:47,6
DA:53,45
DA:54,45
DA:55,45
DA:56,45
DA:60,45
DA:61,0
DA:64,45
DA:68,45
DA:69,0
DA:72,45
DA:73,45
DA:75,0
DA:76,0
DA:78,45
DA:82,6
DA:88,47
DA:89,47
DA:90,47
DA:91,47
DA:95,47
DA:97,47
DA:101,47
DA:103,47
DA:104,47
DA:106,0
DA:107,0
DA:109,47
DA:113,6
LF:45
LH:39
BRDA:60,0,0,0
BRDA:60,0,1,45
BRDA:68,1,0,0
BRDA:68,1,1,45
BRDA:95,2,0,0
BRDA:95,2,1,47
BRDA:101,3,0,0
BRDA:101,3,1,47
BRF:8
BRH:4
end_of_record
TN:
SF:src/models/atmModel.js
FN:3,(anonymous_0)
FN:12,(anonymous_1)
FNF:2
FNH:2
FNDA:17,(anonymous_0)
FNDA:22,(anonymous_1)
DA:1,6
DA:3,6
DA:4,17
DA:9,17
DA:12,6
DA:13,22
DA:18,22
DA:21,6
LF:8
LH:8
BRF:0
BRH:0
end_of_record
TN:
SF:src/models/loanAccountModel.js
FN:5,(anonymous_0)
FN:17,(anonymous_1)
FN:31,(anonymous_2)
FN:41,(anonymous_3)
FN:53,(anonymous_4)
FNF:5
FNH:5
FNDA:1,(anonymous_0)
FNDA:3,(anonymous_1)
FNDA:1,(anonymous_2)
FNDA:1,(anonymous_3)
FNDA:33,(anonymous_4)
DA:2,6
DA:3,6
DA:5,6
DA:6,1
DA:14,1
DA:17,6
DA:18,3
DA:28,3
DA:31,6
DA:32,1
DA:38,1
DA:41,6
DA:42,1
DA:50,1
DA:53,6
DA:54,33
DA:62,33
DA:65,6
LF:18
LH:18
BRF:0
BRH:0
end_of_record
TN:
SF:src/models/transactionModel.js
FN:7,(anonymous_0)
FN:19,(anonymous_1)
FN:28,(anonymous_2)
FN:40,(anonymous_3)
FN:52,(anonymous_4)
FN:64,(anonymous_5)
FN:76,(anonymous_6)
FN:90,(anonymous_7)
FN:150,(anonymous_8)
FN:200,(anonymous_9)
FN:238,(anonymous_10)
FN:286,(anonymous_11)
FN:333,(anonymous_12)
FN:370,(anonymous_13)
FNF:14
FNH:14
FNDA:1,(anonymous_0)
FNDA:12,(anonymous_1)
FNDA:1,(anonymous_2)
FNDA:20,(anonymous_3)
FNDA:16,(anonymous_4)
FNDA:3,(anonymous_5)
FNDA:1,(anonymous_6)
FNDA:2,(anonymous_7)
FNDA:15,(anonymous_8)
FNDA:3,(anonymous_9)
FNDA:12,(anonymous_10)
FNDA:2,(anonymous_11)
FNDA:3,(anonymous_12)
FNDA:1,(anonymous_13)
DA:3,6
DA:4,6
DA:5,6
DA:7,6
DA:8,1
DA:16,1
DA:19,6
DA:20,12
DA:25,12
DA:28,6
DA:29,1
DA:37,1
DA:40,6
DA:41,20
DA:49,20
DA:52,6
DA:53,16
DA:61,16
DA:64,6
DA:65,3
DA:73,3
DA:76,6
DA:77,1
DA:78,1
DA:79,1
DA:87,1
DA:90,6
DA:98,2
DA:99,2
DA:100,2
DA:101,2
DA:108,2
DA:115,2
DA:122,2
DA:124,2
DA:126,2
DA:130,2
DA:132,2
DA:134,2
DA:138,2
DA:140,2
DA:141,2
DA:143,0
DA:144,0
DA:146,2
DA:150,6
DA:160,15
DA:161,15
DA:162,15
DA:164,15
DA:166,1
DA:172,1
DA:173,1
DA:176,15
DA:182,15
DA:184,15
DA:188,15
DA:190,15
DA:191,15
DA:193,0
DA:194,0
DA:196,15
DA:200,6
DA:209,3
DA:210,3
DA:211,3
DA:212,3
DA:214,3
DA:220,3
DA:222,3
DA:226,3
DA:228,3
DA:229,3
DA:231,0
DA:232,0
DA:234,3
DA:238,6
DA:247,12
DA:248,12
DA:249,12
DA:250,12
DA:252,12
DA:258,12
DA:260,12
DA:264,12
DA:266,12
DA:267,1
DA:273,1
DA:276,12
DA:277,12
DA:279,0
DA:280,0
DA:282,12
DA:286,6
DA:297,2
DA:298,2
DA:299,2
DA:301,2
DA:307,2
DA:309,2
DA:315,2
DA:317,2
DA:321,2
DA:323,2
DA:324,2
DA:326,0
DA:327,0
DA:329,2
DA:333,6
DA:342,3
DA:343,3
DA:344,3
DA:346,3
DA:352,1
DA:354,1
DA:358,1
DA:360,1
DA:361,1
DA:363,2
DA:364,2
DA:366,3
DA:370,6
DA:379,1
DA:380,1
DA:381,1
DA:383,1
DA:389,1
DA:391,1
DA:395,1
DA:397,1
DA:398,1
DA:400,0
DA:401,0
DA:403,1
DA:407,6
LF:135
LH:123
BRDA:7,0,0,0
BRDA:7,1,0,0
BRDA:122,2,0,0
BRDA:122,2,1,2
BRDA:122,3,0,2
BRDA:122,3,1,2
BRDA:122,3,2,2
BRDA:124,4,0,2
BRDA:124,4,1,0
BRDA:130,5,0,0
BRDA:130,5,1,2
BRDA:132,6,0,2
BRDA:132,6,1,0
BRDA:138,7,0,0
BRDA:138,7,1,2
BRDA:164,8,0,1
BRDA:164,8,1,14
BRDA:172,9,0,0
BRDA:172,9,1,1
BRDA:182,10,0,0
BRDA:182,10,1,15
BRDA:188,11,0,0
BRDA:188,11,1,15
BRDA:220,12,0,0
BRDA:220,12,1,3
BRDA:226,13,0,0
BRDA:226,13,1,3
BRDA:258,14,0,0
BRDA:258,14,1,12
BRDA:264,15,0,0
BRDA:264,15,1,12
BRDA:266,16,0,1
BRDA:266,16,1,11
BRDA:273,17,0,0
BRDA:273,17,1,1
BRDA:307,18,0,0
BRDA:307,18,1,2
BRDA:315,19,0,0
BRDA:315,19,1,2
BRDA:321,20,0,0
BRDA:321,20,1,2
BRDA:352,21,0,0
BRDA:352,21,1,1
BRDA:358,22,0,0
BRDA:358,22,1,1
BRDA:389,23,0,0
BRDA:389,23,1,1
BRDA:395,24,0,0
BRDA:395,24,1,1
BRF:49
BRH:27
end_of_record
TN:
SF:src/models/userModel.js
FN:4,(anonymous_0)
FN:12,(anonymous_1)
FN:20,(anonymous_2)
FNF:3
FNH:3
FNDA:207,(anonymous_0)
FNDA:56,(anonymous_1)
FNDA:53,(anonymous_2)
DA:2,8
DA:4,8
DA:5,207
DA:9,207
DA:12,8
DA:13,56
DA:17,56
DA:20,8
DA:21,53
DA:25,53
DA:28,8
LF:11
LH:11
BRF:0
BRH:0
end_of_record
TN:
SF:src/services/accountServices.js
FN:20,(anonymous_0)
FN:29,(anonymous_1)
FN:36,(anonymous_2)
FN:49,(anonymous_3)
FN:61,(anonymous_4)
FN:93,(anonymous_5)
FN:133,(anonymous_6)
FN:146,(anonymous_7)
FN:156,(anonymous_8)
FN:202,(anonymous_9)
FN:279,(anonymous_10)
FNF:11
FNH:11
FNDA:150,(anonymous_0)
FNDA:49,(anonymous_1)
FNDA:48,(anonymous_2)
FNDA:47,(anonymous_3)
FNDA:49,(anonymous_4)
FNDA:150,(anonymous_5)
FNDA:19,(anonymous_6)
FNDA:1,(anonymous_7)
FNDA:2,(anonymous_8)
FNDA:3,(anonymous_9)
FNDA:1,(anonymous_10)
DA:5,6
DA:6,6
DA:7,6
DA:10,6
DA:13,6
DA:14,6
DA:17,6
DA:18,6
DA:20,6
DA:21,150
DA:22,1
DA:23,149
DA:24,2
DA:26,147
DA:29,6
DA:30,49
DA:31,47
DA:33,2
DA:36,6
DA:37,48
DA:38,1
DA:41,47
DA:42,47
DA:43,47
DA:46,47
DA:49,6
DA:50,47
DA:51,1
DA:54,46
DA:55,46
DA:56,0
DA:58,46
DA:61,6
DA:63,49
DA:66,49
DA:67,1
DA:69,48
DA:70,1
DA:74,47
DA:75,47
DA:76,1
DA:79,46
DA:80,46
DA:81,1
DA:83,45
DA:85,45
DA:86,45
DA:87,45
DA:90,45
DA:93,6
DA:94,150
DA:95,150
DA:96,150
DA:99,150
DA:100,150
DA:101,2
DA:104,148
DA:105,148
DA:107,148
DA:108,2
DA:111,146
DA:112,146
DA:114,144
DA:115,144
DA:118,144
DA:119,48
DA:120,48
DA:122,96
DA:123,47
DA:124,47
DA:126,49
DA:127,49
DA:128,49
DA:129,49
DA:133,6
DA:134,19
DA:135,19
DA:136,19
DA:138,19
DA:143,19
DA:146,6
DA:147,1
DA:148,1
DA:149,0
DA:151,1
DA:152,1
DA:153,1
DA:156,6
DA:157,2
DA:158,2
DA:159,2
DA:160,2
DA:161,2
DA:162,2
DA:164,2
DA:166,2
DA:168,2
DA:169,2
DA:170,49
DA:172,2
DA:174,2
DA:175,2
DA:176,2
DA:184,2
DA:187,2
DA:188,1
DA:189,1
DA:197,1
DA:199,1
DA:202,6
DA:203,3
DA:204,3
DA:205,3
DA:207,3
DA:208,3
DA:209,3
DA:210,3
DA:213,3
DA:214,3
DA:216,3
DA:218,1
DA:219,1
DA:222,2
DA:224,1
DA:226,1
DA:228,0
DA:231,1
DA:233,0
DA:236,1
DA:238,0
DA:241,1
DA:242,1
DA:243,1
DA:244,1
DA:246,0
DA:248,1
DA:249,1
DA:250,1
DA:251,182
DA:252,182
DA:255,1
DA:256,1
DA:257,1
DA:258,1
DA:259,1
DA:260,182
DA:261,0
DA:262,0
DA:265,1
DA:266,1
DA:267,1
DA:268,1
DA:276,1
DA:279,6
DA:280,1
DA:281,1
DA:282,1
DA:283,1
DA:284,1
DA:285,1
DA:286,1
DA:288,1
DA:289,1
DA:291,1
DA:293,1
DA:294,1
DA:296,1
DA:297,1
DA:298,0
DA:300,1
DA:303,1
DA:305,1
DA:306,1
DA:307,1
DA:308,24
DA:309,24
DA:314,1
DA:315,0
DA:316,0
DA:324,0
DA:326,1
DA:329,6
LF:182
LH:170
BRDA:21,0,0,1
BRDA:21,0,1,149
BRDA:21,1,0,150
BRDA:21,1,1,49
BRDA:23,2,0,2
BRDA:23,2,1,147
BRDA:23,3,0,149
BRDA:23,3,1,52
BRDA:30,4,0,47
BRDA:30,4,1,2
BRDA:37,5,0,1
BRDA:37,5,1,47
BRDA:50,6,0,1
BRDA:50,6,1,46
BRDA:55,7,0,0
BRDA:55,7,1,46
BRDA:66,8,0,1
BRDA:66,8,1,48
BRDA:69,9,0,1
BRDA:69,9,1,47
BRDA:75,10,0,1
BRDA:75,10,1,46
BRDA:80,11,0,1
BRDA:80,11,1,45
BRDA:100,12,0,2
BRDA:100,12,1,148
BRDA:107,13,0,2
BRDA:107,13,1,146
BRDA:112,14,0,2
BRDA:112,14,1,144
BRDA:118,15,0,48
BRDA:118,15,1,96
BRDA:122,16,0,47
BRDA:122,16,1,49
BRDA:126,17,0,49
BRDA:126,17,1,0
BRDA:148,18,0,0
BRDA:148,18,1,1
BRDA:187,19,0,1
BRDA:187,19,1,1
BRDA:216,20,0,1
BRDA:216,20,1,2
BRDA:216,21,0,3
BRDA:216,21,1,1
BRDA:216,21,2,3
BRDA:216,21,3,1
BRDA:216,21,4,3
BRDA:222,22,0,1
BRDA:222,22,1,1
BRDA:222,23,0,2
BRDA:222,23,1,2
BRDA:222,23,2,1
BRDA:226,24,0,0
BRDA:226,24,1,1
BRDA:231,25,0,0
BRDA:231,25,1,1
BRDA:236,26,0,0
BRDA:236,26,1,1
BRDA:236,27,0,1
BRDA:236,27,1,1
BRDA:243,28,0,1
BRDA:243,28,1,0
BRDA:260,29,0,0
BRDA:260,29,1,182
BRDA:260,30,0,182
BRDA:260,30,1,0
BRDA:294,31,0,1
BRDA:294,31,1,0
BRDA:297,32,0,0
BRDA:297,32,1,1
BRDA:308,33,0,24
BRDA:308,33,1,0
BRDA:308,34,0,24
BRDA:308,34,1,24
BRDA:314,35,0,0
BRDA:314,35,1,1
BRF:76
BRH:63
end_of_record
TN:
SF:src/services/atmServices.js
FN:4,(anonymous_0)
FN:20,(anonymous_1)
FN:25,(anonymous_2)
FNF:3
FNH:3
FNDA:47,(anonymous_0)
FNDA:22,(anonymous_1)
FNDA:17,(anonymous_2)
DA:1,6
DA:2,6
DA:4,6
DA:5,47
DA:6,47
DA:8,47
DA:9,47
DA:10,47
DA:11,47
DA:12,47
DA:13,47
DA:15,47
DA:20,6
DA:21,22
DA:22,22
DA:25,6
DA:26,17
DA:27,17
DA:28,0
DA:30,17
DA:31,17
DA:33,0
DA:36,6
LF:23
LH:21
BRDA:27,0,0,0
BRDA:27,0,1,17
BRDA:30,1,0,17
BRDA:30,1,1,0
BRDA:30,2,0,17
BRDA:30,2,1,17
BRF:6
BRH:4
end_of_record
TN:
SF:src/services/transactionServices.js
FN:18,(anonymous_0)
FN:26,(anonymous_1)
FN:31,(anonymous_2)
FN:40,(anonymous_3)
FN:45,(anonymous_4)
FN:54,(anonymous_5)
FN:62,(anonymous_6)
FN:113,(anonymous_7)
FN:167,(anonymous_8)
FN:202,(anonymous_9)
FN:229,(anonymous_10)
FN:261,(anonymous_11)
FN:306,(anonymous_12)
FN:348,(anonymous_13)
FNF:14
FNH:14
FNDA:1,(anonymous_0)
FNDA:80,(anonymous_1)
FNDA:48,(anonymous_2)
FNDA:1,(anonymous_3)
FNDA:20,(anonymous_4)
FNDA:16,(anonymous_5)
FNDA:3,(anonymous_6)
FNDA:1,(anonymous_7)
FNDA:14,(anonymous_8)
FNDA:2,(anonymous_9)
FNDA:4,(anonymous_10)
FNDA:16,(anonymous_11)
FNDA:4,(anonymous_12)
FNDA:40,(anonymous_13)
DA:5,6
DA:6,6
DA:9,6
DA:12,6
DA:15,6
DA:16,6
DA:18,6
DA:19,1
DA:20,1
DA:21,1
DA:22,1
DA:23,1
DA:26,6
DA:27,80
DA:28,80
DA:31,6
DA:32,48
DA:33,48
DA:34,48
DA:35,96
DA:37,48
DA:40,6
DA:41,1
DA:42,1
DA:45,6
DA:46,20
DA:47,20
DA:48,20
DA:49,20
DA:50,20
DA:51,20
DA:54,6
DA:55,16
DA:56,16
DA:57,16
DA:58,16
DA:59,16
DA:62,6
DA:63,3
DA:65,3
DA:66,3
DA:68,3
DA:69,3
DA:72,3
DA:75,2
DA:76,48
DA:78,2
DA:81,1
DA:82,2
DA:83,2
DA:84,2
DA:86,2
DA:87,1
DA:89,2
DA:90,2
DA:93,1
DA:94,24
DA:96,0
DA:97,0
DA:98,0
DA:99,0
DA:103,0
DA:104,0
DA:105,0
DA:106,0
DA:110,1
DA:113,6
DA:114,1
DA:115,1
DA:116,1
DA:118,1
DA:119,1
DA:120,1
DA:123,1
DA:126,0
DA:127,0
DA:129,0
DA:132,1
DA:133,1
DA:135,1
DA:138,1
DA:140,1
DA:141,1
DA:143,1
DA:144,1
DA:147,1
DA:148,182
DA:150,0
DA:151,0
DA:152,0
DA:153,0
DA:157,0
DA:158,0
DA:159,0
DA:160,0
DA:164,1
DA:167,6
DA:169,14
DA:170,14
DA:171,0
DA:175,14
DA:176,14
DA:177,2
DA:181,12
DA:182,12
DA:183,12
DA:184,12
DA:185,0
DA:188,12
DA:189,12
DA:190,12
DA:191,12
DA:199,12
DA:202,6
DA:203,2
DA:206,2
DA:207,0
DA:209,2
DA:210,2
DA:211,2
DA:214,2
DA:216,2
DA:226,2
DA:229,6
DA:230,4
DA:231,4
DA:233,4
DA:234,0
DA:236,4
DA:237,1
DA:240,3
DA:241,3
DA:242,3
DA:243,3
DA:244,0
DA:247,3
DA:248,3
DA:249,3
DA:250,3
DA:258,3
DA:261,6
DA:264,16
DA:266,16
DA:267,16
DA:268,0
DA:271,16
DA:272,16
DA:273,0
DA:276,16
DA:277,1
DA:280,15
DA:281,15
DA:283,15
DA:284,15
DA:285,0
DA:289,15
DA:290,15
DA:292,15
DA:293,15
DA:294,15
DA:303,15
DA:306,6
DA:307,4
DA:309,4
DA:310,4
DA:312,4
DA:313,4
DA:315,4
DA:316,1
DA:318,3
DA:319,1
DA:323,2
DA:324,2
DA:325,0
DA:328,2
DA:329,2
DA:331,2
DA:332,2
DA:333,2
DA:345,2
DA:348,6
DA:351,40
DA:352,24
DA:354,24
DA:356,4
DA:357,4
DA:359,20
DA:361,16
DA:362,16
DA:365,16
DA:367,4
DA:369,4
DA:370,4
DA:373,16
DA:375,16
DA:377,14
DA:378,14
DA:380,2
DA:381,2
DA:382,2
DA:385,0
DA:388,6
LF:202
LH:173
BRDA:72,0,0,2
BRDA:72,0,1,1
BRDA:86,1,0,1
BRDA:86,1,1,1
BRDA:94,2,0,0
BRDA:94,2,1,24
BRDA:97,3,0,0
BRDA:97,3,1,0
BRDA:97,3,2,0
BRDA:104,4,0,0
BRDA:104,4,1,0
BRDA:104,4,2,0
BRDA:123,5,0,0
BRDA:123,5,1,1
BRDA:140,6,0,1
BRDA:140,6,1,0
BRDA:148,7,0,0
BRDA:148,7,1,182
BRDA:151,8,0,0
BRDA:151,8,1,0
BRDA:151,8,2,0
BRDA:158,9,0,0
BRDA:158,9,1,0
BRDA:158,9,2,0
BRDA:170,10,0,0
BRDA:170,10,1,14
BRDA:176,11,0,2
BRDA:176,11,1,12
BRDA:182,12,0,3
BRDA:182,12,1,9
BRDA:184,13,0,0
BRDA:184,13,1,12
BRDA:206,14,0,0
BRDA:206,14,1,2
BRDA:233,15,0,0
BRDA:233,15,1,4
BRDA:236,16,0,1
BRDA:236,16,1,3
BRDA:236,17,0,4
BRDA:236,17,1,4
BRDA:236,17,2,2
BRDA:243,18,0,0
BRDA:243,18,1,3
BRDA:267,19,0,0
BRDA:267,19,1,16
BRDA:272,20,0,0
BRDA:272,20,1,16
BRDA:276,21,0,1
BRDA:276,21,1,15
BRDA:276,22,0,16
BRDA:276,22,1,16
BRDA:284,23,0,0
BRDA:284,23,1,15
BRDA:315,24,0,1
BRDA:315,24,1,3
BRDA:318,25,0,1
BRDA:318,25,1,2
BRDA:324,26,0,0
BRDA:324,26,1,2
BRDA:351,27,0,24
BRDA:351,27,1,16
BRDA:354,28,0,4
BRDA:354,28,1,20
BRDA:359,29,0,16
BRDA:359,29,1,4
BRDA:359,30,0,20
BRDA:359,30,1,16
BRDA:367,31,0,4
BRDA:367,31,1,0
BRDA:373,32,0,16
BRDA:373,32,1,0
BRDA:375,33,0,14
BRDA:375,33,1,2
BRDA:380,34,0,2
BRDA:380,34,1,0
BRDA:380,35,0,2
BRDA:380,35,1,2
BRF:77
BRH:49
end_of_record
TN:
SF:src/services/userProfleServices.js
FN:13,(anonymous_0)
FN:18,(anonymous_1)
FN:29,(anonymous_2)
FN:45,(anonymous_3)
FN:57,(anonymous_4)
FN:84,(anonymous_5)
FNF:6
FNH:6
FNDA:151,(anonymous_0)
FNDA:21,(anonymous_1)
FNDA:53,(anonymous_2)
FNDA:18,(anonymous_3)
FNDA:58,(anonymous_4)
FNDA:19,(anonymous_5)
DA:2,7
DA:3,7
DA:5,7
DA:6,7
DA:7,7
DA:8,7
DA:10,7
DA:11,7
DA:13,7
DA:14,151
DA:15,151
DA:18,7
DA:19,21
DA:20,21
DA:21,20
DA:22,20
DA:23,18
DA:26,3
DA:29,7
DA:32,53
DA:33,53
DA:34,53
DA:35,53
DA:36,53
DA:37,53
DA:39,0
DA:41,0
DA:45,7
DA:46,18
DA:47,18
DA:54,18
DA:57,7
DA:60,58
DA:61,58
DA:62,58
DA:65,58
DA:66,58
DA:69,52
DA:72,52
DA:73,52
DA:78,0
DA:84,7
DA:85,19
DA:86,19
DA:87,19
DA:88,19
DA:89,19
DA:90,2
DA:97,17
DA:98,17
DA:99,17
DA:100,17
DA:101,17
DA:104,7
LF:54
LH:51
BRDA:20,0,0,20
BRDA:20,0,1,1
BRDA:22,1,0,18
BRDA:22,1,1,2
BRDA:36,2,0,53
BRDA:36,2,1,0
BRDA:66,3,0,6
BRDA:66,3,1,52
BRDA:72,4,0,52
BRDA:72,4,1,0
BRDA:89,5,0,2
BRDA:89,5,1,17
BRF:12
BRH:10
end_of_record
TN:
SF:src/services/userServices.js
FN:3,(anonymous_0)
FNF:1
FNH:1
FNDA:56,(anonymous_0)
DA:1,8
DA:3,8
DA:4,56
DA:5,56
DA:6,2
DA:8,54
DA:11,8
LF:7
LH:7
BRDA:5,0,0,2
BRDA:5,0,1,54
BRF:2
BRH:2
end_of_record
TN:
SF:src/utils/constants.js
FNF:0
FNH:0
DA:1,6
DA:2,6
DA:3,6
DA:4,6
DA:5,6
DA:7,6
DA:13,6
DA:24,6
DA:30,6
DA:31,6
DA:32,6
DA:33,6
DA:34,6
DA:35,6
DA:36,6
DA:37,6
DA:38,6
DA:39,6
DA:40,6
DA:41,6
DA:42,6
DA:43,6
DA:44,6
DA:45,6
DA:46,6
DA:47,6
DA:49,6
LF:27
LH:27
BRF:0
BRH:0
end_of_record
TN:
SF:src/utils/utils.js
FN:1,(anonymous_0)
FN:12,(anonymous_1)
FN:24,(anonymous_2)
FN:30,(anonymous_3)
FN:44,(anonymous_4)
FN:64,(anonymous_5)
FN:66,(anonymous_6)
FN:76,(anonymous_7)
FN:87,(anonymous_8)
FNF:9
FNH:9
FNDA:220,(anonymous_0)
FNDA:193,(anonymous_1)
FNDA:1,(anonymous_2)
FNDA:218,(anonymous_3)
FNDA:149,(anonymous_4)
FNDA:5,(anonymous_5)
FNDA:474,(anonymous_6)
FNDA:190,(anonymous_7)
FNDA:41,(anonymous_8)
DA:1,8
DA:2,220
DA:3,220
DA:5,220
DA:6,220
DA:7,5500
DA:9,220
DA:12,8
DA:13,193
DA:14,193
DA:15,193
DA:16,193
DA:18,193
DA:19,193
DA:21,193
DA:24,8
DA:25,1
DA:26,1
DA:27,1
DA:30,8
DA:31,218
DA:32,218
DA:33,218
DA:34,1667
DA:35,1667
DA:36,0
DA:37,1667
DA:38,1660
DA:41,218
DA:44,8
DA:45,149
DA:46,149
DA:47,149
DA:49,149
DA:50,149
DA:51,149
DA:52,149
DA:54,149
DA:55,149
DA:56,0
DA:58,149
DA:59,0
DA:61,149
DA:64,8
DA:66,8
DA:67,474
DA:68,474
DA:69,474
DA:70,474
DA:71,3738
DA:73,474
DA:76,8
DA:77,190
DA:78,190
DA:80,190
DA:81,190
DA:83,190
DA:84,190
DA:87,8
DA:88,41
DA:89,41
DA:92,8
LF:62
LH:59
BRDA:18,0,0,193
BRDA:18,0,1,0
BRDA:19,1,0,0
BRDA:19,1,1,193
BRDA:35,2,0,0
BRDA:35,2,1,1667
BRDA:35,3,0,1667
BRDA:35,3,1,1660
BRDA:37,4,0,1660
BRDA:37,4,1,7
BRDA:37,5,0,1667
BRDA:37,5,1,1660
BRDA:55,6,0,0
BRDA:55,6,1,149
BRDA:58,7,0,0
BRDA:58,7,1,149
BRDA:58,8,0,149
BRDA:58,8,1,0
BRF:18
BRH:12
end_of_record
TN:
SF:src/validation/users.js
FN:6,(anonymous_0)
FN:20,(anonymous_1)
FNF:2
FNH:2
FNDA:60,(anonymous_0)
FNDA:60,(anonymous_1)
DA:3,8
DA:4,8
DA:6,8
DA:7,60
DA:17,60
DA:20,8
DA:21,60
DA:22,6
DA:24,54
DA:25,54
DA:26,1
DA:28,53
DA:31,8
LF:13
LH:13
BRDA:21,0,0,6
BRDA:21,0,1,54
BRDA:25,1,0,1
BRDA:25,1,1,53
BRF:4
BRH:4
end_of_record
